[ 2017-06-19T10:34:02+08:00 ] 127.0.0.1 /zhuoyue/index.php
INFO: [ app_init ] --START--
INFO: Run Behavior\BuildLiteBehavior [ RunTime:0.000027s ]
INFO: [ app_init ] --END-- [ RunTime:0.007008s ]
INFO: [ app_begin ] --START--
INFO: Run Behavior\ReadHtmlCacheBehavior [ RunTime:0.001371s ]
INFO: [ app_begin ] --END-- [ RunTime:0.001494s ]
SQL: SHOW COLUMNS FROM `banner` [ RunTime:0.0369s ]
SQL: SELECT * FROM `banner`  [ RunTime:0.0009s ]
SQL: SHOW COLUMNS FROM `product` [ RunTime:0.0558s ]
SQL: SELECT * FROM `product` ORDER BY name desc LIMIT 1   [ RunTime:0.0029s ]
SQL: SELECT * FROM `product` WHERE ( time < '2017-06-19 10:34:00' ) LIMIT 1   [ RunTime:0.0008s ]
SQL: SELECT * FROM `product` ORDER BY zhuyi desc LIMIT 1   [ RunTime:0.0014s ]
SQL: SELECT * FROM `product` ORDER BY shuoming desc LIMIT 1   [ RunTime:0.0018s ]
SQL: SELECT * FROM `product` ORDER BY time desc LIMIT 1   [ RunTime:0.0009s ]
SQL: SELECT * FROM `product` ORDER BY time desc LIMIT 4   [ RunTime:0.0009s ]
SQL: SELECT * FROM `product` ORDER BY time desc  [ RunTime:0.0017s ]
INFO: [ view_parse ] --START--
INFO: [ template_filter ] --START--
INFO: Run Behavior\ContentReplaceBehavior [ RunTime:0.000230s ]
INFO: [ template_filter ] --END-- [ RunTime:0.000317s ]
NOTIC: [8] Undefined index: title E:\WebServer\wwwroot\zhuoyue\Application\Runtime\Cache\Home\2a94b8bda04ff446dcedd42276fc99ee.php 第 253 行.
NOTIC: [8] Undefined index: title E:\WebServer\wwwroot\zhuoyue\Application\Runtime\Cache\Home\2a94b8bda04ff446dcedd42276fc99ee.php 第 253 行.
NOTIC: [8] Undefined index: title E:\WebServer\wwwroot\zhuoyue\Application\Runtime\Cache\Home\2a94b8bda04ff446dcedd42276fc99ee.php 第 253 行.
NOTIC: [8] Undefined index: title E:\WebServer\wwwroot\zhuoyue\Application\Runtime\Cache\Home\2a94b8bda04ff446dcedd42276fc99ee.php 第 253 行.
INFO: Run Behavior\ParseTemplateBehavior [ RunTime:0.128258s ]
INFO: [ view_parse ] --END-- [ RunTime:0.128540s ]
INFO: [ view_filter ] --START--
INFO: Run Behavior\WriteHtmlCacheBehavior [ RunTime:0.014376s ]
INFO: [ view_filter ] --END-- [ RunTime:0.014480s ]
INFO: [ app_end ] --START--
INFO: Run Behavior\ShowPageTraceBehavior [ RunTime:0.024998s ]
INFO: [ app_end ] --END-- [ RunTime:0.025178s ]

[ 2017-06-19T10:34:04+08:00 ] 127.0.0.1 /zhuoyue/index.php/home/index/chedan
INFO: [ app_init ] --START--
INFO: Run Behavior\BuildLiteBehavior [ RunTime:0.000024s ]
INFO: [ app_init ] --END-- [ RunTime:0.000568s ]
INFO: [ app_begin ] --START--
INFO: Run Behavior\ReadHtmlCacheBehavior [ RunTime:0.000948s ]
INFO: [ app_begin ] --END-- [ RunTime:0.001039s ]
SQL: SHOW COLUMNS FROM `session` [ RunTime:0.0542s ]
SQL: SELECT * FROM `session` WHERE ( states=0 ) ORDER BY id asc LIMIT 1   [ RunTime:0.0005s ]

[ 2017-06-19T10:34:08+08:00 ] 127.0.0.1 /zhuoyue/index.php/home/index/fresh
INFO: [ app_init ] --START--
INFO: Run Behavior\BuildLiteBehavior [ RunTime:0.000015s ]
INFO: [ app_init ] --END-- [ RunTime:0.000390s ]
INFO: [ app_begin ] --START--
INFO: Run Behavior\ReadHtmlCacheBehavior [ RunTime:0.000526s ]
INFO: [ app_begin ] --END-- [ RunTime:0.000587s ]
NOTIC: [8] Undefined index: name E:\WebServer\wwwroot\zhuoyue\Application\Home\Controller\IndexController.class.php 第 39 行.
SQL: SHOW COLUMNS FROM `msg` [ RunTime:0.0446s ]
ERR: SQLSTATE[42000]: Syntax error or access violation: 1064 You have an error in your SQL syntax; check the manual that corresponds to your MySQL server version for the right syntax to use near ') ORDER BY id desc LIMIT 20' at line 1

[ 2017-06-19T10:34:12+08:00 ] 127.0.0.1 /zhuoyue/index.php/Home/News/news
INFO: [ app_init ] --START--
INFO: Run Behavior\BuildLiteBehavior [ RunTime:0.000017s ]
INFO: [ app_init ] --END-- [ RunTime:0.000408s ]
INFO: [ app_begin ] --START--
INFO: Run Behavior\ReadHtmlCacheBehavior [ RunTime:0.000511s ]
INFO: [ app_begin ] --END-- [ RunTime:0.000578s ]
SQL: SHOW COLUMNS FROM `newscate` [ RunTime:0.0347s ]
SQL: SELECT * FROM `newscate`  [ RunTime:0.0003s ]
SQL: SHOW COLUMNS FROM `news` [ RunTime:0.0213s ]
SQL: SELECT * FROM `news` WHERE ( cate = '公司新闻'  ) ORDER BY date desc  [ RunTime:0.0006s ]
SQL: SELECT * FROM `news` WHERE ( cate = '行业动态'  ) ORDER BY date desc  [ RunTime:0.0004s ]
SQL: SELECT * FROM `news` WHERE ( cate = '常见问题'  ) ORDER BY date desc  [ RunTime:0.0005s ]
INFO: [ view_parse ] --START--
INFO: [ template_filter ] --START--
INFO: Run Behavior\ContentReplaceBehavior [ RunTime:0.000129s ]
INFO: [ template_filter ] --END-- [ RunTime:0.000189s ]
INFO: Run Behavior\ParseTemplateBehavior [ RunTime:0.039999s ]
INFO: [ view_parse ] --END-- [ RunTime:0.040086s ]
INFO: [ view_filter ] --START--
INFO: Run Behavior\WriteHtmlCacheBehavior [ RunTime:0.000376s ]
INFO: [ view_filter ] --END-- [ RunTime:0.000422s ]
INFO: [ app_end ] --START--
INFO: Run Behavior\ShowPageTraceBehavior [ RunTime:0.000675s ]
INFO: [ app_end ] --END-- [ RunTime:0.000740s ]

[ 2017-06-19T10:34:17+08:00 ] 127.0.0.1 /zhuoyue/index.php/Home/News/news/2
INFO: [ app_init ] --START--
INFO: Run Behavior\BuildLiteBehavior [ RunTime:0.000021s ]
INFO: [ app_init ] --END-- [ RunTime:0.000544s ]
INFO: [ app_begin ] --START--
INFO: Run Behavior\ReadHtmlCacheBehavior [ RunTime:0.000511s ]
INFO: [ app_begin ] --END-- [ RunTime:0.000573s ]
SQL: SHOW COLUMNS FROM `newscate` [ RunTime:0.0087s ]
SQL: SELECT * FROM `newscate`  [ RunTime:0.0005s ]
SQL: SHOW COLUMNS FROM `news` [ RunTime:0.0093s ]
SQL: SELECT * FROM `news` WHERE ( cate = '公司新闻'  ) ORDER BY date desc  [ RunTime:0.0007s ]
SQL: SELECT * FROM `news` WHERE ( cate = '行业动态'  ) ORDER BY date desc  [ RunTime:0.0006s ]
SQL: SELECT * FROM `news` WHERE ( cate = '常见问题'  ) ORDER BY date desc  [ RunTime:0.0006s ]
INFO: [ view_parse ] --START--
INFO: [ template_filter ] --START--
INFO: Run Behavior\ContentReplaceBehavior [ RunTime:0.000098s ]
INFO: [ template_filter ] --END-- [ RunTime:0.000160s ]
INFO: Run Behavior\ParseTemplateBehavior [ RunTime:0.018471s ]
INFO: [ view_parse ] --END-- [ RunTime:0.018553s ]
INFO: [ view_filter ] --START--
INFO: Run Behavior\WriteHtmlCacheBehavior [ RunTime:0.000221s ]
INFO: [ view_filter ] --END-- [ RunTime:0.000266s ]
INFO: [ app_end ] --START--
INFO: Run Behavior\ShowPageTraceBehavior [ RunTime:0.000669s ]
INFO: [ app_end ] --END-- [ RunTime:0.000735s ]

[ 2017-06-19T10:34:23+08:00 ] 127.0.0.1 /zhuoyue/index.php/home/index/fresh
INFO: [ app_init ] --START--
INFO: Run Behavior\BuildLiteBehavior [ RunTime:0.000015s ]
INFO: [ app_init ] --END-- [ RunTime:0.000377s ]
INFO: [ app_begin ] --START--
INFO: Run Behavior\ReadHtmlCacheBehavior [ RunTime:0.000525s ]
INFO: [ app_begin ] --END-- [ RunTime:0.000594s ]
NOTIC: [8] Undefined index: name E:\WebServer\wwwroot\zhuoyue\Application\Home\Controller\IndexController.class.php 第 39 行.
SQL: SHOW COLUMNS FROM `msg` [ RunTime:0.0054s ]
ERR: SQLSTATE[42000]: Syntax error or access violation: 1064 You have an error in your SQL syntax; check the manual that corresponds to your MySQL server version for the right syntax to use near ') ORDER BY id desc LIMIT 20' at line 1

[ 2017-06-19T10:34:28+08:00 ] 127.0.0.1 /zhuoyue/index.php/home/index/fresh
INFO: [ app_init ] --START--
INFO: Run Behavior\BuildLiteBehavior [ RunTime:0.000036s ]
INFO: [ app_init ] --END-- [ RunTime:0.000904s ]
INFO: [ app_begin ] --START--
INFO: Run Behavior\ReadHtmlCacheBehavior [ RunTime:0.001015s ]
INFO: [ app_begin ] --END-- [ RunTime:0.001141s ]
NOTIC: [8] Undefined index: name E:\WebServer\wwwroot\zhuoyue\Application\Home\Controller\IndexController.class.php 第 39 行.
SQL: SHOW COLUMNS FROM `msg` [ RunTime:0.0097s ]
ERR: SQLSTATE[42000]: Syntax error or access violation: 1064 You have an error in your SQL syntax; check the manual that corresponds to your MySQL server version for the right syntax to use near ') ORDER BY id desc LIMIT 20' at line 1

[ 2017-06-19T10:34:33+08:00 ] 127.0.0.1 /zhuoyue/index.php/home/index/fresh
INFO: [ app_init ] --START--
INFO: Run Behavior\BuildLiteBehavior [ RunTime:0.000012s ]
INFO: [ app_init ] --END-- [ RunTime:0.000333s ]
INFO: [ app_begin ] --START--
INFO: Run Behavior\ReadHtmlCacheBehavior [ RunTime:0.000472s ]
INFO: [ app_begin ] --END-- [ RunTime:0.000523s ]
NOTIC: [8] Undefined index: name E:\WebServer\wwwroot\zhuoyue\Application\Home\Controller\IndexController.class.php 第 39 行.
SQL: SHOW COLUMNS FROM `msg` [ RunTime:0.0145s ]
ERR: SQLSTATE[42000]: Syntax error or access violation: 1064 You have an error in your SQL syntax; check the manual that corresponds to your MySQL server version for the right syntax to use near ') ORDER BY id desc LIMIT 20' at line 1

[ 2017-06-19T10:34:38+08:00 ] 127.0.0.1 /zhuoyue/index.php/home/index/fresh
INFO: [ app_init ] --START--
INFO: Run Behavior\BuildLiteBehavior [ RunTime:0.000043s ]
INFO: [ app_init ] --END-- [ RunTime:0.001115s ]
INFO: [ app_begin ] --START--
INFO: Run Behavior\ReadHtmlCacheBehavior [ RunTime:0.000868s ]
INFO: [ app_begin ] --END-- [ RunTime:0.000972s ]
NOTIC: [8] Undefined index: name E:\WebServer\wwwroot\zhuoyue\Application\Home\Controller\IndexController.class.php 第 39 行.
SQL: SHOW COLUMNS FROM `msg` [ RunTime:0.0125s ]
ERR: SQLSTATE[42000]: Syntax error or access violation: 1064 You have an error in your SQL syntax; check the manual that corresponds to your MySQL server version for the right syntax to use near ') ORDER BY id desc LIMIT 20' at line 1

[ 2017-06-19T10:34:43+08:00 ] 127.0.0.1 /zhuoyue/index.php/home/index/fresh
INFO: [ app_init ] --START--
INFO: Run Behavior\BuildLiteBehavior [ RunTime:0.000013s ]
INFO: [ app_init ] --END-- [ RunTime:0.000334s ]
INFO: [ app_begin ] --START--
INFO: Run Behavior\ReadHtmlCacheBehavior [ RunTime:0.000519s ]
INFO: [ app_begin ] --END-- [ RunTime:0.000579s ]
NOTIC: [8] Undefined index: name E:\WebServer\wwwroot\zhuoyue\Application\Home\Controller\IndexController.class.php 第 39 行.
SQL: SHOW COLUMNS FROM `msg` [ RunTime:0.0149s ]
ERR: SQLSTATE[42000]: Syntax error or access violation: 1064 You have an error in your SQL syntax; check the manual that corresponds to your MySQL server version for the right syntax to use near ') ORDER BY id desc LIMIT 20' at line 1

[ 2017-06-19T10:34:48+08:00 ] 127.0.0.1 /zhuoyue/index.php/home/index/fresh
INFO: [ app_init ] --START--
INFO: Run Behavior\BuildLiteBehavior [ RunTime:0.000031s ]
INFO: [ app_init ] --END-- [ RunTime:0.000812s ]
INFO: [ app_begin ] --START--
INFO: Run Behavior\ReadHtmlCacheBehavior [ RunTime:0.001141s ]
INFO: [ app_begin ] --END-- [ RunTime:0.001270s ]
NOTIC: [8] Undefined index: name E:\WebServer\wwwroot\zhuoyue\Application\Home\Controller\IndexController.class.php 第 39 行.
SQL: SHOW COLUMNS FROM `msg` [ RunTime:0.0147s ]
ERR: SQLSTATE[42000]: Syntax error or access violation: 1064 You have an error in your SQL syntax; check the manual that corresponds to your MySQL server version for the right syntax to use near ') ORDER BY id desc LIMIT 20' at line 1

[ 2017-06-19T10:34:53+08:00 ] 127.0.0.1 /zhuoyue/index.php/home/index/fresh
INFO: [ app_init ] --START--
INFO: Run Behavior\BuildLiteBehavior [ RunTime:0.000027s ]
INFO: [ app_init ] --END-- [ RunTime:0.000650s ]
INFO: [ app_begin ] --START--
INFO: Run Behavior\ReadHtmlCacheBehavior [ RunTime:0.000815s ]
INFO: [ app_begin ] --END-- [ RunTime:0.000910s ]
NOTIC: [8] Undefined index: name E:\WebServer\wwwroot\zhuoyue\Application\Home\Controller\IndexController.class.php 第 39 行.
SQL: SHOW COLUMNS FROM `msg` [ RunTime:0.0150s ]
ERR: SQLSTATE[42000]: Syntax error or access violation: 1064 You have an error in your SQL syntax; check the manual that corresponds to your MySQL server version for the right syntax to use near ') ORDER BY id desc LIMIT 20' at line 1

[ 2017-06-19T10:34:58+08:00 ] 127.0.0.1 /zhuoyue/index.php/home/index/fresh
INFO: [ app_init ] --START--
INFO: Run Behavior\BuildLiteBehavior [ RunTime:0.000013s ]
INFO: [ app_init ] --END-- [ RunTime:0.000341s ]
INFO: [ app_begin ] --START--
INFO: Run Behavior\ReadHtmlCacheBehavior [ RunTime:0.000461s ]
INFO: [ app_begin ] --END-- [ RunTime:0.000514s ]
NOTIC: [8] Undefined index: name E:\WebServer\wwwroot\zhuoyue\Application\Home\Controller\IndexController.class.php 第 39 行.
SQL: SHOW COLUMNS FROM `msg` [ RunTime:0.0147s ]
ERR: SQLSTATE[42000]: Syntax error or access violation: 1064 You have an error in your SQL syntax; check the manual that corresponds to your MySQL server version for the right syntax to use near ') ORDER BY id desc LIMIT 20' at line 1

[ 2017-06-19T10:35:03+08:00 ] 127.0.0.1 /zhuoyue/index.php/home/index/fresh
INFO: [ app_init ] --START--
INFO: Run Behavior\BuildLiteBehavior [ RunTime:0.000015s ]
INFO: [ app_init ] --END-- [ RunTime:0.000384s ]
INFO: [ app_begin ] --START--
INFO: Run Behavior\ReadHtmlCacheBehavior [ RunTime:0.000650s ]
INFO: [ app_begin ] --END-- [ RunTime:0.000721s ]
NOTIC: [8] Undefined index: name E:\WebServer\wwwroot\zhuoyue\Application\Home\Controller\IndexController.class.php 第 39 行.
SQL: SHOW COLUMNS FROM `msg` [ RunTime:0.0058s ]
ERR: SQLSTATE[42000]: Syntax error or access violation: 1064 You have an error in your SQL syntax; check the manual that corresponds to your MySQL server version for the right syntax to use near ') ORDER BY id desc LIMIT 20' at line 1

[ 2017-06-19T10:35:08+08:00 ] 127.0.0.1 /zhuoyue/index.php/home/index/fresh
INFO: [ app_init ] --START--
INFO: Run Behavior\BuildLiteBehavior [ RunTime:0.000018s ]
INFO: [ app_init ] --END-- [ RunTime:0.000424s ]
INFO: [ app_begin ] --START--
INFO: Run Behavior\ReadHtmlCacheBehavior [ RunTime:0.000548s ]
INFO: [ app_begin ] --END-- [ RunTime:0.000612s ]
NOTIC: [8] Undefined index: name E:\WebServer\wwwroot\zhuoyue\Application\Home\Controller\IndexController.class.php 第 39 行.
SQL: SHOW COLUMNS FROM `msg` [ RunTime:0.0076s ]
ERR: SQLSTATE[42000]: Syntax error or access violation: 1064 You have an error in your SQL syntax; check the manual that corresponds to your MySQL server version for the right syntax to use near ') ORDER BY id desc LIMIT 20' at line 1

[ 2017-06-19T10:35:13+08:00 ] 127.0.0.1 /zhuoyue/index.php/home/index/fresh
INFO: [ app_init ] --START--
INFO: Run Behavior\BuildLiteBehavior [ RunTime:0.000016s ]
INFO: [ app_init ] --END-- [ RunTime:0.000381s ]
INFO: [ app_begin ] --START--
INFO: Run Behavior\ReadHtmlCacheBehavior [ RunTime:0.000520s ]
INFO: [ app_begin ] --END-- [ RunTime:0.000580s ]
NOTIC: [8] Undefined index: name E:\WebServer\wwwroot\zhuoyue\Application\Home\Controller\IndexController.class.php 第 39 行.
SQL: SHOW COLUMNS FROM `msg` [ RunTime:0.0071s ]
ERR: SQLSTATE[42000]: Syntax error or access violation: 1064 You have an error in your SQL syntax; check the manual that corresponds to your MySQL server version for the right syntax to use near ') ORDER BY id desc LIMIT 20' at line 1

[ 2017-06-19T10:35:18+08:00 ] 127.0.0.1 /zhuoyue/index.php/home/index/fresh
INFO: [ app_init ] --START--
INFO: Run Behavior\BuildLiteBehavior [ RunTime:0.000015s ]
INFO: [ app_init ] --END-- [ RunTime:0.000347s ]
INFO: [ app_begin ] --START--
INFO: Run Behavior\ReadHtmlCacheBehavior [ RunTime:0.000451s ]
INFO: [ app_begin ] --END-- [ RunTime:0.000502s ]
NOTIC: [8] Undefined index: name E:\WebServer\wwwroot\zhuoyue\Application\Home\Controller\IndexController.class.php 第 39 行.
SQL: SHOW COLUMNS FROM `msg` [ RunTime:0.0071s ]
ERR: SQLSTATE[42000]: Syntax error or access violation: 1064 You have an error in your SQL syntax; check the manual that corresponds to your MySQL server version for the right syntax to use near ') ORDER BY id desc LIMIT 20' at line 1

[ 2017-06-19T10:35:19+08:00 ] 127.0.0.1 /zhuoyue/index.php/Home/News/news/2
INFO: [ app_init ] --START--
INFO: Run Behavior\BuildLiteBehavior [ RunTime:0.000065s ]
INFO: [ app_init ] --END-- [ RunTime:0.000731s ]
INFO: [ app_begin ] --START--
INFO: Run Behavior\ReadHtmlCacheBehavior [ RunTime:0.000803s ]
INFO: [ app_begin ] --END-- [ RunTime:0.000938s ]
SQL: SHOW COLUMNS FROM `newscate` [ RunTime:0.0147s ]
SQL: SELECT * FROM `newscate`  [ RunTime:0.0006s ]
SQL: SHOW COLUMNS FROM `news` [ RunTime:0.0149s ]
SQL: SELECT * FROM `news` WHERE ( cate = '公司新闻'  ) ORDER BY date desc  [ RunTime:0.0012s ]
SQL: SELECT * FROM `news` WHERE ( cate = '行业动态'  ) ORDER BY date desc  [ RunTime:0.0009s ]
SQL: SELECT * FROM `news` WHERE ( cate = '常见问题'  ) ORDER BY date desc  [ RunTime:0.0008s ]
INFO: [ view_parse ] --START--
INFO: [ template_filter ] --START--
INFO: Run Behavior\ContentReplaceBehavior [ RunTime:0.000117s ]
INFO: [ template_filter ] --END-- [ RunTime:0.000219s ]
INFO: Run Behavior\ParseTemplateBehavior [ RunTime:0.018808s ]
INFO: [ view_parse ] --END-- [ RunTime:0.018961s ]
INFO: [ view_filter ] --START--
INFO: Run Behavior\WriteHtmlCacheBehavior [ RunTime:0.000328s ]
INFO: [ view_filter ] --END-- [ RunTime:0.000380s ]
INFO: [ app_end ] --START--
INFO: Run Behavior\ShowPageTraceBehavior [ RunTime:0.000560s ]
INFO: [ app_end ] --END-- [ RunTime:0.000620s ]

[ 2017-06-19T10:35:25+08:00 ] 127.0.0.1 /zhuoyue/index.php/home/index/fresh
INFO: [ app_init ] --START--
INFO: Run Behavior\BuildLiteBehavior [ RunTime:0.000014s ]
INFO: [ app_init ] --END-- [ RunTime:0.000335s ]
INFO: [ app_begin ] --START--
INFO: Run Behavior\ReadHtmlCacheBehavior [ RunTime:0.000445s ]
INFO: [ app_begin ] --END-- [ RunTime:0.000494s ]
NOTIC: [8] Undefined index: name E:\WebServer\wwwroot\zhuoyue\Application\Home\Controller\IndexController.class.php 第 39 行.
SQL: SHOW COLUMNS FROM `msg` [ RunTime:0.0062s ]
ERR: SQLSTATE[42000]: Syntax error or access violation: 1064 You have an error in your SQL syntax; check the manual that corresponds to your MySQL server version for the right syntax to use near ') ORDER BY id desc LIMIT 20' at line 1

[ 2017-06-19T10:35:26+08:00 ] 127.0.0.1 /zhuoyue/index.php/Home/News/news/2
INFO: [ app_init ] --START--
INFO: Run Behavior\BuildLiteBehavior [ RunTime:0.000016s ]
INFO: [ app_init ] --END-- [ RunTime:0.000426s ]
INFO: [ app_begin ] --START--
INFO: Run Behavior\ReadHtmlCacheBehavior [ RunTime:0.000543s ]
INFO: [ app_begin ] --END-- [ RunTime:0.000613s ]
SQL: SHOW COLUMNS FROM `newscate` [ RunTime:0.0157s ]
SQL: SELECT * FROM `newscate`  [ RunTime:0.0007s ]
SQL: SHOW COLUMNS FROM `news` [ RunTime:0.0164s ]
SQL: SELECT * FROM `news` WHERE ( cate = '公司新闻'  ) ORDER BY date desc  [ RunTime:0.0013s ]
SQL: SELECT * FROM `news` WHERE ( cate = '行业动态'  ) ORDER BY date desc  [ RunTime:0.0010s ]
SQL: SELECT * FROM `news` WHERE ( cate = '常见问题'  ) ORDER BY date desc  [ RunTime:0.0010s ]
INFO: [ view_parse ] --START--
INFO: [ template_filter ] --START--
INFO: Run Behavior\ContentReplaceBehavior [ RunTime:0.000114s ]
INFO: [ template_filter ] --END-- [ RunTime:0.000191s ]
INFO: Run Behavior\ParseTemplateBehavior [ RunTime:0.018028s ]
INFO: [ view_parse ] --END-- [ RunTime:0.018143s ]
INFO: [ view_filter ] --START--
INFO: Run Behavior\WriteHtmlCacheBehavior [ RunTime:0.000253s ]
INFO: [ view_filter ] --END-- [ RunTime:0.000300s ]
INFO: [ app_end ] --START--
INFO: Run Behavior\ShowPageTraceBehavior [ RunTime:0.000641s ]
INFO: [ app_end ] --END-- [ RunTime:0.000707s ]

[ 2017-06-19T10:35:32+08:00 ] 127.0.0.1 /zhuoyue/index.php/home/index/fresh
INFO: [ app_init ] --START--
INFO: Run Behavior\BuildLiteBehavior [ RunTime:0.000016s ]
INFO: [ app_init ] --END-- [ RunTime:0.000478s ]
INFO: [ app_begin ] --START--
INFO: Run Behavior\ReadHtmlCacheBehavior [ RunTime:0.000512s ]
INFO: [ app_begin ] --END-- [ RunTime:0.000570s ]
NOTIC: [8] Undefined index: name E:\WebServer\wwwroot\zhuoyue\Application\Home\Controller\IndexController.class.php 第 39 行.
SQL: SHOW COLUMNS FROM `msg` [ RunTime:0.0154s ]
ERR: SQLSTATE[42000]: Syntax error or access violation: 1064 You have an error in your SQL syntax; check the manual that corresponds to your MySQL server version for the right syntax to use near ') ORDER BY id desc LIMIT 20' at line 1

[ 2017-06-19T10:35:37+08:00 ] 127.0.0.1 /zhuoyue/index.php/home/index/fresh
INFO: [ app_init ] --START--
INFO: Run Behavior\BuildLiteBehavior [ RunTime:0.000014s ]
INFO: [ app_init ] --END-- [ RunTime:0.000332s ]
INFO: [ app_begin ] --START--
INFO: Run Behavior\ReadHtmlCacheBehavior [ RunTime:0.000445s ]
INFO: [ app_begin ] --END-- [ RunTime:0.000494s ]
NOTIC: [8] Undefined index: name E:\WebServer\wwwroot\zhuoyue\Application\Home\Controller\IndexController.class.php 第 39 行.
SQL: SHOW COLUMNS FROM `msg` [ RunTime:0.0098s ]
ERR: SQLSTATE[42000]: Syntax error or access violation: 1064 You have an error in your SQL syntax; check the manual that corresponds to your MySQL server version for the right syntax to use near ') ORDER BY id desc LIMIT 20' at line 1

[ 2017-06-19T10:35:42+08:00 ] 127.0.0.1 /zhuoyue/index.php/home/index/fresh
INFO: [ app_init ] --START--
INFO: Run Behavior\BuildLiteBehavior [ RunTime:0.000042s ]
INFO: [ app_init ] --END-- [ RunTime:0.001096s ]
INFO: [ app_begin ] --START--
INFO: Run Behavior\ReadHtmlCacheBehavior [ RunTime:0.000657s ]
INFO: [ app_begin ] --END-- [ RunTime:0.000728s ]
NOTIC: [8] Undefined index: name E:\WebServer\wwwroot\zhuoyue\Application\Home\Controller\IndexController.class.php 第 39 行.
SQL: SHOW COLUMNS FROM `msg` [ RunTime:0.0145s ]
ERR: SQLSTATE[42000]: Syntax error or access violation: 1064 You have an error in your SQL syntax; check the manual that corresponds to your MySQL server version for the right syntax to use near ') ORDER BY id desc LIMIT 20' at line 1

[ 2017-06-19T10:35:47+08:00 ] 127.0.0.1 /zhuoyue/index.php/home/index/fresh
INFO: [ app_init ] --START--
INFO: Run Behavior\BuildLiteBehavior [ RunTime:0.000042s ]
INFO: [ app_init ] --END-- [ RunTime:0.001131s ]
INFO: [ app_begin ] --START--
INFO: Run Behavior\ReadHtmlCacheBehavior [ RunTime:0.001043s ]
INFO: [ app_begin ] --END-- [ RunTime:0.001161s ]
NOTIC: [8] Undefined index: name E:\WebServer\wwwroot\zhuoyue\Application\Home\Controller\IndexController.class.php 第 39 行.
SQL: SHOW COLUMNS FROM `msg` [ RunTime:0.0145s ]
ERR: SQLSTATE[42000]: Syntax error or access violation: 1064 You have an error in your SQL syntax; check the manual that corresponds to your MySQL server version for the right syntax to use near ') ORDER BY id desc LIMIT 20' at line 1

[ 2017-06-19T10:35:52+08:00 ] 127.0.0.1 /zhuoyue/index.php/home/index/fresh
INFO: [ app_init ] --START--
INFO: Run Behavior\BuildLiteBehavior [ RunTime:0.000013s ]
INFO: [ app_init ] --END-- [ RunTime:0.000359s ]
INFO: [ app_begin ] --START--
INFO: Run Behavior\ReadHtmlCacheBehavior [ RunTime:0.000470s ]
INFO: [ app_begin ] --END-- [ RunTime:0.000521s ]
NOTIC: [8] Undefined index: name E:\WebServer\wwwroot\zhuoyue\Application\Home\Controller\IndexController.class.php 第 39 行.
SQL: SHOW COLUMNS FROM `msg` [ RunTime:0.0145s ]
ERR: SQLSTATE[42000]: Syntax error or access violation: 1064 You have an error in your SQL syntax; check the manual that corresponds to your MySQL server version for the right syntax to use near ') ORDER BY id desc LIMIT 20' at line 1

[ 2017-06-19T10:35:57+08:00 ] 127.0.0.1 /zhuoyue/index.php/home/index/fresh
INFO: [ app_init ] --START--
INFO: Run Behavior\BuildLiteBehavior [ RunTime:0.000043s ]
INFO: [ app_init ] --END-- [ RunTime:0.001355s ]
INFO: [ app_begin ] --START--
INFO: Run Behavior\ReadHtmlCacheBehavior [ RunTime:0.000809s ]
INFO: [ app_begin ] --END-- [ RunTime:0.000924s ]
NOTIC: [8] Undefined index: name E:\WebServer\wwwroot\zhuoyue\Application\Home\Controller\IndexController.class.php 第 39 行.
SQL: SHOW COLUMNS FROM `msg` [ RunTime:0.0150s ]
ERR: SQLSTATE[42000]: Syntax error or access violation: 1064 You have an error in your SQL syntax; check the manual that corresponds to your MySQL server version for the right syntax to use near ') ORDER BY id desc LIMIT 20' at line 1

[ 2017-06-19T10:36:02+08:00 ] 127.0.0.1 /zhuoyue/index.php/home/index/fresh
INFO: [ app_init ] --START--
INFO: Run Behavior\BuildLiteBehavior [ RunTime:0.000014s ]
INFO: [ app_init ] --END-- [ RunTime:0.000375s ]
INFO: [ app_begin ] --START--
INFO: Run Behavior\ReadHtmlCacheBehavior [ RunTime:0.000513s ]
INFO: [ app_begin ] --END-- [ RunTime:0.000599s ]
NOTIC: [8] Undefined index: name E:\WebServer\wwwroot\zhuoyue\Application\Home\Controller\IndexController.class.php 第 39 行.
SQL: SHOW COLUMNS FROM `msg` [ RunTime:0.0156s ]
ERR: SQLSTATE[42000]: Syntax error or access violation: 1064 You have an error in your SQL syntax; check the manual that corresponds to your MySQL server version for the right syntax to use near ') ORDER BY id desc LIMIT 20' at line 1

[ 2017-06-19T10:36:07+08:00 ] 127.0.0.1 /zhuoyue/index.php/home/index/fresh
INFO: [ app_init ] --START--
INFO: Run Behavior\BuildLiteBehavior [ RunTime:0.000017s ]
INFO: [ app_init ] --END-- [ RunTime:0.000443s ]
INFO: [ app_begin ] --START--
INFO: Run Behavior\ReadHtmlCacheBehavior [ RunTime:0.000637s ]
INFO: [ app_begin ] --END-- [ RunTime:0.000690s ]
NOTIC: [8] Undefined index: name E:\WebServer\wwwroot\zhuoyue\Application\Home\Controller\IndexController.class.php 第 39 行.
SQL: SHOW COLUMNS FROM `msg` [ RunTime:0.0155s ]
ERR: SQLSTATE[42000]: Syntax error or access violation: 1064 You have an error in your SQL syntax; check the manual that corresponds to your MySQL server version for the right syntax to use near ') ORDER BY id desc LIMIT 20' at line 1

[ 2017-06-19T10:36:12+08:00 ] 127.0.0.1 /zhuoyue/index.php/home/index/fresh
INFO: [ app_init ] --START--
INFO: Run Behavior\BuildLiteBehavior [ RunTime:0.000015s ]
INFO: [ app_init ] --END-- [ RunTime:0.000375s ]
INFO: [ app_begin ] --START--
INFO: Run Behavior\ReadHtmlCacheBehavior [ RunTime:0.000503s ]
INFO: [ app_begin ] --END-- [ RunTime:0.000560s ]
NOTIC: [8] Undefined index: name E:\WebServer\wwwroot\zhuoyue\Application\Home\Controller\IndexController.class.php 第 39 行.
SQL: SHOW COLUMNS FROM `msg` [ RunTime:0.0056s ]
ERR: SQLSTATE[42000]: Syntax error or access violation: 1064 You have an error in your SQL syntax; check the manual that corresponds to your MySQL server version for the right syntax to use near ') ORDER BY id desc LIMIT 20' at line 1

[ 2017-06-19T10:36:17+08:00 ] 127.0.0.1 /zhuoyue/index.php/home/index/fresh
INFO: [ app_init ] --START--
INFO: Run Behavior\BuildLiteBehavior [ RunTime:0.000013s ]
INFO: [ app_init ] --END-- [ RunTime:0.000332s ]
INFO: [ app_begin ] --START--
INFO: Run Behavior\ReadHtmlCacheBehavior [ RunTime:0.000444s ]
INFO: [ app_begin ] --END-- [ RunTime:0.000493s ]
NOTIC: [8] Undefined index: name E:\WebServer\wwwroot\zhuoyue\Application\Home\Controller\IndexController.class.php 第 39 行.
SQL: SHOW COLUMNS FROM `msg` [ RunTime:0.0140s ]
ERR: SQLSTATE[42000]: Syntax error or access violation: 1064 You have an error in your SQL syntax; check the manual that corresponds to your MySQL server version for the right syntax to use near ') ORDER BY id desc LIMIT 20' at line 1

[ 2017-06-19T10:36:22+08:00 ] 127.0.0.1 /zhuoyue/index.php/home/index/fresh
INFO: [ app_init ] --START--
INFO: Run Behavior\BuildLiteBehavior [ RunTime:0.000017s ]
INFO: [ app_init ] --END-- [ RunTime:0.000481s ]
INFO: [ app_begin ] --START--
INFO: Run Behavior\ReadHtmlCacheBehavior [ RunTime:0.000573s ]
INFO: [ app_begin ] --END-- [ RunTime:0.000656s ]
NOTIC: [8] Undefined index: name E:\WebServer\wwwroot\zhuoyue\Application\Home\Controller\IndexController.class.php 第 39 行.
SQL: SHOW COLUMNS FROM `msg` [ RunTime:0.0146s ]
ERR: SQLSTATE[42000]: Syntax error or access violation: 1064 You have an error in your SQL syntax; check the manual that corresponds to your MySQL server version for the right syntax to use near ') ORDER BY id desc LIMIT 20' at line 1

[ 2017-06-19T10:36:27+08:00 ] 127.0.0.1 /zhuoyue/index.php/home/index/fresh
INFO: [ app_init ] --START--
INFO: Run Behavior\BuildLiteBehavior [ RunTime:0.000040s ]
INFO: [ app_init ] --END-- [ RunTime:0.001090s ]
INFO: [ app_begin ] --START--
INFO: Run Behavior\ReadHtmlCacheBehavior [ RunTime:0.001482s ]
INFO: [ app_begin ] --END-- [ RunTime:0.001654s ]
NOTIC: [8] Undefined index: name E:\WebServer\wwwroot\zhuoyue\Application\Home\Controller\IndexController.class.php 第 39 行.
SQL: SHOW COLUMNS FROM `msg` [ RunTime:0.0144s ]
ERR: SQLSTATE[42000]: Syntax error or access violation: 1064 You have an error in your SQL syntax; check the manual that corresponds to your MySQL server version for the right syntax to use near ') ORDER BY id desc LIMIT 20' at line 1

[ 2017-06-19T10:36:32+08:00 ] 127.0.0.1 /zhuoyue/index.php/home/index/fresh
INFO: [ app_init ] --START--
INFO: Run Behavior\BuildLiteBehavior [ RunTime:0.000016s ]
INFO: [ app_init ] --END-- [ RunTime:0.000378s ]
INFO: [ app_begin ] --START--
INFO: Run Behavior\ReadHtmlCacheBehavior [ RunTime:0.000522s ]
INFO: [ app_begin ] --END-- [ RunTime:0.000579s ]
NOTIC: [8] Undefined index: name E:\WebServer\wwwroot\zhuoyue\Application\Home\Controller\IndexController.class.php 第 39 行.
SQL: SHOW COLUMNS FROM `msg` [ RunTime:0.0448s ]
ERR: SQLSTATE[42000]: Syntax error or access violation: 1064 You have an error in your SQL syntax; check the manual that corresponds to your MySQL server version for the right syntax to use near ') ORDER BY id desc LIMIT 20' at line 1

[ 2017-06-19T10:36:37+08:00 ] 127.0.0.1 /zhuoyue/index.php/home/index/fresh
INFO: [ app_init ] --START--
INFO: Run Behavior\BuildLiteBehavior [ RunTime:0.000020s ]
INFO: [ app_init ] --END-- [ RunTime:0.000475s ]
INFO: [ app_begin ] --START--
INFO: Run Behavior\ReadHtmlCacheBehavior [ RunTime:0.000547s ]
INFO: [ app_begin ] --END-- [ RunTime:0.000620s ]
NOTIC: [8] Undefined index: name E:\WebServer\wwwroot\zhuoyue\Application\Home\Controller\IndexController.class.php 第 39 行.
SQL: SHOW COLUMNS FROM `msg` [ RunTime:0.0138s ]
ERR: SQLSTATE[42000]: Syntax error or access violation: 1064 You have an error in your SQL syntax; check the manual that corresponds to your MySQL server version for the right syntax to use near ') ORDER BY id desc LIMIT 20' at line 1

[ 2017-06-19T10:36:42+08:00 ] 127.0.0.1 /zhuoyue/index.php/home/index/fresh
INFO: [ app_init ] --START--
INFO: Run Behavior\BuildLiteBehavior [ RunTime:0.000041s ]
INFO: [ app_init ] --END-- [ RunTime:0.001410s ]
INFO: [ app_begin ] --START--
INFO: Run Behavior\ReadHtmlCacheBehavior [ RunTime:0.001576s ]
INFO: [ app_begin ] --END-- [ RunTime:0.001754s ]
NOTIC: [8] Undefined index: name E:\WebServer\wwwroot\zhuoyue\Application\Home\Controller\IndexController.class.php 第 39 行.
SQL: SHOW COLUMNS FROM `msg` [ RunTime:0.0143s ]
ERR: SQLSTATE[42000]: Syntax error or access violation: 1064 You have an error in your SQL syntax; check the manual that corresponds to your MySQL server version for the right syntax to use near ') ORDER BY id desc LIMIT 20' at line 1

[ 2017-06-19T10:36:47+08:00 ] 127.0.0.1 /zhuoyue/index.php/home/index/fresh
INFO: [ app_init ] --START--
INFO: Run Behavior\BuildLiteBehavior [ RunTime:0.000016s ]
INFO: [ app_init ] --END-- [ RunTime:0.000396s ]
INFO: [ app_begin ] --START--
INFO: Run Behavior\ReadHtmlCacheBehavior [ RunTime:0.000537s ]
INFO: [ app_begin ] --END-- [ RunTime:0.000599s ]
NOTIC: [8] Undefined index: name E:\WebServer\wwwroot\zhuoyue\Application\Home\Controller\IndexController.class.php 第 39 行.
SQL: SHOW COLUMNS FROM `msg` [ RunTime:0.0166s ]
ERR: SQLSTATE[42000]: Syntax error or access violation: 1064 You have an error in your SQL syntax; check the manual that corresponds to your MySQL server version for the right syntax to use near ') ORDER BY id desc LIMIT 20' at line 1

[ 2017-06-19T10:36:53+08:00 ] 127.0.0.1 /zhuoyue/index.php/home/index/fresh
INFO: [ app_init ] --START--
INFO: Run Behavior\BuildLiteBehavior [ RunTime:0.000015s ]
INFO: [ app_init ] --END-- [ RunTime:0.000375s ]
INFO: [ app_begin ] --START--
INFO: Run Behavior\ReadHtmlCacheBehavior [ RunTime:0.000502s ]
INFO: [ app_begin ] --END-- [ RunTime:0.000558s ]
NOTIC: [8] Undefined index: name E:\WebServer\wwwroot\zhuoyue\Application\Home\Controller\IndexController.class.php 第 39 行.
SQL: SHOW COLUMNS FROM `msg` [ RunTime:0.0144s ]
ERR: SQLSTATE[42000]: Syntax error or access violation: 1064 You have an error in your SQL syntax; check the manual that corresponds to your MySQL server version for the right syntax to use near ') ORDER BY id desc LIMIT 20' at line 1

[ 2017-06-19T10:36:57+08:00 ] 127.0.0.1 /zhuoyue/index.php/home/index/fresh
INFO: [ app_init ] --START--
INFO: Run Behavior\BuildLiteBehavior [ RunTime:0.000023s ]
INFO: [ app_init ] --END-- [ RunTime:0.000551s ]
INFO: [ app_begin ] --START--
INFO: Run Behavior\ReadHtmlCacheBehavior [ RunTime:0.000838s ]
INFO: [ app_begin ] --END-- [ RunTime:0.000943s ]
NOTIC: [8] Undefined index: name E:\WebServer\wwwroot\zhuoyue\Application\Home\Controller\IndexController.class.php 第 39 行.
SQL: SHOW COLUMNS FROM `msg` [ RunTime:0.0056s ]
ERR: SQLSTATE[42000]: Syntax error or access violation: 1064 You have an error in your SQL syntax; check the manual that corresponds to your MySQL server version for the right syntax to use near ') ORDER BY id desc LIMIT 20' at line 1

