[ 2017-09-21T09:17:11+08:00 ] 127.0.0.1 /zhuoyue/index.php
INFO: [ app_init ] --START--
INFO: Run Behavior\BuildLiteBehavior [ RunTime:0.000026s ]
INFO: [ app_init ] --END-- [ RunTime:0.014036s ]
INFO: [ app_begin ] --START--
INFO: Run Behavior\ReadHtmlCacheBehavior [ RunTime:0.015603s ]
INFO: [ app_begin ] --END-- [ RunTime:0.015712s ]
SQL: SHOW COLUMNS FROM `banner` [ RunTime:0.0989s ]
SQL: SELECT * FROM `banner`  [ RunTime:0.0108s ]
SQL: SHOW COLUMNS FROM `product` [ RunTime:0.0627s ]
SQL: SELECT * FROM `product` ORDER BY name desc LIMIT 1   [ RunTime:0.0035s ]
SQL: SELECT * FROM `product` WHERE ( time < '2017-09-21 09:17:09' ) LIMIT 1   [ RunTime:0.0014s ]
SQL: SELECT * FROM `product` ORDER BY zhuyi desc LIMIT 1   [ RunTime:0.0018s ]
SQL: SELECT * FROM `product` ORDER BY shuoming desc LIMIT 1   [ RunTime:0.0020s ]
SQL: SELECT * FROM `product` ORDER BY time desc LIMIT 1   [ RunTime:0.0017s ]
SQL: SELECT * FROM `product` ORDER BY time desc LIMIT 4   [ RunTime:0.0011s ]
SQL: SELECT * FROM `product` ORDER BY time desc  [ RunTime:0.0012s ]
INFO: [ view_parse ] --START--
INFO: [ template_filter ] --START--
INFO: Run Behavior\ContentReplaceBehavior [ RunTime:0.000194s ]
INFO: [ template_filter ] --END-- [ RunTime:0.000303s ]
NOTIC: [8] Undefined index: title E:\WebServer\wwwroot\zhuoyue\Application\Runtime\Cache\Home\2a94b8bda04ff446dcedd42276fc99ee.php 第 253 行.
NOTIC: [8] Undefined index: title E:\WebServer\wwwroot\zhuoyue\Application\Runtime\Cache\Home\2a94b8bda04ff446dcedd42276fc99ee.php 第 253 行.
NOTIC: [8] Undefined index: title E:\WebServer\wwwroot\zhuoyue\Application\Runtime\Cache\Home\2a94b8bda04ff446dcedd42276fc99ee.php 第 253 行.
NOTIC: [8] Undefined index: title E:\WebServer\wwwroot\zhuoyue\Application\Runtime\Cache\Home\2a94b8bda04ff446dcedd42276fc99ee.php 第 253 行.
INFO: Run Behavior\ParseTemplateBehavior [ RunTime:0.174435s ]
INFO: [ view_parse ] --END-- [ RunTime:0.174606s ]
INFO: [ view_filter ] --START--
INFO: Run Behavior\WriteHtmlCacheBehavior [ RunTime:0.027819s ]
INFO: [ view_filter ] --END-- [ RunTime:0.027903s ]
INFO: [ app_end ] --START--
INFO: Run Behavior\ShowPageTraceBehavior [ RunTime:0.019994s ]
INFO: [ app_end ] --END-- [ RunTime:0.020102s ]

[ 2017-09-21T09:17:14+08:00 ] 127.0.0.1 /zhuoyue/index.php/home/index/chedan
INFO: [ app_init ] --START--
INFO: Run Behavior\BuildLiteBehavior [ RunTime:0.000014s ]
INFO: [ app_init ] --END-- [ RunTime:0.000386s ]
INFO: [ app_begin ] --START--
INFO: Run Behavior\ReadHtmlCacheBehavior [ RunTime:0.000535s ]
INFO: [ app_begin ] --END-- [ RunTime:0.000587s ]
SQL: SHOW COLUMNS FROM `session` [ RunTime:0.0512s ]
SQL: SELECT * FROM `session` WHERE ( states=0 ) ORDER BY id asc LIMIT 1   [ RunTime:0.0009s ]

