[ 2017-06-17T16:37:06+08:00 ] 127.0.0.1 /zhuoyue/index.php/Home/Product/product
INFO: [ app_init ] --START--
INFO: Run Behavior\BuildLiteBehavior [ RunTime:0.000021s ]
INFO: [ app_init ] --END-- [ RunTime:0.016431s ]
INFO: [ app_begin ] --START--
INFO: Run Behavior\ReadHtmlCacheBehavior [ RunTime:0.015220s ]
INFO: [ app_begin ] --END-- [ RunTime:0.015323s ]
SQL: SHOW COLUMNS FROM `pro_class` [ RunTime:0.0430s ]
SQL: SELECT * FROM `pro_class` WHERE ( fa_class_id=1 )  [ RunTime:0.0005s ]
SQL: SELECT * FROM `pro_class` WHERE ( fa_class_id=2 )  [ RunTime:0.0003s ]
SQL: SELECT * FROM `pro_class` WHERE ( fa_class_id=3 )  [ RunTime:0.0003s ]
SQL: SELECT * FROM `pro_class` WHERE ( fa_class_id=4 )  [ RunTime:0.0006s ]
SQL: SHOW COLUMNS FROM `product` [ RunTime:0.0473s ]
SQL: SELECT * FROM `product`  [ RunTime:0.0015s ]
INFO: [ view_parse ] --START--
INFO: [ template_filter ] --START--
INFO: Run Behavior\ContentReplaceBehavior [ RunTime:0.000197s ]
INFO: [ template_filter ] --END-- [ RunTime:0.000318s ]
INFO: Run Behavior\ParseTemplateBehavior [ RunTime:0.135881s ]
INFO: [ view_parse ] --END-- [ RunTime:0.136011s ]
INFO: [ view_filter ] --START--
INFO: Run Behavior\WriteHtmlCacheBehavior [ RunTime:0.030170s ]
INFO: [ view_filter ] --END-- [ RunTime:0.030258s ]
INFO: [ app_end ] --START--
INFO: Run Behavior\ShowPageTraceBehavior [ RunTime:0.014902s ]
INFO: [ app_end ] --END-- [ RunTime:0.014984s ]

[ 2017-06-17T16:37:13+08:00 ] 127.0.0.1 /zhuoyue/index.php/home/index/chedan
INFO: [ app_init ] --START--
INFO: Run Behavior\BuildLiteBehavior [ RunTime:0.000016s ]
INFO: [ app_init ] --END-- [ RunTime:0.000417s ]
INFO: [ app_begin ] --START--
INFO: Run Behavior\ReadHtmlCacheBehavior [ RunTime:0.000571s ]
INFO: [ app_begin ] --END-- [ RunTime:0.000628s ]
SQL: SHOW COLUMNS FROM `session` [ RunTime:0.0488s ]
SQL: SELECT * FROM `session` WHERE ( states=0 ) ORDER BY id asc LIMIT 1   [ RunTime:0.0004s ]

[ 2017-06-17T16:37:18+08:00 ] 127.0.0.1 /zhuoyue/index.php/home/index/fresh
INFO: [ app_init ] --START--
INFO: Run Behavior\BuildLiteBehavior [ RunTime:0.000024s ]
INFO: [ app_init ] --END-- [ RunTime:0.000582s ]
INFO: [ app_begin ] --START--
INFO: Run Behavior\ReadHtmlCacheBehavior [ RunTime:0.001142s ]
INFO: [ app_begin ] --END-- [ RunTime:0.001269s ]
NOTIC: [8] Undefined index: name E:\WebServer\wwwroot\zhuoyue\Application\Home\Controller\IndexController.class.php 第 39 行.
SQL: SHOW COLUMNS FROM `msg` [ RunTime:0.0422s ]
ERR: SQLSTATE[42000]: Syntax error or access violation: 1064 You have an error in your SQL syntax; check the manual that corresponds to your MySQL server version for the right syntax to use near ') ORDER BY id desc LIMIT 20' at line 1

