[ 2017-11-13T00:23:24+08:00 ] 127.0.0.1 /zhuoyue/index.php
INFO: [ app_init ] --START--
INFO: Run Behavior\BuildLiteBehavior [ RunTime:0.000025s ]
INFO: [ app_init ] --END-- [ RunTime:0.001044s ]
INFO: [ app_begin ] --START--
INFO: Run Behavior\ReadHtmlCacheBehavior [ RunTime:0.001324s ]
INFO: [ app_begin ] --END-- [ RunTime:0.001448s ]
SQL: SHOW COLUMNS FROM `banner` [ RunTime:0.0029s ]
SQL: SELECT * FROM `banner`  [ RunTime:0.0255s ]
SQL: SHOW COLUMNS FROM `product` [ RunTime:0.0026s ]
SQL: SELECT * FROM `product` ORDER BY name desc LIMIT 1   [ RunTime:0.0008s ]
SQL: SELECT * FROM `product` WHERE ( time < '2017-11-13 00:23:23' ) LIMIT 1   [ RunTime:0.0006s ]
SQL: SELECT * FROM `product` ORDER BY zhuyi desc LIMIT 1   [ RunTime:0.0009s ]
SQL: SELECT * FROM `product` ORDER BY shuoming desc LIMIT 1   [ RunTime:0.0053s ]
SQL: SELECT * FROM `product` ORDER BY time desc LIMIT 1   [ RunTime:0.0006s ]
SQL: SELECT * FROM `product` ORDER BY time desc LIMIT 4   [ RunTime:0.0006s ]
SQL: SELECT * FROM `product` ORDER BY time desc  [ RunTime:0.0009s ]
INFO: [ view_parse ] --START--
INFO: [ template_filter ] --START--
INFO: Run Behavior\ContentReplaceBehavior [ RunTime:0.000150s ]
INFO: [ template_filter ] --END-- [ RunTime:0.000212s ]
NOTIC: [8] Undefined index: title E:\WebServer\wwwroot\zhuoyue\Application\Runtime\Cache\Home\2a94b8bda04ff446dcedd42276fc99ee.php 第 253 行.
NOTIC: [8] Undefined index: title E:\WebServer\wwwroot\zhuoyue\Application\Runtime\Cache\Home\2a94b8bda04ff446dcedd42276fc99ee.php 第 253 行.
NOTIC: [8] Undefined index: title E:\WebServer\wwwroot\zhuoyue\Application\Runtime\Cache\Home\2a94b8bda04ff446dcedd42276fc99ee.php 第 253 行.
NOTIC: [8] Undefined index: title E:\WebServer\wwwroot\zhuoyue\Application\Runtime\Cache\Home\2a94b8bda04ff446dcedd42276fc99ee.php 第 253 行.
INFO: Run Behavior\ParseTemplateBehavior [ RunTime:0.249668s ]
INFO: [ view_parse ] --END-- [ RunTime:0.249772s ]
INFO: [ view_filter ] --START--
INFO: Run Behavior\WriteHtmlCacheBehavior [ RunTime:0.030494s ]
INFO: [ view_filter ] --END-- [ RunTime:0.030579s ]
INFO: [ app_end ] --START--
INFO: Run Behavior\ShowPageTraceBehavior [ RunTime:0.016509s ]
INFO: [ app_end ] --END-- [ RunTime:0.016703s ]

[ 2017-11-13T00:23:25+08:00 ] 127.0.0.1 /zhuoyue/index.php/home/index/chedan
INFO: [ app_init ] --START--
INFO: Run Behavior\BuildLiteBehavior [ RunTime:0.000015s ]
INFO: [ app_init ] --END-- [ RunTime:0.000395s ]
INFO: [ app_begin ] --START--
INFO: Run Behavior\ReadHtmlCacheBehavior [ RunTime:0.000487s ]
INFO: [ app_begin ] --END-- [ RunTime:0.000545s ]
SQL: SHOW COLUMNS FROM `session` [ RunTime:0.0020s ]
SQL: SELECT * FROM `session` WHERE ( states=0 ) ORDER BY id asc LIMIT 1   [ RunTime:0.0004s ]

[ 2017-11-13T00:23:28+08:00 ] 127.0.0.1 /zhuoyue/index.php/Home/Show/show/id/34
INFO: [ app_init ] --START--
INFO: Run Behavior\BuildLiteBehavior [ RunTime:0.000017s ]
INFO: [ app_init ] --END-- [ RunTime:0.000405s ]
INFO: [ app_begin ] --START--
INFO: Run Behavior\ReadHtmlCacheBehavior [ RunTime:0.001044s ]
INFO: [ app_begin ] --END-- [ RunTime:0.001130s ]
NOTIC: [2048] Declaration of Home\Controller\ShowController::show() should be compatible with that of Think\Controller::show() E:\WebServer\wwwroot\zhuoyue\Application\Home\Controller\ShowController.class.php 第 12 行.
SQL: SHOW COLUMNS FROM `product` [ RunTime:0.0021s ]
SQL: SELECT * FROM `product` WHERE ( id=34 )  [ RunTime:0.0006s ]
INFO: [ view_parse ] --START--
INFO: [ template_filter ] --START--
INFO: Run Behavior\ContentReplaceBehavior [ RunTime:0.000128s ]
INFO: [ template_filter ] --END-- [ RunTime:0.000263s ]
INFO: Run Behavior\ParseTemplateBehavior [ RunTime:0.042334s ]
INFO: [ view_parse ] --END-- [ RunTime:0.042632s ]
INFO: [ view_filter ] --START--
INFO: Run Behavior\WriteHtmlCacheBehavior [ RunTime:0.001044s ]
INFO: [ view_filter ] --END-- [ RunTime:0.001188s ]
INFO: [ app_end ] --START--
INFO: Run Behavior\ShowPageTraceBehavior [ RunTime:0.000922s ]
INFO: [ app_end ] --END-- [ RunTime:0.001006s ]

[ 2017-11-13T00:23:33+08:00 ] 127.0.0.1 /zhuoyue/index.php/Home/Sitemap/sitemap
INFO: [ app_init ] --START--
INFO: Run Behavior\BuildLiteBehavior [ RunTime:0.000015s ]
INFO: [ app_init ] --END-- [ RunTime:0.000465s ]
INFO: [ app_begin ] --START--
INFO: Run Behavior\ReadHtmlCacheBehavior [ RunTime:0.000849s ]
INFO: [ app_begin ] --END-- [ RunTime:0.000925s ]
INFO: [ view_parse ] --START--
INFO: [ template_filter ] --START--
INFO: Run Behavior\ContentReplaceBehavior [ RunTime:0.000143s ]
INFO: [ template_filter ] --END-- [ RunTime:0.000295s ]
INFO: Run Behavior\ParseTemplateBehavior [ RunTime:0.304059s ]
INFO: [ view_parse ] --END-- [ RunTime:0.304244s ]
INFO: [ view_filter ] --START--
INFO: Run Behavior\WriteHtmlCacheBehavior [ RunTime:0.001753s ]
INFO: [ view_filter ] --END-- [ RunTime:0.001917s ]
INFO: [ app_end ] --START--
INFO: Run Behavior\ShowPageTraceBehavior [ RunTime:0.005148s ]
INFO: [ app_end ] --END-- [ RunTime:0.005639s ]

[ 2017-11-13T00:23:38+08:00 ] 127.0.0.1 /zhuoyue/index.php/home/index/fresh
INFO: [ app_init ] --START--
INFO: Run Behavior\BuildLiteBehavior [ RunTime:0.000017s ]
INFO: [ app_init ] --END-- [ RunTime:0.000461s ]
INFO: [ app_begin ] --START--
INFO: Run Behavior\ReadHtmlCacheBehavior [ RunTime:0.000826s ]
INFO: [ app_begin ] --END-- [ RunTime:0.000903s ]
NOTIC: [8] Undefined index: name E:\WebServer\wwwroot\zhuoyue\Application\Home\Controller\IndexController.class.php 第 39 行.
SQL: SHOW COLUMNS FROM `msg` [ RunTime:0.0019s ]
ERR: SQLSTATE[42000]: Syntax error or access violation: 1064 You have an error in your SQL syntax; check the manual that corresponds to your MySQL server version for the right syntax to use near ') ORDER BY id desc LIMIT 20' at line 1

[ 2017-11-13T00:23:43+08:00 ] 127.0.0.1 /zhuoyue/index.php/home/index/fresh
INFO: [ app_init ] --START--
INFO: Run Behavior\BuildLiteBehavior [ RunTime:0.000013s ]
INFO: [ app_init ] --END-- [ RunTime:0.000372s ]
INFO: [ app_begin ] --START--
INFO: Run Behavior\ReadHtmlCacheBehavior [ RunTime:0.000788s ]
INFO: [ app_begin ] --END-- [ RunTime:0.000848s ]
NOTIC: [8] Undefined index: name E:\WebServer\wwwroot\zhuoyue\Application\Home\Controller\IndexController.class.php 第 39 行.
SQL: SHOW COLUMNS FROM `msg` [ RunTime:0.0020s ]
ERR: SQLSTATE[42000]: Syntax error or access violation: 1064 You have an error in your SQL syntax; check the manual that corresponds to your MySQL server version for the right syntax to use near ') ORDER BY id desc LIMIT 20' at line 1

[ 2017-11-13T00:23:43+08:00 ] 127.0.0.1 /zhuoyue/index.php/Home/Product/product/1
INFO: [ app_init ] --START--
INFO: Run Behavior\BuildLiteBehavior [ RunTime:0.000014s ]
INFO: [ app_init ] --END-- [ RunTime:0.000378s ]
INFO: [ app_begin ] --START--
INFO: Run Behavior\ReadHtmlCacheBehavior [ RunTime:0.000724s ]
INFO: [ app_begin ] --END-- [ RunTime:0.000782s ]
SQL: SHOW COLUMNS FROM `pro_class` [ RunTime:0.0022s ]
SQL: SELECT * FROM `pro_class` WHERE ( fa_class_id=1 )  [ RunTime:0.0005s ]
SQL: SELECT * FROM `pro_class` WHERE ( fa_class_id=2 )  [ RunTime:0.0005s ]
SQL: SELECT * FROM `pro_class` WHERE ( fa_class_id=3 )  [ RunTime:0.0005s ]
SQL: SELECT * FROM `pro_class` WHERE ( fa_class_id=4 )  [ RunTime:0.0004s ]
SQL: SHOW COLUMNS FROM `product` [ RunTime:0.0021s ]
NOTIC: [8] Use of undefined constant xilie - assumed 'xilie' E:\WebServer\wwwroot\zhuoyue\Application\Home\Controller\ProductController.class.php 第 71 行.
SQL: SELECT * FROM `product` WHERE `xilie` = 1  [ RunTime:0.0006s ]
INFO: [ view_parse ] --START--
INFO: [ template_filter ] --START--
INFO: Run Behavior\ContentReplaceBehavior [ RunTime:0.000117s ]
INFO: [ template_filter ] --END-- [ RunTime:0.000178s ]
INFO: Run Behavior\ParseTemplateBehavior [ RunTime:0.038710s ]
INFO: [ view_parse ] --END-- [ RunTime:0.038807s ]
INFO: [ view_filter ] --START--
INFO: Run Behavior\WriteHtmlCacheBehavior [ RunTime:0.000565s ]
INFO: [ view_filter ] --END-- [ RunTime:0.000612s ]
INFO: [ app_end ] --START--
INFO: Run Behavior\ShowPageTraceBehavior [ RunTime:0.001280s ]
INFO: [ app_end ] --END-- [ RunTime:0.001416s ]

[ 2017-11-13T00:23:45+08:00 ] 127.0.0.1 /zhuoyue/index.php/Home/Product/product/3
INFO: [ app_init ] --START--
INFO: Run Behavior\BuildLiteBehavior [ RunTime:0.000016s ]
INFO: [ app_init ] --END-- [ RunTime:0.000443s ]
INFO: [ app_begin ] --START--
INFO: Run Behavior\ReadHtmlCacheBehavior [ RunTime:0.000804s ]
INFO: [ app_begin ] --END-- [ RunTime:0.000874s ]
SQL: SHOW COLUMNS FROM `pro_class` [ RunTime:0.0027s ]
SQL: SELECT * FROM `pro_class` WHERE ( fa_class_id=1 )  [ RunTime:0.0004s ]
SQL: SELECT * FROM `pro_class` WHERE ( fa_class_id=2 )  [ RunTime:0.0003s ]
SQL: SELECT * FROM `pro_class` WHERE ( fa_class_id=3 )  [ RunTime:0.0003s ]
SQL: SELECT * FROM `pro_class` WHERE ( fa_class_id=4 )  [ RunTime:0.0004s ]
SQL: SHOW COLUMNS FROM `product` [ RunTime:0.0025s ]
NOTIC: [8] Use of undefined constant xilie - assumed 'xilie' E:\WebServer\wwwroot\zhuoyue\Application\Home\Controller\ProductController.class.php 第 71 行.
SQL: SELECT * FROM `product` WHERE `xilie` = 3  [ RunTime:0.0006s ]
INFO: [ view_parse ] --START--
INFO: [ template_filter ] --START--
INFO: Run Behavior\ContentReplaceBehavior [ RunTime:0.000117s ]
INFO: [ template_filter ] --END-- [ RunTime:0.000179s ]
INFO: Run Behavior\ParseTemplateBehavior [ RunTime:0.021299s ]
INFO: [ view_parse ] --END-- [ RunTime:0.021375s ]
INFO: [ view_filter ] --START--
INFO: Run Behavior\WriteHtmlCacheBehavior [ RunTime:0.000544s ]
INFO: [ view_filter ] --END-- [ RunTime:0.000594s ]
INFO: [ app_end ] --START--
INFO: Run Behavior\ShowPageTraceBehavior [ RunTime:0.001246s ]
INFO: [ app_end ] --END-- [ RunTime:0.001334s ]

[ 2017-11-13T00:23:46+08:00 ] 127.0.0.1 /zhuoyue/index.php/Home/Product/gett?xilie=3&guangyuan=7&yongtu=0&guangtongliang=0
INFO: [ app_init ] --START--
INFO: Run Behavior\BuildLiteBehavior [ RunTime:0.000014s ]
INFO: [ app_init ] --END-- [ RunTime:0.000490s ]
INFO: [ app_begin ] --START--
INFO: Run Behavior\ReadHtmlCacheBehavior [ RunTime:0.000933s ]
INFO: [ app_begin ] --END-- [ RunTime:0.001008s ]
NOTIC: [8] Use of undefined constant xilie - assumed 'xilie' E:\WebServer\wwwroot\zhuoyue\Application\Home\Controller\ProductController.class.php 第 97 行.
NOTIC: [8] Use of undefined constant guangyuan - assumed 'guangyuan' E:\WebServer\wwwroot\zhuoyue\Application\Home\Controller\ProductController.class.php 第 98 行.
NOTIC: [8] Use of undefined constant yongtu - assumed 'yongtu' E:\WebServer\wwwroot\zhuoyue\Application\Home\Controller\ProductController.class.php 第 99 行.
NOTIC: [8] Use of undefined constant guangtongliang - assumed 'guangtongliang' E:\WebServer\wwwroot\zhuoyue\Application\Home\Controller\ProductController.class.php 第 100 行.
SQL: SHOW COLUMNS FROM `product` [ RunTime:0.0018s ]
SQL: SELECT * FROM `product` WHERE `xilie` = 3 AND `guangyuan` = 7  [ RunTime:0.0007s ]

[ 2017-11-13T00:23:47+08:00 ] 127.0.0.1 /zhuoyue/index.php/Home/Product/gett?xilie=3&guangyuan=8&yongtu=0&guangtongliang=0
INFO: [ app_init ] --START--
INFO: Run Behavior\BuildLiteBehavior [ RunTime:0.000021s ]
INFO: [ app_init ] --END-- [ RunTime:0.000749s ]
INFO: [ app_begin ] --START--
INFO: Run Behavior\ReadHtmlCacheBehavior [ RunTime:0.001585s ]
INFO: [ app_begin ] --END-- [ RunTime:0.001719s ]
NOTIC: [8] Use of undefined constant xilie - assumed 'xilie' E:\WebServer\wwwroot\zhuoyue\Application\Home\Controller\ProductController.class.php 第 97 行.
NOTIC: [8] Use of undefined constant guangyuan - assumed 'guangyuan' E:\WebServer\wwwroot\zhuoyue\Application\Home\Controller\ProductController.class.php 第 98 行.
NOTIC: [8] Use of undefined constant yongtu - assumed 'yongtu' E:\WebServer\wwwroot\zhuoyue\Application\Home\Controller\ProductController.class.php 第 99 行.
NOTIC: [8] Use of undefined constant guangtongliang - assumed 'guangtongliang' E:\WebServer\wwwroot\zhuoyue\Application\Home\Controller\ProductController.class.php 第 100 行.
SQL: SHOW COLUMNS FROM `product` [ RunTime:0.0021s ]
SQL: SELECT * FROM `product` WHERE `xilie` = 3 AND `guangyuan` = 8  [ RunTime:0.0007s ]

[ 2017-11-13T00:23:47+08:00 ] 127.0.0.1 /zhuoyue/index.php/Home/Product/gett?xilie=3&guangyuan=8&yongtu=12&guangtongliang=0
INFO: [ app_init ] --START--
INFO: Run Behavior\BuildLiteBehavior [ RunTime:0.000018s ]
INFO: [ app_init ] --END-- [ RunTime:0.000515s ]
INFO: [ app_begin ] --START--
INFO: Run Behavior\ReadHtmlCacheBehavior [ RunTime:0.000885s ]
INFO: [ app_begin ] --END-- [ RunTime:0.000951s ]
NOTIC: [8] Use of undefined constant xilie - assumed 'xilie' E:\WebServer\wwwroot\zhuoyue\Application\Home\Controller\ProductController.class.php 第 97 行.
NOTIC: [8] Use of undefined constant guangyuan - assumed 'guangyuan' E:\WebServer\wwwroot\zhuoyue\Application\Home\Controller\ProductController.class.php 第 98 行.
NOTIC: [8] Use of undefined constant yongtu - assumed 'yongtu' E:\WebServer\wwwroot\zhuoyue\Application\Home\Controller\ProductController.class.php 第 99 行.
NOTIC: [8] Use of undefined constant guangtongliang - assumed 'guangtongliang' E:\WebServer\wwwroot\zhuoyue\Application\Home\Controller\ProductController.class.php 第 100 行.
SQL: SHOW COLUMNS FROM `product` [ RunTime:0.0022s ]
SQL: SELECT * FROM `product` WHERE `xilie` = 3 AND `guangyuan` = 8 AND `yongtu` = 12  [ RunTime:0.0006s ]

[ 2017-11-13T00:23:48+08:00 ] 127.0.0.1 /zhuoyue/index.php/Home/Product/gett?xilie=3&guangyuan=7&yongtu=12&guangtongliang=0
INFO: [ app_init ] --START--
INFO: Run Behavior\BuildLiteBehavior [ RunTime:0.000014s ]
INFO: [ app_init ] --END-- [ RunTime:0.000385s ]
INFO: [ app_begin ] --START--
INFO: Run Behavior\ReadHtmlCacheBehavior [ RunTime:0.000757s ]
INFO: [ app_begin ] --END-- [ RunTime:0.000817s ]
NOTIC: [8] Use of undefined constant xilie - assumed 'xilie' E:\WebServer\wwwroot\zhuoyue\Application\Home\Controller\ProductController.class.php 第 97 行.
NOTIC: [8] Use of undefined constant guangyuan - assumed 'guangyuan' E:\WebServer\wwwroot\zhuoyue\Application\Home\Controller\ProductController.class.php 第 98 行.
NOTIC: [8] Use of undefined constant yongtu - assumed 'yongtu' E:\WebServer\wwwroot\zhuoyue\Application\Home\Controller\ProductController.class.php 第 99 行.
NOTIC: [8] Use of undefined constant guangtongliang - assumed 'guangtongliang' E:\WebServer\wwwroot\zhuoyue\Application\Home\Controller\ProductController.class.php 第 100 行.
SQL: SHOW COLUMNS FROM `product` [ RunTime:0.0021s ]
SQL: SELECT * FROM `product` WHERE `xilie` = 3 AND `guangyuan` = 7 AND `yongtu` = 12  [ RunTime:0.0007s ]

[ 2017-11-13T00:23:49+08:00 ] 127.0.0.1 /zhuoyue/index.php/Home/Product/gett?xilie=3&guangyuan=8&yongtu=12&guangtongliang=0
INFO: [ app_init ] --START--
INFO: Run Behavior\BuildLiteBehavior [ RunTime:0.000027s ]
INFO: [ app_init ] --END-- [ RunTime:0.000804s ]
INFO: [ app_begin ] --START--
INFO: Run Behavior\ReadHtmlCacheBehavior [ RunTime:0.001474s ]
INFO: [ app_begin ] --END-- [ RunTime:0.001598s ]
NOTIC: [8] Use of undefined constant xilie - assumed 'xilie' E:\WebServer\wwwroot\zhuoyue\Application\Home\Controller\ProductController.class.php 第 97 行.
NOTIC: [8] Use of undefined constant guangyuan - assumed 'guangyuan' E:\WebServer\wwwroot\zhuoyue\Application\Home\Controller\ProductController.class.php 第 98 行.
NOTIC: [8] Use of undefined constant yongtu - assumed 'yongtu' E:\WebServer\wwwroot\zhuoyue\Application\Home\Controller\ProductController.class.php 第 99 行.
NOTIC: [8] Use of undefined constant guangtongliang - assumed 'guangtongliang' E:\WebServer\wwwroot\zhuoyue\Application\Home\Controller\ProductController.class.php 第 100 行.
SQL: SHOW COLUMNS FROM `product` [ RunTime:0.0019s ]
SQL: SELECT * FROM `product` WHERE `xilie` = 3 AND `guangyuan` = 8 AND `yongtu` = 12  [ RunTime:0.0007s ]

[ 2017-11-13T00:23:50+08:00 ] 127.0.0.1 /zhuoyue/index.php/home/index/fresh
INFO: [ app_init ] --START--
INFO: Run Behavior\BuildLiteBehavior [ RunTime:0.000016s ]
INFO: [ app_init ] --END-- [ RunTime:0.000440s ]
INFO: [ app_begin ] --START--
INFO: Run Behavior\ReadHtmlCacheBehavior [ RunTime:0.000858s ]
INFO: [ app_begin ] --END-- [ RunTime:0.000937s ]
NOTIC: [8] Undefined index: name E:\WebServer\wwwroot\zhuoyue\Application\Home\Controller\IndexController.class.php 第 39 行.
SQL: SHOW COLUMNS FROM `msg` [ RunTime:0.0009s ]
ERR: SQLSTATE[42000]: Syntax error or access violation: 1064 You have an error in your SQL syntax; check the manual that corresponds to your MySQL server version for the right syntax to use near ') ORDER BY id desc LIMIT 20' at line 1

[ 2017-11-13T00:23:50+08:00 ] 127.0.0.1 /zhuoyue/index.php/Home/Product/gett?xilie=3&guangyuan=9&yongtu=12&guangtongliang=0
INFO: [ app_init ] --START--
INFO: Run Behavior\BuildLiteBehavior [ RunTime:0.000015s ]
INFO: [ app_init ] --END-- [ RunTime:0.000534s ]
INFO: [ app_begin ] --START--
INFO: Run Behavior\ReadHtmlCacheBehavior [ RunTime:0.000882s ]
INFO: [ app_begin ] --END-- [ RunTime:0.000977s ]
NOTIC: [8] Use of undefined constant xilie - assumed 'xilie' E:\WebServer\wwwroot\zhuoyue\Application\Home\Controller\ProductController.class.php 第 97 行.
NOTIC: [8] Use of undefined constant guangyuan - assumed 'guangyuan' E:\WebServer\wwwroot\zhuoyue\Application\Home\Controller\ProductController.class.php 第 98 行.
NOTIC: [8] Use of undefined constant yongtu - assumed 'yongtu' E:\WebServer\wwwroot\zhuoyue\Application\Home\Controller\ProductController.class.php 第 99 行.
NOTIC: [8] Use of undefined constant guangtongliang - assumed 'guangtongliang' E:\WebServer\wwwroot\zhuoyue\Application\Home\Controller\ProductController.class.php 第 100 行.
SQL: SHOW COLUMNS FROM `product` [ RunTime:0.0018s ]
SQL: SELECT * FROM `product` WHERE `xilie` = 3 AND `guangyuan` = 9 AND `yongtu` = 12  [ RunTime:0.0006s ]

[ 2017-11-13T00:23:51+08:00 ] 127.0.0.1 /zhuoyue/index.php/Home/Product/gett?xilie=3&guangyuan=9&yongtu=13&guangtongliang=0
INFO: [ app_init ] --START--
INFO: Run Behavior\BuildLiteBehavior [ RunTime:0.000017s ]
INFO: [ app_init ] --END-- [ RunTime:0.000468s ]
INFO: [ app_begin ] --START--
INFO: Run Behavior\ReadHtmlCacheBehavior [ RunTime:0.000933s ]
INFO: [ app_begin ] --END-- [ RunTime:0.001010s ]
NOTIC: [8] Use of undefined constant xilie - assumed 'xilie' E:\WebServer\wwwroot\zhuoyue\Application\Home\Controller\ProductController.class.php 第 97 行.
NOTIC: [8] Use of undefined constant guangyuan - assumed 'guangyuan' E:\WebServer\wwwroot\zhuoyue\Application\Home\Controller\ProductController.class.php 第 98 行.
NOTIC: [8] Use of undefined constant yongtu - assumed 'yongtu' E:\WebServer\wwwroot\zhuoyue\Application\Home\Controller\ProductController.class.php 第 99 行.
NOTIC: [8] Use of undefined constant guangtongliang - assumed 'guangtongliang' E:\WebServer\wwwroot\zhuoyue\Application\Home\Controller\ProductController.class.php 第 100 行.
SQL: SHOW COLUMNS FROM `product` [ RunTime:0.0020s ]
SQL: SELECT * FROM `product` WHERE `xilie` = 3 AND `guangyuan` = 9 AND `yongtu` = 13  [ RunTime:0.0007s ]

[ 2017-11-13T00:23:51+08:00 ] 127.0.0.1 /zhuoyue/index.php/Home/Product/gett?xilie=3&guangyuan=9&yongtu=13&guangtongliang=18
INFO: [ app_init ] --START--
INFO: Run Behavior\BuildLiteBehavior [ RunTime:0.000015s ]
INFO: [ app_init ] --END-- [ RunTime:0.000381s ]
INFO: [ app_begin ] --START--
INFO: Run Behavior\ReadHtmlCacheBehavior [ RunTime:0.000738s ]
INFO: [ app_begin ] --END-- [ RunTime:0.000797s ]
NOTIC: [8] Use of undefined constant xilie - assumed 'xilie' E:\WebServer\wwwroot\zhuoyue\Application\Home\Controller\ProductController.class.php 第 97 行.
NOTIC: [8] Use of undefined constant guangyuan - assumed 'guangyuan' E:\WebServer\wwwroot\zhuoyue\Application\Home\Controller\ProductController.class.php 第 98 行.
NOTIC: [8] Use of undefined constant yongtu - assumed 'yongtu' E:\WebServer\wwwroot\zhuoyue\Application\Home\Controller\ProductController.class.php 第 99 行.
NOTIC: [8] Use of undefined constant guangtongliang - assumed 'guangtongliang' E:\WebServer\wwwroot\zhuoyue\Application\Home\Controller\ProductController.class.php 第 100 行.
SQL: SHOW COLUMNS FROM `product` [ RunTime:0.0024s ]
SQL: SELECT * FROM `product` WHERE `xilie` = 3 AND `guangyuan` = 9 AND `yongtu` = 13 AND `guangtongliang` = 18  [ RunTime:0.0006s ]

[ 2017-11-13T00:23:52+08:00 ] 127.0.0.1 /zhuoyue/index.php/Home/Product/gett?xilie=3&guangyuan=9&yongtu=13&guangtongliang=17
INFO: [ app_init ] --START--
INFO: Run Behavior\BuildLiteBehavior [ RunTime:0.000023s ]
INFO: [ app_init ] --END-- [ RunTime:0.000639s ]
INFO: [ app_begin ] --START--
INFO: Run Behavior\ReadHtmlCacheBehavior [ RunTime:0.001206s ]
INFO: [ app_begin ] --END-- [ RunTime:0.001313s ]
NOTIC: [8] Use of undefined constant xilie - assumed 'xilie' E:\WebServer\wwwroot\zhuoyue\Application\Home\Controller\ProductController.class.php 第 97 行.
NOTIC: [8] Use of undefined constant guangyuan - assumed 'guangyuan' E:\WebServer\wwwroot\zhuoyue\Application\Home\Controller\ProductController.class.php 第 98 行.
NOTIC: [8] Use of undefined constant yongtu - assumed 'yongtu' E:\WebServer\wwwroot\zhuoyue\Application\Home\Controller\ProductController.class.php 第 99 行.
NOTIC: [8] Use of undefined constant guangtongliang - assumed 'guangtongliang' E:\WebServer\wwwroot\zhuoyue\Application\Home\Controller\ProductController.class.php 第 100 行.
SQL: SHOW COLUMNS FROM `product` [ RunTime:0.0009s ]
SQL: SELECT * FROM `product` WHERE `xilie` = 3 AND `guangyuan` = 9 AND `yongtu` = 13 AND `guangtongliang` = 17  [ RunTime:0.0006s ]

[ 2017-11-13T00:23:53+08:00 ] 127.0.0.1 /zhuoyue/index.php/Home/Product/gett?xilie=3&guangyuan=9&yongtu=13&guangtongliang=16
INFO: [ app_init ] --START--
INFO: Run Behavior\BuildLiteBehavior [ RunTime:0.000028s ]
INFO: [ app_init ] --END-- [ RunTime:0.000775s ]
INFO: [ app_begin ] --START--
INFO: Run Behavior\ReadHtmlCacheBehavior [ RunTime:0.000743s ]
INFO: [ app_begin ] --END-- [ RunTime:0.000805s ]
NOTIC: [8] Use of undefined constant xilie - assumed 'xilie' E:\WebServer\wwwroot\zhuoyue\Application\Home\Controller\ProductController.class.php 第 97 行.
NOTIC: [8] Use of undefined constant guangyuan - assumed 'guangyuan' E:\WebServer\wwwroot\zhuoyue\Application\Home\Controller\ProductController.class.php 第 98 行.
NOTIC: [8] Use of undefined constant yongtu - assumed 'yongtu' E:\WebServer\wwwroot\zhuoyue\Application\Home\Controller\ProductController.class.php 第 99 行.
NOTIC: [8] Use of undefined constant guangtongliang - assumed 'guangtongliang' E:\WebServer\wwwroot\zhuoyue\Application\Home\Controller\ProductController.class.php 第 100 行.
SQL: SHOW COLUMNS FROM `product` [ RunTime:0.0028s ]
SQL: SELECT * FROM `product` WHERE `xilie` = 3 AND `guangyuan` = 9 AND `yongtu` = 13 AND `guangtongliang` = 16  [ RunTime:0.0006s ]

[ 2017-11-13T00:23:53+08:00 ] 127.0.0.1 /zhuoyue/index.php/Home/Product/gett?xilie=3&guangyuan=9&yongtu=13&guangtongliang=0
INFO: [ app_init ] --START--
INFO: Run Behavior\BuildLiteBehavior [ RunTime:0.000028s ]
INFO: [ app_init ] --END-- [ RunTime:0.000736s ]
INFO: [ app_begin ] --START--
INFO: Run Behavior\ReadHtmlCacheBehavior [ RunTime:0.000745s ]
INFO: [ app_begin ] --END-- [ RunTime:0.000809s ]
NOTIC: [8] Use of undefined constant xilie - assumed 'xilie' E:\WebServer\wwwroot\zhuoyue\Application\Home\Controller\ProductController.class.php 第 97 行.
NOTIC: [8] Use of undefined constant guangyuan - assumed 'guangyuan' E:\WebServer\wwwroot\zhuoyue\Application\Home\Controller\ProductController.class.php 第 98 行.
NOTIC: [8] Use of undefined constant yongtu - assumed 'yongtu' E:\WebServer\wwwroot\zhuoyue\Application\Home\Controller\ProductController.class.php 第 99 行.
NOTIC: [8] Use of undefined constant guangtongliang - assumed 'guangtongliang' E:\WebServer\wwwroot\zhuoyue\Application\Home\Controller\ProductController.class.php 第 100 行.
SQL: SHOW COLUMNS FROM `product` [ RunTime:0.0010s ]
SQL: SELECT * FROM `product` WHERE `xilie` = 3 AND `guangyuan` = 9 AND `yongtu` = 13  [ RunTime:0.0007s ]

[ 2017-11-13T00:23:54+08:00 ] 127.0.0.1 /zhuoyue/index.php/Home/Product/gett?xilie=3&guangyuan=9&yongtu=0&guangtongliang=0
INFO: [ app_init ] --START--
INFO: Run Behavior\BuildLiteBehavior [ RunTime:0.000033s ]
INFO: [ app_init ] --END-- [ RunTime:0.000714s ]
INFO: [ app_begin ] --START--
INFO: Run Behavior\ReadHtmlCacheBehavior [ RunTime:0.001435s ]
INFO: [ app_begin ] --END-- [ RunTime:0.001548s ]
NOTIC: [8] Use of undefined constant xilie - assumed 'xilie' E:\WebServer\wwwroot\zhuoyue\Application\Home\Controller\ProductController.class.php 第 97 行.
NOTIC: [8] Use of undefined constant guangyuan - assumed 'guangyuan' E:\WebServer\wwwroot\zhuoyue\Application\Home\Controller\ProductController.class.php 第 98 行.
NOTIC: [8] Use of undefined constant yongtu - assumed 'yongtu' E:\WebServer\wwwroot\zhuoyue\Application\Home\Controller\ProductController.class.php 第 99 行.
NOTIC: [8] Use of undefined constant guangtongliang - assumed 'guangtongliang' E:\WebServer\wwwroot\zhuoyue\Application\Home\Controller\ProductController.class.php 第 100 行.
SQL: SHOW COLUMNS FROM `product` [ RunTime:0.0018s ]
SQL: SELECT * FROM `product` WHERE `xilie` = 3 AND `guangyuan` = 9  [ RunTime:0.0006s ]

[ 2017-11-13T00:23:55+08:00 ] 127.0.0.1 /zhuoyue/index.php/Home/Product/gett?xilie=3&guangyuan=0&yongtu=0&guangtongliang=0
INFO: [ app_init ] --START--
INFO: Run Behavior\BuildLiteBehavior [ RunTime:0.000014s ]
INFO: [ app_init ] --END-- [ RunTime:0.000386s ]
INFO: [ app_begin ] --START--
INFO: Run Behavior\ReadHtmlCacheBehavior [ RunTime:0.000728s ]
INFO: [ app_begin ] --END-- [ RunTime:0.000782s ]
NOTIC: [8] Use of undefined constant xilie - assumed 'xilie' E:\WebServer\wwwroot\zhuoyue\Application\Home\Controller\ProductController.class.php 第 97 行.
NOTIC: [8] Use of undefined constant guangyuan - assumed 'guangyuan' E:\WebServer\wwwroot\zhuoyue\Application\Home\Controller\ProductController.class.php 第 98 行.
NOTIC: [8] Use of undefined constant yongtu - assumed 'yongtu' E:\WebServer\wwwroot\zhuoyue\Application\Home\Controller\ProductController.class.php 第 99 行.
NOTIC: [8] Use of undefined constant guangtongliang - assumed 'guangtongliang' E:\WebServer\wwwroot\zhuoyue\Application\Home\Controller\ProductController.class.php 第 100 行.
SQL: SHOW COLUMNS FROM `product` [ RunTime:0.0022s ]
SQL: SELECT * FROM `product` WHERE `xilie` = 3  [ RunTime:0.0007s ]

[ 2017-11-13T00:23:55+08:00 ] 127.0.0.1 /zhuoyue/index.php/home/index/fresh
INFO: [ app_init ] --START--
INFO: Run Behavior\BuildLiteBehavior [ RunTime:0.000032s ]
INFO: [ app_init ] --END-- [ RunTime:0.000906s ]
INFO: [ app_begin ] --START--
INFO: Run Behavior\ReadHtmlCacheBehavior [ RunTime:0.000796s ]
INFO: [ app_begin ] --END-- [ RunTime:0.000861s ]
NOTIC: [8] Undefined index: name E:\WebServer\wwwroot\zhuoyue\Application\Home\Controller\IndexController.class.php 第 39 行.
SQL: SHOW COLUMNS FROM `msg` [ RunTime:0.0021s ]
ERR: SQLSTATE[42000]: Syntax error or access violation: 1064 You have an error in your SQL syntax; check the manual that corresponds to your MySQL server version for the right syntax to use near ') ORDER BY id desc LIMIT 20' at line 1

[ 2017-11-13T00:23:56+08:00 ] 127.0.0.1 /zhuoyue/index.php/Home/Product/gett?xilie=3&guangyuan=0&yongtu=0&guangtongliang=0
INFO: [ app_init ] --START--
INFO: Run Behavior\BuildLiteBehavior [ RunTime:0.000025s ]
INFO: [ app_init ] --END-- [ RunTime:0.000722s ]
INFO: [ app_begin ] --START--
INFO: Run Behavior\ReadHtmlCacheBehavior [ RunTime:0.001282s ]
INFO: [ app_begin ] --END-- [ RunTime:0.001382s ]
NOTIC: [8] Use of undefined constant xilie - assumed 'xilie' E:\WebServer\wwwroot\zhuoyue\Application\Home\Controller\ProductController.class.php 第 97 行.
NOTIC: [8] Use of undefined constant guangyuan - assumed 'guangyuan' E:\WebServer\wwwroot\zhuoyue\Application\Home\Controller\ProductController.class.php 第 98 行.
NOTIC: [8] Use of undefined constant yongtu - assumed 'yongtu' E:\WebServer\wwwroot\zhuoyue\Application\Home\Controller\ProductController.class.php 第 99 行.
NOTIC: [8] Use of undefined constant guangtongliang - assumed 'guangtongliang' E:\WebServer\wwwroot\zhuoyue\Application\Home\Controller\ProductController.class.php 第 100 行.
SQL: SHOW COLUMNS FROM `product` [ RunTime:0.0009s ]
SQL: SELECT * FROM `product` WHERE `xilie` = 3  [ RunTime:0.0005s ]

[ 2017-11-13T00:23:58+08:00 ] 127.0.0.1 /zhuoyue/index.php/Home/Product/gett?xilie=3&guangyuan=7&yongtu=0&guangtongliang=0
INFO: [ app_init ] --START--
INFO: Run Behavior\BuildLiteBehavior [ RunTime:0.000016s ]
INFO: [ app_init ] --END-- [ RunTime:0.000436s ]
INFO: [ app_begin ] --START--
INFO: Run Behavior\ReadHtmlCacheBehavior [ RunTime:0.000739s ]
INFO: [ app_begin ] --END-- [ RunTime:0.000795s ]
NOTIC: [8] Use of undefined constant xilie - assumed 'xilie' E:\WebServer\wwwroot\zhuoyue\Application\Home\Controller\ProductController.class.php 第 97 行.
NOTIC: [8] Use of undefined constant guangyuan - assumed 'guangyuan' E:\WebServer\wwwroot\zhuoyue\Application\Home\Controller\ProductController.class.php 第 98 行.
NOTIC: [8] Use of undefined constant yongtu - assumed 'yongtu' E:\WebServer\wwwroot\zhuoyue\Application\Home\Controller\ProductController.class.php 第 99 行.
NOTIC: [8] Use of undefined constant guangtongliang - assumed 'guangtongliang' E:\WebServer\wwwroot\zhuoyue\Application\Home\Controller\ProductController.class.php 第 100 行.
SQL: SHOW COLUMNS FROM `product` [ RunTime:0.0011s ]
SQL: SELECT * FROM `product` WHERE `xilie` = 3 AND `guangyuan` = 7  [ RunTime:0.0007s ]

[ 2017-11-13T00:23:59+08:00 ] 127.0.0.1 /zhuoyue/index.php/Home/Product/gett?xilie=3&guangyuan=8&yongtu=0&guangtongliang=0
INFO: [ app_init ] --START--
INFO: Run Behavior\BuildLiteBehavior [ RunTime:0.000013s ]
INFO: [ app_init ] --END-- [ RunTime:0.000401s ]
INFO: [ app_begin ] --START--
INFO: Run Behavior\ReadHtmlCacheBehavior [ RunTime:0.000722s ]
INFO: [ app_begin ] --END-- [ RunTime:0.000776s ]
NOTIC: [8] Use of undefined constant xilie - assumed 'xilie' E:\WebServer\wwwroot\zhuoyue\Application\Home\Controller\ProductController.class.php 第 97 行.
NOTIC: [8] Use of undefined constant guangyuan - assumed 'guangyuan' E:\WebServer\wwwroot\zhuoyue\Application\Home\Controller\ProductController.class.php 第 98 行.
NOTIC: [8] Use of undefined constant yongtu - assumed 'yongtu' E:\WebServer\wwwroot\zhuoyue\Application\Home\Controller\ProductController.class.php 第 99 行.
NOTIC: [8] Use of undefined constant guangtongliang - assumed 'guangtongliang' E:\WebServer\wwwroot\zhuoyue\Application\Home\Controller\ProductController.class.php 第 100 行.
SQL: SHOW COLUMNS FROM `product` [ RunTime:0.0009s ]
SQL: SELECT * FROM `product` WHERE `xilie` = 3 AND `guangyuan` = 8  [ RunTime:0.0007s ]

[ 2017-11-13T00:23:59+08:00 ] 127.0.0.1 /zhuoyue/index.php/Home/Product/gett?xilie=3&guangyuan=8&yongtu=12&guangtongliang=0
INFO: [ app_init ] --START--
INFO: Run Behavior\BuildLiteBehavior [ RunTime:0.000022s ]
INFO: [ app_init ] --END-- [ RunTime:0.000705s ]
INFO: [ app_begin ] --START--
INFO: Run Behavior\ReadHtmlCacheBehavior [ RunTime:0.000729s ]
INFO: [ app_begin ] --END-- [ RunTime:0.000783s ]
NOTIC: [8] Use of undefined constant xilie - assumed 'xilie' E:\WebServer\wwwroot\zhuoyue\Application\Home\Controller\ProductController.class.php 第 97 行.
NOTIC: [8] Use of undefined constant guangyuan - assumed 'guangyuan' E:\WebServer\wwwroot\zhuoyue\Application\Home\Controller\ProductController.class.php 第 98 行.
NOTIC: [8] Use of undefined constant yongtu - assumed 'yongtu' E:\WebServer\wwwroot\zhuoyue\Application\Home\Controller\ProductController.class.php 第 99 行.
NOTIC: [8] Use of undefined constant guangtongliang - assumed 'guangtongliang' E:\WebServer\wwwroot\zhuoyue\Application\Home\Controller\ProductController.class.php 第 100 行.
SQL: SHOW COLUMNS FROM `product` [ RunTime:0.0010s ]
SQL: SELECT * FROM `product` WHERE `xilie` = 3 AND `guangyuan` = 8 AND `yongtu` = 12  [ RunTime:0.0005s ]

[ 2017-11-13T00:24:00+08:00 ] 127.0.0.1 /zhuoyue/index.php/Home/Product/gett?xilie=3&guangyuan=8&yongtu=12&guangtongliang=18
INFO: [ app_init ] --START--
INFO: Run Behavior\BuildLiteBehavior [ RunTime:0.000025s ]
INFO: [ app_init ] --END-- [ RunTime:0.001800s ]
INFO: [ app_begin ] --START--
INFO: Run Behavior\ReadHtmlCacheBehavior [ RunTime:0.001189s ]
INFO: [ app_begin ] --END-- [ RunTime:0.001279s ]
NOTIC: [8] Use of undefined constant xilie - assumed 'xilie' E:\WebServer\wwwroot\zhuoyue\Application\Home\Controller\ProductController.class.php 第 97 行.
NOTIC: [8] Use of undefined constant guangyuan - assumed 'guangyuan' E:\WebServer\wwwroot\zhuoyue\Application\Home\Controller\ProductController.class.php 第 98 行.
NOTIC: [8] Use of undefined constant yongtu - assumed 'yongtu' E:\WebServer\wwwroot\zhuoyue\Application\Home\Controller\ProductController.class.php 第 99 行.
NOTIC: [8] Use of undefined constant guangtongliang - assumed 'guangtongliang' E:\WebServer\wwwroot\zhuoyue\Application\Home\Controller\ProductController.class.php 第 100 行.
SQL: SHOW COLUMNS FROM `product` [ RunTime:0.0012s ]
SQL: SELECT * FROM `product` WHERE `xilie` = 3 AND `guangyuan` = 8 AND `yongtu` = 12 AND `guangtongliang` = 18  [ RunTime:0.0006s ]

[ 2017-11-13T00:24:00+08:00 ] 127.0.0.1 /zhuoyue/index.php/home/index/fresh
INFO: [ app_init ] --START--
INFO: Run Behavior\BuildLiteBehavior [ RunTime:0.000014s ]
INFO: [ app_init ] --END-- [ RunTime:0.000379s ]
INFO: [ app_begin ] --START--
INFO: Run Behavior\ReadHtmlCacheBehavior [ RunTime:0.000745s ]
INFO: [ app_begin ] --END-- [ RunTime:0.000799s ]
NOTIC: [8] Undefined index: name E:\WebServer\wwwroot\zhuoyue\Application\Home\Controller\IndexController.class.php 第 39 行.
SQL: SHOW COLUMNS FROM `msg` [ RunTime:0.0021s ]
ERR: SQLSTATE[42000]: Syntax error or access violation: 1064 You have an error in your SQL syntax; check the manual that corresponds to your MySQL server version for the right syntax to use near ') ORDER BY id desc LIMIT 20' at line 1

[ 2017-11-13T00:24:01+08:00 ] 127.0.0.1 /zhuoyue/index.php/Home/Product/gett?xilie=3&guangyuan=8&yongtu=12&guangtongliang=17
INFO: [ app_init ] --START--
INFO: Run Behavior\BuildLiteBehavior [ RunTime:0.000026s ]
INFO: [ app_init ] --END-- [ RunTime:0.000728s ]
INFO: [ app_begin ] --START--
INFO: Run Behavior\ReadHtmlCacheBehavior [ RunTime:0.001342s ]
INFO: [ app_begin ] --END-- [ RunTime:0.001445s ]
NOTIC: [8] Use of undefined constant xilie - assumed 'xilie' E:\WebServer\wwwroot\zhuoyue\Application\Home\Controller\ProductController.class.php 第 97 行.
NOTIC: [8] Use of undefined constant guangyuan - assumed 'guangyuan' E:\WebServer\wwwroot\zhuoyue\Application\Home\Controller\ProductController.class.php 第 98 行.
NOTIC: [8] Use of undefined constant yongtu - assumed 'yongtu' E:\WebServer\wwwroot\zhuoyue\Application\Home\Controller\ProductController.class.php 第 99 行.
NOTIC: [8] Use of undefined constant guangtongliang - assumed 'guangtongliang' E:\WebServer\wwwroot\zhuoyue\Application\Home\Controller\ProductController.class.php 第 100 行.
SQL: SHOW COLUMNS FROM `product` [ RunTime:0.0009s ]
SQL: SELECT * FROM `product` WHERE `xilie` = 3 AND `guangyuan` = 8 AND `yongtu` = 12 AND `guangtongliang` = 17  [ RunTime:0.0006s ]

[ 2017-11-13T00:24:02+08:00 ] 127.0.0.1 /zhuoyue/index.php/Home/Product/gett?xilie=3&guangyuan=8&yongtu=12&guangtongliang=17
INFO: [ app_init ] --START--
INFO: Run Behavior\BuildLiteBehavior [ RunTime:0.000046s ]
INFO: [ app_init ] --END-- [ RunTime:0.001772s ]
INFO: [ app_begin ] --START--
INFO: Run Behavior\ReadHtmlCacheBehavior [ RunTime:0.000957s ]
INFO: [ app_begin ] --END-- [ RunTime:0.001026s ]
NOTIC: [8] Use of undefined constant xilie - assumed 'xilie' E:\WebServer\wwwroot\zhuoyue\Application\Home\Controller\ProductController.class.php 第 97 行.
NOTIC: [8] Use of undefined constant guangyuan - assumed 'guangyuan' E:\WebServer\wwwroot\zhuoyue\Application\Home\Controller\ProductController.class.php 第 98 行.
NOTIC: [8] Use of undefined constant yongtu - assumed 'yongtu' E:\WebServer\wwwroot\zhuoyue\Application\Home\Controller\ProductController.class.php 第 99 行.
NOTIC: [8] Use of undefined constant guangtongliang - assumed 'guangtongliang' E:\WebServer\wwwroot\zhuoyue\Application\Home\Controller\ProductController.class.php 第 100 行.
SQL: SHOW COLUMNS FROM `product` [ RunTime:0.0011s ]
SQL: SELECT * FROM `product` WHERE `xilie` = 3 AND `guangyuan` = 8 AND `yongtu` = 12 AND `guangtongliang` = 17  [ RunTime:0.0007s ]

[ 2017-11-13T00:24:03+08:00 ] 127.0.0.1 /zhuoyue/index.php/Home/Product/gett?xilie=3&guangyuan=8&yongtu=12&guangtongliang=17
INFO: [ app_init ] --START--
INFO: Run Behavior\BuildLiteBehavior [ RunTime:0.000013s ]
INFO: [ app_init ] --END-- [ RunTime:0.000376s ]
INFO: [ app_begin ] --START--
INFO: Run Behavior\ReadHtmlCacheBehavior [ RunTime:0.000721s ]
INFO: [ app_begin ] --END-- [ RunTime:0.000777s ]
NOTIC: [8] Use of undefined constant xilie - assumed 'xilie' E:\WebServer\wwwroot\zhuoyue\Application\Home\Controller\ProductController.class.php 第 97 行.
NOTIC: [8] Use of undefined constant guangyuan - assumed 'guangyuan' E:\WebServer\wwwroot\zhuoyue\Application\Home\Controller\ProductController.class.php 第 98 行.
NOTIC: [8] Use of undefined constant yongtu - assumed 'yongtu' E:\WebServer\wwwroot\zhuoyue\Application\Home\Controller\ProductController.class.php 第 99 行.
NOTIC: [8] Use of undefined constant guangtongliang - assumed 'guangtongliang' E:\WebServer\wwwroot\zhuoyue\Application\Home\Controller\ProductController.class.php 第 100 行.
SQL: SHOW COLUMNS FROM `product` [ RunTime:0.0009s ]
SQL: SELECT * FROM `product` WHERE `xilie` = 3 AND `guangyuan` = 8 AND `yongtu` = 12 AND `guangtongliang` = 17  [ RunTime:0.0005s ]

[ 2017-11-13T00:24:04+08:00 ] 127.0.0.1 /zhuoyue/index.php/Home/Product/gett?xilie=3&guangyuan=8&yongtu=12&guangtongliang=0
INFO: [ app_init ] --START--
INFO: Run Behavior\BuildLiteBehavior [ RunTime:0.000013s ]
INFO: [ app_init ] --END-- [ RunTime:0.000378s ]
INFO: [ app_begin ] --START--
INFO: Run Behavior\ReadHtmlCacheBehavior [ RunTime:0.000724s ]
INFO: [ app_begin ] --END-- [ RunTime:0.000778s ]
NOTIC: [8] Use of undefined constant xilie - assumed 'xilie' E:\WebServer\wwwroot\zhuoyue\Application\Home\Controller\ProductController.class.php 第 97 行.
NOTIC: [8] Use of undefined constant guangyuan - assumed 'guangyuan' E:\WebServer\wwwroot\zhuoyue\Application\Home\Controller\ProductController.class.php 第 98 行.
NOTIC: [8] Use of undefined constant yongtu - assumed 'yongtu' E:\WebServer\wwwroot\zhuoyue\Application\Home\Controller\ProductController.class.php 第 99 行.
NOTIC: [8] Use of undefined constant guangtongliang - assumed 'guangtongliang' E:\WebServer\wwwroot\zhuoyue\Application\Home\Controller\ProductController.class.php 第 100 行.
SQL: SHOW COLUMNS FROM `product` [ RunTime:0.0011s ]
SQL: SELECT * FROM `product` WHERE `xilie` = 3 AND `guangyuan` = 8 AND `yongtu` = 12  [ RunTime:0.0006s ]

[ 2017-11-13T00:24:05+08:00 ] 127.0.0.1 /zhuoyue/index.php/home/index/fresh
INFO: [ app_init ] --START--
INFO: Run Behavior\BuildLiteBehavior [ RunTime:0.000014s ]
INFO: [ app_init ] --END-- [ RunTime:0.000382s ]
INFO: [ app_begin ] --START--
INFO: Run Behavior\ReadHtmlCacheBehavior [ RunTime:0.001287s ]
INFO: [ app_begin ] --END-- [ RunTime:0.001370s ]
NOTIC: [8] Undefined index: name E:\WebServer\wwwroot\zhuoyue\Application\Home\Controller\IndexController.class.php 第 39 行.
SQL: SHOW COLUMNS FROM `msg` [ RunTime:0.0016s ]
ERR: SQLSTATE[42000]: Syntax error or access violation: 1064 You have an error in your SQL syntax; check the manual that corresponds to your MySQL server version for the right syntax to use near ') ORDER BY id desc LIMIT 20' at line 1

[ 2017-11-13T00:24:05+08:00 ] 127.0.0.1 /zhuoyue/index.php/Home/Show/show/id/25
INFO: [ app_init ] --START--
INFO: Run Behavior\BuildLiteBehavior [ RunTime:0.000014s ]
INFO: [ app_init ] --END-- [ RunTime:0.000426s ]
INFO: [ app_begin ] --START--
INFO: Run Behavior\ReadHtmlCacheBehavior [ RunTime:0.000716s ]
INFO: [ app_begin ] --END-- [ RunTime:0.000775s ]
NOTIC: [2048] Declaration of Home\Controller\ShowController::show() should be compatible with that of Think\Controller::show() E:\WebServer\wwwroot\zhuoyue\Application\Home\Controller\ShowController.class.php 第 12 行.
SQL: SHOW COLUMNS FROM `product` [ RunTime:0.0011s ]
SQL: SELECT * FROM `product` WHERE ( id=25 )  [ RunTime:0.0006s ]
INFO: [ view_parse ] --START--
INFO: [ template_filter ] --START--
INFO: Run Behavior\ContentReplaceBehavior [ RunTime:0.000106s ]
INFO: [ template_filter ] --END-- [ RunTime:0.000175s ]
INFO: Run Behavior\ParseTemplateBehavior [ RunTime:0.017576s ]
INFO: [ view_parse ] --END-- [ RunTime:0.017710s ]
INFO: [ view_filter ] --START--
INFO: Run Behavior\WriteHtmlCacheBehavior [ RunTime:0.001926s ]
INFO: [ view_filter ] --END-- [ RunTime:0.002002s ]
INFO: [ app_end ] --START--
INFO: Run Behavior\ShowPageTraceBehavior [ RunTime:0.000945s ]
INFO: [ app_end ] --END-- [ RunTime:0.001042s ]

[ 2017-11-13T18:11:45+08:00 ] 127.0.0.1 /zhuoyue/index.php
INFO: [ app_init ] --START--
INFO: Run Behavior\BuildLiteBehavior [ RunTime:0.000025s ]
INFO: [ app_init ] --END-- [ RunTime:0.015128s ]
INFO: [ app_begin ] --START--
INFO: Run Behavior\ReadHtmlCacheBehavior [ RunTime:0.015017s ]
INFO: [ app_begin ] --END-- [ RunTime:0.015151s ]
SQL: SHOW COLUMNS FROM `banner` [ RunTime:0.4431s ]
SQL: SELECT * FROM `banner`  [ RunTime:0.0004s ]
SQL: SHOW COLUMNS FROM `product` [ RunTime:0.1123s ]
SQL: SELECT * FROM `product` ORDER BY name desc LIMIT 1   [ RunTime:0.0013s ]
SQL: SELECT * FROM `product` WHERE ( time < '2017-11-13 18:11:43' ) LIMIT 1   [ RunTime:0.0005s ]
SQL: SELECT * FROM `product` ORDER BY zhuyi desc LIMIT 1   [ RunTime:0.0005s ]
SQL: SELECT * FROM `product` ORDER BY shuoming desc LIMIT 1   [ RunTime:0.0100s ]
SQL: SELECT * FROM `product` ORDER BY time desc LIMIT 1   [ RunTime:0.0005s ]
SQL: SELECT * FROM `product` ORDER BY time desc LIMIT 4   [ RunTime:0.0005s ]
SQL: SELECT * FROM `product` ORDER BY time desc  [ RunTime:0.0008s ]
INFO: [ view_parse ] --START--
INFO: [ template_filter ] --START--
INFO: Run Behavior\ContentReplaceBehavior [ RunTime:0.015966s ]
INFO: [ template_filter ] --END-- [ RunTime:0.016104s ]
NOTIC: [8] Undefined index: title E:\WebServer\wwwroot\zhuoyue\Application\Runtime\Cache\Home\2a94b8bda04ff446dcedd42276fc99ee.php 第 253 行.
NOTIC: [8] Undefined index: title E:\WebServer\wwwroot\zhuoyue\Application\Runtime\Cache\Home\2a94b8bda04ff446dcedd42276fc99ee.php 第 253 行.
NOTIC: [8] Undefined index: title E:\WebServer\wwwroot\zhuoyue\Application\Runtime\Cache\Home\2a94b8bda04ff446dcedd42276fc99ee.php 第 253 行.
NOTIC: [8] Undefined index: title E:\WebServer\wwwroot\zhuoyue\Application\Runtime\Cache\Home\2a94b8bda04ff446dcedd42276fc99ee.php 第 253 行.
INFO: Run Behavior\ParseTemplateBehavior [ RunTime:0.297986s ]
INFO: [ view_parse ] --END-- [ RunTime:0.298122s ]
INFO: [ view_filter ] --START--
INFO: Run Behavior\WriteHtmlCacheBehavior [ RunTime:0.038436s ]
INFO: [ view_filter ] --END-- [ RunTime:0.038525s ]
INFO: [ app_end ] --START--
INFO: Run Behavior\ShowPageTraceBehavior [ RunTime:0.044935s ]
INFO: [ app_end ] --END-- [ RunTime:0.045511s ]

[ 2017-11-13T18:11:46+08:00 ] 127.0.0.1 /zhuoyue/index.php/home/index/chedan
INFO: [ app_init ] --START--
INFO: Run Behavior\BuildLiteBehavior [ RunTime:0.000023s ]
INFO: [ app_init ] --END-- [ RunTime:0.000702s ]
INFO: [ app_begin ] --START--
INFO: Run Behavior\ReadHtmlCacheBehavior [ RunTime:0.001456s ]
INFO: [ app_begin ] --END-- [ RunTime:0.001622s ]
SQL: SHOW COLUMNS FROM `session` [ RunTime:0.0980s ]
SQL: SELECT * FROM `session` WHERE ( states=0 ) ORDER BY id asc LIMIT 1   [ RunTime:0.0023s ]

[ 2017-11-13T18:11:47+08:00 ] 127.0.0.1 /zhuoyue/index.php/Home/Product/product/1
INFO: [ app_init ] --START--
INFO: Run Behavior\BuildLiteBehavior [ RunTime:0.000016s ]
INFO: [ app_init ] --END-- [ RunTime:0.000393s ]
INFO: [ app_begin ] --START--
INFO: Run Behavior\ReadHtmlCacheBehavior [ RunTime:0.000703s ]
INFO: [ app_begin ] --END-- [ RunTime:0.000790s ]
SQL: SHOW COLUMNS FROM `pro_class` [ RunTime:0.0310s ]
SQL: SELECT * FROM `pro_class` WHERE ( fa_class_id=1 )  [ RunTime:0.0009s ]
SQL: SELECT * FROM `pro_class` WHERE ( fa_class_id=2 )  [ RunTime:0.0004s ]
SQL: SELECT * FROM `pro_class` WHERE ( fa_class_id=3 )  [ RunTime:0.0005s ]
SQL: SELECT * FROM `pro_class` WHERE ( fa_class_id=4 )  [ RunTime:0.0003s ]
SQL: SHOW COLUMNS FROM `product` [ RunTime:0.0383s ]
NOTIC: [8] Use of undefined constant xilie - assumed 'xilie' E:\WebServer\wwwroot\zhuoyue\Application\Home\Controller\ProductController.class.php 第 71 行.
SQL: SELECT * FROM `product` WHERE `xilie` = 1  [ RunTime:0.0006s ]
INFO: [ view_parse ] --START--
INFO: [ template_filter ] --START--
INFO: Run Behavior\ContentReplaceBehavior [ RunTime:0.000146s ]
INFO: [ template_filter ] --END-- [ RunTime:0.000248s ]
INFO: Run Behavior\ParseTemplateBehavior [ RunTime:0.058744s ]
INFO: [ view_parse ] --END-- [ RunTime:0.058836s ]
INFO: [ view_filter ] --START--
INFO: Run Behavior\WriteHtmlCacheBehavior [ RunTime:0.000385s ]
INFO: [ view_filter ] --END-- [ RunTime:0.000432s ]
INFO: [ app_end ] --START--
INFO: Run Behavior\ShowPageTraceBehavior [ RunTime:0.000666s ]
INFO: [ app_end ] --END-- [ RunTime:0.000727s ]

[ 2017-11-13T18:11:50+08:00 ] 127.0.0.1 /zhuoyue/index.php/Home/Product/product/2
INFO: [ app_init ] --START--
INFO: Run Behavior\BuildLiteBehavior [ RunTime:0.000027s ]
INFO: [ app_init ] --END-- [ RunTime:0.000456s ]
INFO: [ app_begin ] --START--
INFO: Run Behavior\ReadHtmlCacheBehavior [ RunTime:0.000573s ]
INFO: [ app_begin ] --END-- [ RunTime:0.000653s ]
SQL: SHOW COLUMNS FROM `pro_class` [ RunTime:0.0182s ]
SQL: SELECT * FROM `pro_class` WHERE ( fa_class_id=1 )  [ RunTime:0.0005s ]
SQL: SELECT * FROM `pro_class` WHERE ( fa_class_id=2 )  [ RunTime:0.0004s ]
SQL: SELECT * FROM `pro_class` WHERE ( fa_class_id=3 )  [ RunTime:0.0004s ]
SQL: SELECT * FROM `pro_class` WHERE ( fa_class_id=4 )  [ RunTime:0.0004s ]
SQL: SHOW COLUMNS FROM `product` [ RunTime:0.0020s ]
NOTIC: [8] Use of undefined constant xilie - assumed 'xilie' E:\WebServer\wwwroot\zhuoyue\Application\Home\Controller\ProductController.class.php 第 71 行.
SQL: SELECT * FROM `product` WHERE `xilie` = 2  [ RunTime:0.0006s ]
INFO: [ view_parse ] --START--
INFO: [ template_filter ] --START--
INFO: Run Behavior\ContentReplaceBehavior [ RunTime:0.000141s ]
INFO: [ template_filter ] --END-- [ RunTime:0.000225s ]
INFO: Run Behavior\ParseTemplateBehavior [ RunTime:0.019898s ]
INFO: [ view_parse ] --END-- [ RunTime:0.019979s ]
INFO: [ view_filter ] --START--
INFO: Run Behavior\WriteHtmlCacheBehavior [ RunTime:0.000248s ]
INFO: [ view_filter ] --END-- [ RunTime:0.000291s ]
INFO: [ app_end ] --START--
INFO: Run Behavior\ShowPageTraceBehavior [ RunTime:0.000600s ]
INFO: [ app_end ] --END-- [ RunTime:0.000673s ]

[ 2017-11-13T18:11:52+08:00 ] 127.0.0.1 /zhuoyue/index.php/Home/News/news
INFO: [ app_init ] --START--
INFO: Run Behavior\BuildLiteBehavior [ RunTime:0.000053s ]
INFO: [ app_init ] --END-- [ RunTime:0.000389s ]
INFO: [ app_begin ] --START--
INFO: Run Behavior\ReadHtmlCacheBehavior [ RunTime:0.000584s ]
INFO: [ app_begin ] --END-- [ RunTime:0.000721s ]
SQL: SHOW COLUMNS FROM `newscate` [ RunTime:0.0454s ]
SQL: SELECT * FROM `newscate`  [ RunTime:0.0003s ]
SQL: SHOW COLUMNS FROM `news` [ RunTime:0.0375s ]
SQL: SELECT * FROM `news` WHERE ( cate = '公司新闻'  ) ORDER BY date desc  [ RunTime:0.0005s ]
SQL: SELECT * FROM `news` WHERE ( cate = '行业动态'  ) ORDER BY date desc  [ RunTime:0.0005s ]
SQL: SELECT * FROM `news` WHERE ( cate = '常见问题'  ) ORDER BY date desc  [ RunTime:0.0004s ]
INFO: [ view_parse ] --START--
INFO: [ template_filter ] --START--
INFO: Run Behavior\ContentReplaceBehavior [ RunTime:0.000098s ]
INFO: [ template_filter ] --END-- [ RunTime:0.000191s ]
INFO: Run Behavior\ParseTemplateBehavior [ RunTime:0.033646s ]
INFO: [ view_parse ] --END-- [ RunTime:0.033729s ]
INFO: [ view_filter ] --START--
INFO: Run Behavior\WriteHtmlCacheBehavior [ RunTime:0.000250s ]
INFO: [ view_filter ] --END-- [ RunTime:0.000295s ]
INFO: [ app_end ] --START--
INFO: Run Behavior\ShowPageTraceBehavior [ RunTime:0.000734s ]
INFO: [ app_end ] --END-- [ RunTime:0.000813s ]

[ 2017-11-13T18:11:53+08:00 ] 127.0.0.1 /zhuoyue/index.php/Home/Example/example
INFO: [ app_init ] --START--
INFO: Run Behavior\BuildLiteBehavior [ RunTime:0.000017s ]
INFO: [ app_init ] --END-- [ RunTime:0.000711s ]
INFO: [ app_begin ] --START--
INFO: Run Behavior\ReadHtmlCacheBehavior [ RunTime:0.000569s ]
INFO: [ app_begin ] --END-- [ RunTime:0.000649s ]
INFO: [ view_parse ] --START--
INFO: [ template_filter ] --START--
INFO: Run Behavior\ContentReplaceBehavior [ RunTime:0.000085s ]
INFO: [ template_filter ] --END-- [ RunTime:0.000153s ]
INFO: Run Behavior\ParseTemplateBehavior [ RunTime:0.019932s ]
INFO: [ view_parse ] --END-- [ RunTime:0.020021s ]
INFO: [ view_filter ] --START--
INFO: Run Behavior\WriteHtmlCacheBehavior [ RunTime:0.000250s ]
INFO: [ view_filter ] --END-- [ RunTime:0.000294s ]
INFO: [ app_end ] --START--
INFO: Run Behavior\ShowPageTraceBehavior [ RunTime:0.001632s ]
INFO: [ app_end ] --END-- [ RunTime:0.001759s ]

[ 2017-11-13T18:11:55+08:00 ] 127.0.0.1 /zhuoyue/index.php/Home/Example/example
INFO: [ app_init ] --START--
INFO: Run Behavior\BuildLiteBehavior [ RunTime:0.000070s ]
INFO: [ app_init ] --END-- [ RunTime:0.000738s ]
INFO: [ app_begin ] --START--
INFO: Run Behavior\ReadHtmlCacheBehavior [ RunTime:0.000496s ]
INFO: [ app_begin ] --END-- [ RunTime:0.000563s ]
INFO: [ view_parse ] --START--
INFO: [ template_filter ] --START--
INFO: Run Behavior\ContentReplaceBehavior [ RunTime:0.000088s ]
INFO: [ template_filter ] --END-- [ RunTime:0.000160s ]
INFO: Run Behavior\ParseTemplateBehavior [ RunTime:0.011521s ]
INFO: [ view_parse ] --END-- [ RunTime:0.011580s ]
INFO: [ view_filter ] --START--
INFO: Run Behavior\WriteHtmlCacheBehavior [ RunTime:0.000243s ]
INFO: [ view_filter ] --END-- [ RunTime:0.000289s ]
INFO: [ app_end ] --START--
INFO: Run Behavior\ShowPageTraceBehavior [ RunTime:0.002755s ]
INFO: [ app_end ] --END-- [ RunTime:0.003262s ]

