[ 2017-11-07T14:35:43+08:00 ] 127.0.0.1 /zhuoyue/index.php
INFO: [ app_init ] --START--
INFO: Run Behavior\BuildLiteBehavior [ RunTime:0.000025s ]
INFO: [ app_init ] --END-- [ RunTime:0.013358s ]
INFO: [ app_begin ] --START--
INFO: Run Behavior\ReadHtmlCacheBehavior [ RunTime:0.015171s ]
INFO: [ app_begin ] --END-- [ RunTime:0.015297s ]
SQL: SHOW COLUMNS FROM `banner` [ RunTime:0.0302s ]
SQL: SELECT * FROM `banner`  [ RunTime:0.0005s ]
SQL: SHOW COLUMNS FROM `product` [ RunTime:0.0448s ]
SQL: SELECT * FROM `product` ORDER BY name desc LIMIT 1   [ RunTime:0.0078s ]
SQL: SELECT * FROM `product` WHERE ( time < '2017-11-07 14:35:41' ) LIMIT 1   [ RunTime:0.0009s ]
SQL: SELECT * FROM `product` ORDER BY zhuyi desc LIMIT 1   [ RunTime:0.0013s ]
SQL: SELECT * FROM `product` ORDER BY shuoming desc LIMIT 1   [ RunTime:0.0008s ]
SQL: SELECT * FROM `product` ORDER BY time desc LIMIT 1   [ RunTime:0.0007s ]
SQL: SELECT * FROM `product` ORDER BY time desc LIMIT 4   [ RunTime:0.0008s ]
SQL: SELECT * FROM `product` ORDER BY time desc  [ RunTime:0.0020s ]
INFO: [ view_parse ] --START--
INFO: [ template_filter ] --START--
INFO: Run Behavior\ContentReplaceBehavior [ RunTime:0.000172s ]
INFO: [ template_filter ] --END-- [ RunTime:0.000265s ]
NOTIC: [8] Undefined index: title E:\WebServer\wwwroot\zhuoyue\Application\Runtime\Cache\Home\2a94b8bda04ff446dcedd42276fc99ee.php 第 253 行.
NOTIC: [8] Undefined index: title E:\WebServer\wwwroot\zhuoyue\Application\Runtime\Cache\Home\2a94b8bda04ff446dcedd42276fc99ee.php 第 253 行.
NOTIC: [8] Undefined index: title E:\WebServer\wwwroot\zhuoyue\Application\Runtime\Cache\Home\2a94b8bda04ff446dcedd42276fc99ee.php 第 253 行.
NOTIC: [8] Undefined index: title E:\WebServer\wwwroot\zhuoyue\Application\Runtime\Cache\Home\2a94b8bda04ff446dcedd42276fc99ee.php 第 253 行.
INFO: Run Behavior\ParseTemplateBehavior [ RunTime:0.528142s ]
INFO: [ view_parse ] --END-- [ RunTime:0.528324s ]
INFO: [ view_filter ] --START--
INFO: Run Behavior\WriteHtmlCacheBehavior [ RunTime:0.074059s ]
INFO: [ view_filter ] --END-- [ RunTime:0.074215s ]
INFO: [ app_end ] --START--
INFO: Run Behavior\ShowPageTraceBehavior [ RunTime:0.036141s ]
INFO: [ app_end ] --END-- [ RunTime:0.036272s ]

[ 2017-11-07T14:35:48+08:00 ] 127.0.0.1 /zhuoyue/index.php/home/index/chedan
INFO: [ app_init ] --START--
INFO: Run Behavior\BuildLiteBehavior [ RunTime:0.000014s ]
INFO: [ app_init ] --END-- [ RunTime:0.000395s ]
INFO: [ app_begin ] --START--
INFO: Run Behavior\ReadHtmlCacheBehavior [ RunTime:0.000671s ]
INFO: [ app_begin ] --END-- [ RunTime:0.000725s ]
SQL: SHOW COLUMNS FROM `session` [ RunTime:0.0734s ]
SQL: SELECT * FROM `session` WHERE ( states=0 ) ORDER BY id asc LIMIT 1   [ RunTime:0.0007s ]

[ 2017-11-07T14:35:49+08:00 ] 127.0.0.1 /zhuoyue/index.php/home/index/fresh
INFO: [ app_init ] --START--
INFO: Run Behavior\BuildLiteBehavior [ RunTime:0.000016s ]
INFO: [ app_init ] --END-- [ RunTime:0.000410s ]
INFO: [ app_begin ] --START--
INFO: Run Behavior\ReadHtmlCacheBehavior [ RunTime:0.000531s ]
INFO: [ app_begin ] --END-- [ RunTime:0.000589s ]
NOTIC: [8] Undefined index: name E:\WebServer\wwwroot\zhuoyue\Application\Home\Controller\IndexController.class.php 第 39 行.
SQL: SHOW COLUMNS FROM `msg` [ RunTime:0.0380s ]
ERR: SQLSTATE[42000]: Syntax error or access violation: 1064 You have an error in your SQL syntax; check the manual that corresponds to your MySQL server version for the right syntax to use near ') ORDER BY id desc LIMIT 20' at line 1

[ 2017-11-07T14:35:54+08:00 ] 127.0.0.1 /zhuoyue/index.php/home/index/fresh
INFO: [ app_init ] --START--
INFO: Run Behavior\BuildLiteBehavior [ RunTime:0.000015s ]
INFO: [ app_init ] --END-- [ RunTime:0.000390s ]
INFO: [ app_begin ] --START--
INFO: Run Behavior\ReadHtmlCacheBehavior [ RunTime:0.000505s ]
INFO: [ app_begin ] --END-- [ RunTime:0.000564s ]
NOTIC: [8] Undefined index: name E:\WebServer\wwwroot\zhuoyue\Application\Home\Controller\IndexController.class.php 第 39 行.
SQL: SHOW COLUMNS FROM `msg` [ RunTime:0.0056s ]
ERR: SQLSTATE[42000]: Syntax error or access violation: 1064 You have an error in your SQL syntax; check the manual that corresponds to your MySQL server version for the right syntax to use near ') ORDER BY id desc LIMIT 20' at line 1

[ 2017-11-07T14:35:59+08:00 ] 127.0.0.1 /zhuoyue/index.php/home/index/fresh
INFO: [ app_init ] --START--
INFO: Run Behavior\BuildLiteBehavior [ RunTime:0.000032s ]
INFO: [ app_init ] --END-- [ RunTime:0.000593s ]
INFO: [ app_begin ] --START--
INFO: Run Behavior\ReadHtmlCacheBehavior [ RunTime:0.000525s ]
INFO: [ app_begin ] --END-- [ RunTime:0.000590s ]
NOTIC: [8] Undefined index: name E:\WebServer\wwwroot\zhuoyue\Application\Home\Controller\IndexController.class.php 第 39 行.
SQL: SHOW COLUMNS FROM `msg` [ RunTime:0.0063s ]
ERR: SQLSTATE[42000]: Syntax error or access violation: 1064 You have an error in your SQL syntax; check the manual that corresponds to your MySQL server version for the right syntax to use near ') ORDER BY id desc LIMIT 20' at line 1

[ 2017-11-07T14:36:04+08:00 ] 127.0.0.1 /zhuoyue/index.php/home/index/fresh
INFO: [ app_init ] --START--
INFO: Run Behavior\BuildLiteBehavior [ RunTime:0.000057s ]
INFO: [ app_init ] --END-- [ RunTime:0.000890s ]
INFO: [ app_begin ] --START--
INFO: Run Behavior\ReadHtmlCacheBehavior [ RunTime:0.000597s ]
INFO: [ app_begin ] --END-- [ RunTime:0.000725s ]
NOTIC: [8] Undefined index: name E:\WebServer\wwwroot\zhuoyue\Application\Home\Controller\IndexController.class.php 第 39 行.
SQL: SHOW COLUMNS FROM `msg` [ RunTime:0.0101s ]
ERR: SQLSTATE[42000]: Syntax error or access violation: 1064 You have an error in your SQL syntax; check the manual that corresponds to your MySQL server version for the right syntax to use near ') ORDER BY id desc LIMIT 20' at line 1

[ 2017-11-07T14:36:10+08:00 ] 127.0.0.1 /zhuoyue/index.php/home/index/fresh
INFO: [ app_init ] --START--
INFO: Run Behavior\BuildLiteBehavior [ RunTime:0.000015s ]
INFO: [ app_init ] --END-- [ RunTime:0.000417s ]
INFO: [ app_begin ] --START--
INFO: Run Behavior\ReadHtmlCacheBehavior [ RunTime:0.000560s ]
INFO: [ app_begin ] --END-- [ RunTime:0.000628s ]
NOTIC: [8] Undefined index: name E:\WebServer\wwwroot\zhuoyue\Application\Home\Controller\IndexController.class.php 第 39 行.
SQL: SHOW COLUMNS FROM `msg` [ RunTime:0.0182s ]
ERR: SQLSTATE[42000]: Syntax error or access violation: 1064 You have an error in your SQL syntax; check the manual that corresponds to your MySQL server version for the right syntax to use near ') ORDER BY id desc LIMIT 20' at line 1

[ 2017-11-07T14:36:23+08:00 ] 127.0.0.1 /zhuoyue/index.php
INFO: [ app_init ] --START--
INFO: Run Behavior\BuildLiteBehavior [ RunTime:0.000014s ]
INFO: [ app_init ] --END-- [ RunTime:0.000378s ]
INFO: [ app_begin ] --START--
INFO: Run Behavior\ReadHtmlCacheBehavior [ RunTime:0.000754s ]
INFO: [ app_begin ] --END-- [ RunTime:0.000821s ]
SQL: SHOW COLUMNS FROM `banner` [ RunTime:0.0087s ]
SQL: SELECT * FROM `banner`  [ RunTime:0.0010s ]
SQL: SHOW COLUMNS FROM `product` [ RunTime:0.0089s ]
SQL: SELECT * FROM `product` ORDER BY name desc LIMIT 1   [ RunTime:0.0012s ]
SQL: SELECT * FROM `product` WHERE ( time < '2017-11-07 14:36:22' ) LIMIT 1   [ RunTime:0.0011s ]
SQL: SELECT * FROM `product` ORDER BY zhuyi desc LIMIT 1   [ RunTime:0.0012s ]
SQL: SELECT * FROM `product` ORDER BY shuoming desc LIMIT 1   [ RunTime:0.0017s ]
SQL: SELECT * FROM `product` ORDER BY time desc LIMIT 1   [ RunTime:0.0017s ]
SQL: SELECT * FROM `product` ORDER BY time desc LIMIT 4   [ RunTime:0.0011s ]
SQL: SELECT * FROM `product` ORDER BY time desc  [ RunTime:0.0024s ]
INFO: [ view_parse ] --START--
INFO: [ template_filter ] --START--
INFO: Run Behavior\ContentReplaceBehavior [ RunTime:0.000235s ]
INFO: [ template_filter ] --END-- [ RunTime:0.000337s ]
NOTIC: [8] Undefined index: title E:\WebServer\wwwroot\zhuoyue\Application\Runtime\Cache\Home\2a94b8bda04ff446dcedd42276fc99ee.php 第 253 行.
NOTIC: [8] Undefined index: title E:\WebServer\wwwroot\zhuoyue\Application\Runtime\Cache\Home\2a94b8bda04ff446dcedd42276fc99ee.php 第 253 行.
NOTIC: [8] Undefined index: title E:\WebServer\wwwroot\zhuoyue\Application\Runtime\Cache\Home\2a94b8bda04ff446dcedd42276fc99ee.php 第 253 行.
NOTIC: [8] Undefined index: title E:\WebServer\wwwroot\zhuoyue\Application\Runtime\Cache\Home\2a94b8bda04ff446dcedd42276fc99ee.php 第 253 行.
INFO: Run Behavior\ParseTemplateBehavior [ RunTime:0.031797s ]
INFO: [ view_parse ] --END-- [ RunTime:0.031887s ]
INFO: [ view_filter ] --START--
INFO: Run Behavior\WriteHtmlCacheBehavior [ RunTime:0.000503s ]
INFO: [ view_filter ] --END-- [ RunTime:0.000552s ]
INFO: [ app_end ] --START--
INFO: Run Behavior\ShowPageTraceBehavior [ RunTime:0.000881s ]
INFO: [ app_end ] --END-- [ RunTime:0.000951s ]

[ 2017-11-07T14:36:30+08:00 ] 127.0.0.1 /zhuoyue/index.php/home/index/fresh
INFO: [ app_init ] --START--
INFO: Run Behavior\BuildLiteBehavior [ RunTime:0.000017s ]
INFO: [ app_init ] --END-- [ RunTime:0.000475s ]
INFO: [ app_begin ] --START--
INFO: Run Behavior\ReadHtmlCacheBehavior [ RunTime:0.001195s ]
INFO: [ app_begin ] --END-- [ RunTime:0.001286s ]
NOTIC: [8] Undefined index: name E:\WebServer\wwwroot\zhuoyue\Application\Home\Controller\IndexController.class.php 第 39 行.
SQL: SHOW COLUMNS FROM `msg` [ RunTime:0.0074s ]
ERR: SQLSTATE[42000]: Syntax error or access violation: 1064 You have an error in your SQL syntax; check the manual that corresponds to your MySQL server version for the right syntax to use near ') ORDER BY id desc LIMIT 20' at line 1

[ 2017-11-07T14:37:47+08:00 ] 127.0.0.1 /zhuoyue/index.php/home/Index/ajax
INFO: [ app_init ] --START--
INFO: Run Behavior\BuildLiteBehavior [ RunTime:0.000049s ]
INFO: [ app_init ] --END-- [ RunTime:0.000633s ]
INFO: [ app_begin ] --START--
INFO: Run Behavior\ReadHtmlCacheBehavior [ RunTime:0.000557s ]
INFO: [ app_begin ] --END-- [ RunTime:0.000637s ]
NOTIC: [8] Undefined index: toid E:\WebServer\wwwroot\zhuoyue\Application\Home\Controller\IndexController.class.php 第 34 行.
SQL: SHOW COLUMNS FROM `msg` [ RunTime:0.0064s ]
SQL: INSERT INTO `msg` (`content`,`goid`,`toid`,`times`) VALUES ('1','1',NULL,'下午2:37:46') [ RunTime:0.0539s ]
INFO: [ app_end ] --START--
INFO: Run Behavior\ShowPageTraceBehavior [ RunTime:0.000879s ]
INFO: [ app_end ] --END-- [ RunTime:0.000962s ]

