[ 2017-05-25T17:24:27+08:00 ] 127.0.0.1 /zhuoyue/Public/admin/images/login_form.jpg
INFO: [ app_init ] --START--
INFO: Run Behavior\BuildLiteBehavior [ RunTime:0.000017s ]
INFO: [ app_init ] --END-- [ RunTime:0.000727s ]
ERR: 无法加载模块:Public

[ 2017-05-25T19:56:31+08:00 ] 127.0.0.1 /zhuoyue/Public/admin/images/red_asterisk.png
INFO: [ app_init ] --START--
INFO: Run Behavior\BuildLiteBehavior [ RunTime:0.000015s ]
INFO: [ app_init ] --END-- [ RunTime:0.000407s ]
ERR: 无法加载模块:Public

[ 2017-05-25T19:56:32+08:00 ] 127.0.0.1 /zhuoyue/Public/admin/images/invalid.png
INFO: [ app_init ] --START--
INFO: Run Behavior\BuildLiteBehavior [ RunTime:0.000016s ]
INFO: [ app_init ] --END-- [ RunTime:0.000375s ]
ERR: 无法加载模块:Public

[ 2017-05-25T19:56:40+08:00 ] 127.0.0.1 /zhuoyue/Public/admin/images/valid.png
INFO: [ app_init ] --START--
INFO: Run Behavior\BuildLiteBehavior [ RunTime:0.000018s ]
INFO: [ app_init ] --END-- [ RunTime:0.000469s ]
ERR: 无法加载模块:Public

