[ 2017-05-23T08:41:42+08:00 ] 127.0.0.1 /zhuoyue/Publichome/css/style.css
INFO: [ app_init ] --START--
INFO: Run Behavior\BuildLiteBehavior [ RunTime:0.000012s ]
INFO: [ app_init ] --END-- [ RunTime:0.000405s ]
ERR: 无法加载模块:Publichome

[ 2017-05-23T08:41:42+08:00 ] 127.0.0.1 /zhuoyue/Publichome/css/font-awesome.css
INFO: [ app_init ] --START--
INFO: Run Behavior\BuildLiteBehavior [ RunTime:0.000013s ]
INFO: [ app_init ] --END-- [ RunTime:0.000411s ]
ERR: 无法加载模块:Publichome

[ 2017-05-23T08:41:42+08:00 ] 127.0.0.1 /zhuoyue/Publichome/js/jquery.min.js
INFO: [ app_init ] --START--
INFO: Run Behavior\BuildLiteBehavior [ RunTime:0.000013s ]
INFO: [ app_init ] --END-- [ RunTime:0.000418s ]
ERR: 无法加载模块:Publichome

[ 2017-05-23T08:41:42+08:00 ] 127.0.0.1 /zhuoyue/Publichome/js/wrap.js
INFO: [ app_init ] --START--
INFO: Run Behavior\BuildLiteBehavior [ RunTime:0.000020s ]
INFO: [ app_init ] --END-- [ RunTime:0.000596s ]
ERR: 无法加载模块:Publichome

[ 2017-05-23T08:41:42+08:00 ] 127.0.0.1 /zhuoyue/Publichome/js/slide.js
INFO: [ app_init ] --START--
INFO: Run Behavior\BuildLiteBehavior [ RunTime:0.000014s ]
INFO: [ app_init ] --END-- [ RunTime:0.000422s ]
ERR: 无法加载模块:Publichome

[ 2017-05-23T08:41:42+08:00 ] 127.0.0.1 /zhuoyue/images/logo.png
INFO: [ app_init ] --START--
INFO: Run Behavior\BuildLiteBehavior [ RunTime:0.000016s ]
INFO: [ app_init ] --END-- [ RunTime:0.000466s ]
ERR: 无法加载模块:Images

[ 2017-05-23T08:41:42+08:00 ] 127.0.0.1 /zhuoyue/images/phone.png
INFO: [ app_init ] --START--
INFO: Run Behavior\BuildLiteBehavior [ RunTime:0.000016s ]
INFO: [ app_init ] --END-- [ RunTime:0.000458s ]
ERR: 无法加载模块:Images

[ 2017-05-23T08:41:42+08:00 ] 127.0.0.1 /zhuoyue/images/1.jpg
INFO: [ app_init ] --START--
INFO: Run Behavior\BuildLiteBehavior [ RunTime:0.000016s ]
INFO: [ app_init ] --END-- [ RunTime:0.000439s ]
ERR: 无法加载模块:Images

[ 2017-05-23T08:41:42+08:00 ] 127.0.0.1 /zhuoyue/images/2.jpg
INFO: [ app_init ] --START--
INFO: Run Behavior\BuildLiteBehavior [ RunTime:0.000016s ]
INFO: [ app_init ] --END-- [ RunTime:0.000428s ]
ERR: 无法加载模块:Images

[ 2017-05-23T08:41:42+08:00 ] 127.0.0.1 /zhuoyue/images/4.jpg
INFO: [ app_init ] --START--
INFO: Run Behavior\BuildLiteBehavior [ RunTime:0.000015s ]
INFO: [ app_init ] --END-- [ RunTime:0.000418s ]
ERR: 无法加载模块:Images

[ 2017-05-23T08:41:42+08:00 ] 127.0.0.1 /zhuoyue/images/3.jpg
INFO: [ app_init ] --START--
INFO: Run Behavior\BuildLiteBehavior [ RunTime:0.000023s ]
INFO: [ app_init ] --END-- [ RunTime:0.000645s ]
ERR: 无法加载模块:Images

[ 2017-05-23T08:41:42+08:00 ] 127.0.0.1 /zhuoyue/images/01.jpg
INFO: [ app_init ] --START--
INFO: Run Behavior\BuildLiteBehavior [ RunTime:0.000015s ]
INFO: [ app_init ] --END-- [ RunTime:0.000369s ]
ERR: 无法加载模块:Images

[ 2017-05-23T08:41:42+08:00 ] 127.0.0.1 /zhuoyue/images/1441956938.png
INFO: [ app_init ] --START--
INFO: Run Behavior\BuildLiteBehavior [ RunTime:0.000016s ]
INFO: [ app_init ] --END-- [ RunTime:0.000438s ]
ERR: 无法加载模块:Images

[ 2017-05-23T08:41:42+08:00 ] 127.0.0.1 /zhuoyue/images/02.jpg
INFO: [ app_init ] --START--
INFO: Run Behavior\BuildLiteBehavior [ RunTime:0.000026s ]
INFO: [ app_init ] --END-- [ RunTime:0.000604s ]
ERR: 无法加载模块:Images

[ 2017-05-23T08:41:42+08:00 ] 127.0.0.1 /zhuoyue/images/03.jpg
INFO: [ app_init ] --START--
INFO: Run Behavior\BuildLiteBehavior [ RunTime:0.000025s ]
INFO: [ app_init ] --END-- [ RunTime:0.000643s ]
ERR: 无法加载模块:Images

[ 2017-05-23T08:41:42+08:00 ] 127.0.0.1 /zhuoyue/images/04.jpg
INFO: [ app_init ] --START--
INFO: Run Behavior\BuildLiteBehavior [ RunTime:0.000026s ]
INFO: [ app_init ] --END-- [ RunTime:0.000607s ]
ERR: 无法加载模块:Images

[ 2017-05-23T08:41:42+08:00 ] 127.0.0.1 /zhuoyue/images/05.jpg
INFO: [ app_init ] --START--
INFO: Run Behavior\BuildLiteBehavior [ RunTime:0.000027s ]
INFO: [ app_init ] --END-- [ RunTime:0.000652s ]
ERR: 无法加载模块:Images

[ 2017-05-23T08:41:42+08:00 ] 127.0.0.1 /zhuoyue/images/footer_logo_1.png
INFO: [ app_init ] --START--
INFO: Run Behavior\BuildLiteBehavior [ RunTime:0.000025s ]
INFO: [ app_init ] --END-- [ RunTime:0.000551s ]
ERR: 无法加载模块:Images

[ 2017-05-23T08:41:42+08:00 ] 127.0.0.1 /zhuoyue/images/footer_logo_0.jpg
INFO: [ app_init ] --START--
INFO: Run Behavior\BuildLiteBehavior [ RunTime:0.000023s ]
INFO: [ app_init ] --END-- [ RunTime:0.000618s ]
ERR: 无法加载模块:Images

[ 2017-05-23T08:41:42+08:00 ] 127.0.0.1 /zhuoyue/images/footer_logo_5.png
INFO: [ app_init ] --START--
INFO: Run Behavior\BuildLiteBehavior [ RunTime:0.000025s ]
INFO: [ app_init ] --END-- [ RunTime:0.000609s ]
ERR: 无法加载模块:Images

[ 2017-05-23T08:41:42+08:00 ] 127.0.0.1 /zhuoyue/images/footer_logo_3.png
INFO: [ app_init ] --START--
INFO: Run Behavior\BuildLiteBehavior [ RunTime:0.000022s ]
INFO: [ app_init ] --END-- [ RunTime:0.000609s ]
ERR: 无法加载模块:Images

[ 2017-05-23T08:41:42+08:00 ] 127.0.0.1 /zhuoyue/images/footer_logo_2.png
INFO: [ app_init ] --START--
INFO: Run Behavior\BuildLiteBehavior [ RunTime:0.000024s ]
INFO: [ app_init ] --END-- [ RunTime:0.000649s ]
ERR: 无法加载模块:Images

[ 2017-05-23T08:41:42+08:00 ] 127.0.0.1 /zhuoyue/images/wechat.jpg
INFO: [ app_init ] --START--
INFO: Run Behavior\BuildLiteBehavior [ RunTime:0.000090s ]
INFO: [ app_init ] --END-- [ RunTime:0.000958s ]
ERR: 无法加载模块:Images

[ 2017-05-23T08:41:42+08:00 ] 127.0.0.1 /zhuoyue/images/footer_logo_4.png
INFO: [ app_init ] --START--
INFO: Run Behavior\BuildLiteBehavior [ RunTime:0.000016s ]
INFO: [ app_init ] --END-- [ RunTime:0.000428s ]
ERR: 无法加载模块:Images

[ 2017-05-23T08:41:56+08:00 ] 127.0.0.1 /zhuoyue/images/logo.png
INFO: [ app_init ] --START--
INFO: Run Behavior\BuildLiteBehavior [ RunTime:0.000059s ]
INFO: [ app_init ] --END-- [ RunTime:0.000504s ]
ERR: 无法加载模块:Images

[ 2017-05-23T08:41:56+08:00 ] 127.0.0.1 /zhuoyue/images/phone.png
INFO: [ app_init ] --START--
INFO: Run Behavior\BuildLiteBehavior [ RunTime:0.000015s ]
INFO: [ app_init ] --END-- [ RunTime:0.000697s ]
ERR: 无法加载模块:Images

[ 2017-05-23T08:41:56+08:00 ] 127.0.0.1 /zhuoyue/images/1.jpg
INFO: [ app_init ] --START--
INFO: Run Behavior\BuildLiteBehavior [ RunTime:0.000016s ]
INFO: [ app_init ] --END-- [ RunTime:0.000387s ]
ERR: 无法加载模块:Images

[ 2017-05-23T08:41:56+08:00 ] 127.0.0.1 /zhuoyue/images/2.jpg
INFO: [ app_init ] --START--
INFO: Run Behavior\BuildLiteBehavior [ RunTime:0.000023s ]
INFO: [ app_init ] --END-- [ RunTime:0.000571s ]
ERR: 无法加载模块:Images

[ 2017-05-23T08:41:56+08:00 ] 127.0.0.1 /zhuoyue/images/3.jpg
INFO: [ app_init ] --START--
INFO: Run Behavior\BuildLiteBehavior [ RunTime:0.000017s ]
INFO: [ app_init ] --END-- [ RunTime:0.000445s ]
ERR: 无法加载模块:Images

[ 2017-05-23T08:41:56+08:00 ] 127.0.0.1 /zhuoyue/images/4.jpg
INFO: [ app_init ] --START--
INFO: Run Behavior\BuildLiteBehavior [ RunTime:0.000026s ]
INFO: [ app_init ] --END-- [ RunTime:0.000720s ]
ERR: 无法加载模块:Images

[ 2017-05-23T08:41:56+08:00 ] 127.0.0.1 /zhuoyue/images/01.jpg
INFO: [ app_init ] --START--
INFO: Run Behavior\BuildLiteBehavior [ RunTime:0.000016s ]
INFO: [ app_init ] --END-- [ RunTime:0.000539s ]
ERR: 无法加载模块:Images

[ 2017-05-23T08:41:56+08:00 ] 127.0.0.1 /zhuoyue/images/1441956938.png
INFO: [ app_init ] --START--
INFO: Run Behavior\BuildLiteBehavior [ RunTime:0.000025s ]
INFO: [ app_init ] --END-- [ RunTime:0.000572s ]
ERR: 无法加载模块:Images

[ 2017-05-23T08:41:56+08:00 ] 127.0.0.1 /zhuoyue/images/02.jpg
INFO: [ app_init ] --START--
INFO: Run Behavior\BuildLiteBehavior [ RunTime:0.000026s ]
INFO: [ app_init ] --END-- [ RunTime:0.000610s ]
ERR: 无法加载模块:Images

[ 2017-05-23T08:41:56+08:00 ] 127.0.0.1 /zhuoyue/images/04.jpg
INFO: [ app_init ] --START--
INFO: Run Behavior\BuildLiteBehavior [ RunTime:0.000023s ]
INFO: [ app_init ] --END-- [ RunTime:0.000553s ]
ERR: 无法加载模块:Images

[ 2017-05-23T08:41:56+08:00 ] 127.0.0.1 /zhuoyue/images/03.jpg
INFO: [ app_init ] --START--
INFO: Run Behavior\BuildLiteBehavior [ RunTime:0.000019s ]
INFO: [ app_init ] --END-- [ RunTime:0.000599s ]
ERR: 无法加载模块:Images

[ 2017-05-23T08:41:56+08:00 ] 127.0.0.1 /zhuoyue/images/footer_logo_1.png
INFO: [ app_init ] --START--
INFO: Run Behavior\BuildLiteBehavior [ RunTime:0.000022s ]
INFO: [ app_init ] --END-- [ RunTime:0.000547s ]
ERR: 无法加载模块:Images

[ 2017-05-23T08:41:56+08:00 ] 127.0.0.1 /zhuoyue/images/05.jpg
INFO: [ app_init ] --START--
INFO: Run Behavior\BuildLiteBehavior [ RunTime:0.000022s ]
INFO: [ app_init ] --END-- [ RunTime:0.000579s ]
ERR: 无法加载模块:Images

[ 2017-05-23T08:41:56+08:00 ] 127.0.0.1 /zhuoyue/images/footer_logo_0.jpg
INFO: [ app_init ] --START--
INFO: Run Behavior\BuildLiteBehavior [ RunTime:0.000022s ]
INFO: [ app_init ] --END-- [ RunTime:0.000564s ]
ERR: 无法加载模块:Images

[ 2017-05-23T08:41:56+08:00 ] 127.0.0.1 /zhuoyue/images/footer_logo_2.png
INFO: [ app_init ] --START--
INFO: Run Behavior\BuildLiteBehavior [ RunTime:0.000026s ]
INFO: [ app_init ] --END-- [ RunTime:0.001139s ]
ERR: 无法加载模块:Images

[ 2017-05-23T08:41:56+08:00 ] 127.0.0.1 /zhuoyue/images/footer_logo_3.png
INFO: [ app_init ] --START--
INFO: Run Behavior\BuildLiteBehavior [ RunTime:0.000024s ]
INFO: [ app_init ] --END-- [ RunTime:0.000544s ]
ERR: 无法加载模块:Images

[ 2017-05-23T08:41:56+08:00 ] 127.0.0.1 /zhuoyue/images/footer_logo_4.png
INFO: [ app_init ] --START--
INFO: Run Behavior\BuildLiteBehavior [ RunTime:0.000023s ]
INFO: [ app_init ] --END-- [ RunTime:0.000566s ]
ERR: 无法加载模块:Images

[ 2017-05-23T08:41:56+08:00 ] 127.0.0.1 /zhuoyue/images/footer_logo_5.png
INFO: [ app_init ] --START--
INFO: Run Behavior\BuildLiteBehavior [ RunTime:0.000027s ]
INFO: [ app_init ] --END-- [ RunTime:0.000403s ]
ERR: 无法加载模块:Images

[ 2017-05-23T08:41:56+08:00 ] 127.0.0.1 /zhuoyue/images/wechat.jpg
INFO: [ app_init ] --START--
INFO: Run Behavior\BuildLiteBehavior [ RunTime:0.000024s ]
INFO: [ app_init ] --END-- [ RunTime:0.000686s ]
ERR: 无法加载模块:Images

[ 2017-05-23T08:41:56+08:00 ] 127.0.0.1 /zhuoyue/images/01.jpg
INFO: [ app_init ] --START--
INFO: Run Behavior\BuildLiteBehavior [ RunTime:0.000023s ]
INFO: [ app_init ] --END-- [ RunTime:0.000623s ]
ERR: 无法加载模块:Images

[ 2017-05-23T08:41:56+08:00 ] 127.0.0.1 /zhuoyue/images/05.jpg
INFO: [ app_init ] --START--
INFO: Run Behavior\BuildLiteBehavior [ RunTime:0.000023s ]
INFO: [ app_init ] --END-- [ RunTime:0.000614s ]
ERR: 无法加载模块:Images

[ 2017-05-23T08:41:56+08:00 ] 127.0.0.1 /zhuoyue/images/02.jpg
INFO: [ app_init ] --START--
INFO: Run Behavior\BuildLiteBehavior [ RunTime:0.000024s ]
INFO: [ app_init ] --END-- [ RunTime:0.000591s ]
ERR: 无法加载模块:Images

[ 2017-05-23T08:41:56+08:00 ] 127.0.0.1 /zhuoyue/images/03.jpg
INFO: [ app_init ] --START--
INFO: Run Behavior\BuildLiteBehavior [ RunTime:0.000027s ]
INFO: [ app_init ] --END-- [ RunTime:0.000581s ]
ERR: 无法加载模块:Images

[ 2017-05-23T08:41:56+08:00 ] 127.0.0.1 /zhuoyue/images/04.jpg
INFO: [ app_init ] --START--
INFO: Run Behavior\BuildLiteBehavior [ RunTime:0.000027s ]
INFO: [ app_init ] --END-- [ RunTime:0.000762s ]
ERR: 无法加载模块:Images

[ 2017-05-23T08:45:19+08:00 ] 127.0.0.1 /zhuoyue/intro.html
INFO: [ app_init ] --START--
INFO: Run Behavior\BuildLiteBehavior [ RunTime:0.000014s ]
INFO: [ app_init ] --END-- [ RunTime:0.000473s ]
ERR: 无法加载模块:Intro

[ 2017-05-23T08:45:26+08:00 ] 127.0.0.1 /zhuoyue/product.html
INFO: [ app_init ] --START--
INFO: Run Behavior\BuildLiteBehavior [ RunTime:0.000015s ]
INFO: [ app_init ] --END-- [ RunTime:0.000410s ]
ERR: 无法加载模块:Product

[ 2017-05-23T08:45:30+08:00 ] 127.0.0.1 /zhuoyue/contact.html
INFO: [ app_init ] --START--
INFO: Run Behavior\BuildLiteBehavior [ RunTime:0.000016s ]
INFO: [ app_init ] --END-- [ RunTime:0.000646s ]
ERR: 无法加载模块:Contact

[ 2017-05-23T08:45:33+08:00 ] 127.0.0.1 /zhuoyue/message.html
INFO: [ app_init ] --START--
INFO: Run Behavior\BuildLiteBehavior [ RunTime:0.000014s ]
INFO: [ app_init ] --END-- [ RunTime:0.000338s ]
ERR: 无法加载模块:Message

[ 2017-05-23T08:45:35+08:00 ] 127.0.0.1 /zhuoyue/case.html
INFO: [ app_init ] --START--
INFO: Run Behavior\BuildLiteBehavior [ RunTime:0.000022s ]
INFO: [ app_init ] --END-- [ RunTime:0.000598s ]
ERR: 无法加载模块:Case

[ 2017-05-23T09:54:19+08:00 ] 127.0.0.1 /zhuoyue/images/1.jpg
INFO: [ app_init ] --START--
INFO: Run Behavior\BuildLiteBehavior [ RunTime:0.000018s ]
INFO: [ app_init ] --END-- [ RunTime:0.000598s ]
ERR: 无法加载模块:Images

[ 2017-05-23T09:54:19+08:00 ] 127.0.0.1 /zhuoyue/images/2.jpg
INFO: [ app_init ] --START--
INFO: Run Behavior\BuildLiteBehavior [ RunTime:0.000025s ]
INFO: [ app_init ] --END-- [ RunTime:0.000694s ]
ERR: 无法加载模块:Images

[ 2017-05-23T09:54:19+08:00 ] 127.0.0.1 /zhuoyue/images/3.jpg
INFO: [ app_init ] --START--
INFO: Run Behavior\BuildLiteBehavior [ RunTime:0.000016s ]
INFO: [ app_init ] --END-- [ RunTime:0.000411s ]
ERR: 无法加载模块:Images

[ 2017-05-23T09:54:19+08:00 ] 127.0.0.1 /zhuoyue/images/4.jpg
INFO: [ app_init ] --START--
INFO: Run Behavior\BuildLiteBehavior [ RunTime:0.000016s ]
INFO: [ app_init ] --END-- [ RunTime:0.000394s ]
ERR: 无法加载模块:Images

[ 2017-05-23T09:54:19+08:00 ] 127.0.0.1 /zhuoyue/images/01.jpg
INFO: [ app_init ] --START--
INFO: Run Behavior\BuildLiteBehavior [ RunTime:0.000019s ]
INFO: [ app_init ] --END-- [ RunTime:0.001359s ]
ERR: 无法加载模块:Images

[ 2017-05-23T09:54:19+08:00 ] 127.0.0.1 /zhuoyue/images/02.jpg
INFO: [ app_init ] --START--
INFO: Run Behavior\BuildLiteBehavior [ RunTime:0.000015s ]
INFO: [ app_init ] --END-- [ RunTime:0.000381s ]
ERR: 无法加载模块:Images

[ 2017-05-23T09:54:19+08:00 ] 127.0.0.1 /zhuoyue/images/03.jpg
INFO: [ app_init ] --START--
INFO: Run Behavior\BuildLiteBehavior [ RunTime:0.000019s ]
INFO: [ app_init ] --END-- [ RunTime:0.000510s ]
ERR: 无法加载模块:Images

[ 2017-05-23T09:54:19+08:00 ] 127.0.0.1 /zhuoyue/images/04.jpg
INFO: [ app_init ] --START--
INFO: Run Behavior\BuildLiteBehavior [ RunTime:0.000023s ]
INFO: [ app_init ] --END-- [ RunTime:0.000547s ]
ERR: 无法加载模块:Images

[ 2017-05-23T09:54:19+08:00 ] 127.0.0.1 /zhuoyue/images/05.jpg
INFO: [ app_init ] --START--
INFO: Run Behavior\BuildLiteBehavior [ RunTime:0.000076s ]
INFO: [ app_init ] --END-- [ RunTime:0.001625s ]
ERR: 无法加载模块:Images

[ 2017-05-23T09:54:19+08:00 ] 127.0.0.1 /zhuoyue/images/footer_logo_1.png
INFO: [ app_init ] --START--
INFO: Run Behavior\BuildLiteBehavior [ RunTime:0.000016s ]
INFO: [ app_init ] --END-- [ RunTime:0.000401s ]
ERR: 无法加载模块:Images

[ 2017-05-23T09:54:19+08:00 ] 127.0.0.1 /zhuoyue/images/footer_logo_0.jpg
INFO: [ app_init ] --START--
INFO: Run Behavior\BuildLiteBehavior [ RunTime:0.000030s ]
INFO: [ app_init ] --END-- [ RunTime:0.001470s ]
ERR: 无法加载模块:Images

[ 2017-05-23T09:54:19+08:00 ] 127.0.0.1 /zhuoyue/images/footer_logo_2.png
INFO: [ app_init ] --START--
INFO: Run Behavior\BuildLiteBehavior [ RunTime:0.000028s ]
INFO: [ app_init ] --END-- [ RunTime:0.000945s ]
ERR: 无法加载模块:Images

[ 2017-05-23T09:54:19+08:00 ] 127.0.0.1 /zhuoyue/images/footer_logo_3.png
INFO: [ app_init ] --START--
INFO: Run Behavior\BuildLiteBehavior [ RunTime:0.000016s ]
INFO: [ app_init ] --END-- [ RunTime:0.000416s ]
ERR: 无法加载模块:Images

[ 2017-05-23T09:54:19+08:00 ] 127.0.0.1 /zhuoyue/images/footer_logo_4.png
INFO: [ app_init ] --START--
INFO: Run Behavior\BuildLiteBehavior [ RunTime:0.000016s ]
INFO: [ app_init ] --END-- [ RunTime:0.000441s ]
ERR: 无法加载模块:Images

[ 2017-05-23T09:54:19+08:00 ] 127.0.0.1 /zhuoyue/images/footer_logo_5.png
INFO: [ app_init ] --START--
INFO: Run Behavior\BuildLiteBehavior [ RunTime:0.000014s ]
INFO: [ app_init ] --END-- [ RunTime:0.000366s ]
ERR: 无法加载模块:Images

[ 2017-05-23T09:54:19+08:00 ] 127.0.0.1 /zhuoyue/images/01.jpg
INFO: [ app_init ] --START--
INFO: Run Behavior\BuildLiteBehavior [ RunTime:0.000025s ]
INFO: [ app_init ] --END-- [ RunTime:0.000574s ]
ERR: 无法加载模块:Images

[ 2017-05-23T09:54:19+08:00 ] 127.0.0.1 /zhuoyue/images/02.jpg
INFO: [ app_init ] --START--
INFO: Run Behavior\BuildLiteBehavior [ RunTime:0.000015s ]
INFO: [ app_init ] --END-- [ RunTime:0.000554s ]
ERR: 无法加载模块:Images

[ 2017-05-23T09:54:19+08:00 ] 127.0.0.1 /zhuoyue/images/03.jpg
INFO: [ app_init ] --START--
INFO: Run Behavior\BuildLiteBehavior [ RunTime:0.000016s ]
INFO: [ app_init ] --END-- [ RunTime:0.000613s ]
ERR: 无法加载模块:Images

[ 2017-05-23T09:54:19+08:00 ] 127.0.0.1 /zhuoyue/images/04.jpg
INFO: [ app_init ] --START--
INFO: Run Behavior\BuildLiteBehavior [ RunTime:0.000016s ]
INFO: [ app_init ] --END-- [ RunTime:0.000457s ]
ERR: 无法加载模块:Images

[ 2017-05-23T09:54:19+08:00 ] 127.0.0.1 /zhuoyue/images/05.jpg
INFO: [ app_init ] --START--
INFO: Run Behavior\BuildLiteBehavior [ RunTime:0.000016s ]
INFO: [ app_init ] --END-- [ RunTime:0.000423s ]
ERR: 无法加载模块:Images

[ 2017-05-23T11:05:26+08:00 ] 127.0.0.1 /zhuoyue/message.html
INFO: [ app_init ] --START--
INFO: Run Behavior\BuildLiteBehavior [ RunTime:0.000026s ]
INFO: [ app_init ] --END-- [ RunTime:0.000710s ]
ERR: 无法加载模块:Message

[ 2017-05-23T11:16:37+08:00 ] 127.0.0.1 /zhuoyue/css/conceal.css
INFO: [ app_init ] --START--
INFO: Run Behavior\BuildLiteBehavior [ RunTime:0.000013s ]
INFO: [ app_init ] --END-- [ RunTime:0.000488s ]
ERR: 无法加载模块:Css

[ 2017-05-23T11:17:10+08:00 ] 127.0.0.1 /zhuoyue/css/conceal.css
INFO: [ app_init ] --START--
INFO: Run Behavior\BuildLiteBehavior [ RunTime:0.000012s ]
INFO: [ app_init ] --END-- [ RunTime:0.000330s ]
ERR: 无法加载模块:Css

[ 2017-05-23T14:21:09+08:00 ] 127.0.0.1 /zhuoyue/index.php/Intro/intro
INFO: [ app_init ] --START--
INFO: Run Behavior\BuildLiteBehavior [ RunTime:0.000013s ]
INFO: [ app_init ] --END-- [ RunTime:0.000440s ]
ERR: 无法加载模块:Intro

[ 2017-05-23T14:21:34+08:00 ] 127.0.0.1 /zhuoyue/index.php/Intro/intro
INFO: [ app_init ] --START--
INFO: Run Behavior\BuildLiteBehavior [ RunTime:0.000015s ]
INFO: [ app_init ] --END-- [ RunTime:0.000448s ]
ERR: 无法加载模块:Intro

[ 2017-05-23T14:21:35+08:00 ] 127.0.0.1 /zhuoyue/index.php/Intro/intro
INFO: [ app_init ] --START--
INFO: Run Behavior\BuildLiteBehavior [ RunTime:0.000022s ]
INFO: [ app_init ] --END-- [ RunTime:0.000584s ]
ERR: 无法加载模块:Intro

[ 2017-05-23T14:29:22+08:00 ] 127.0.0.1 /zhuoyue/Public/css/news.css
INFO: [ app_init ] --START--
INFO: Run Behavior\BuildLiteBehavior [ RunTime:0.000013s ]
INFO: [ app_init ] --END-- [ RunTime:0.000330s ]
ERR: 无法加载模块:Public

[ 2017-05-23T14:29:40+08:00 ] 127.0.0.1 /zhuoyue/Public/css/news.css
INFO: [ app_init ] --START--
INFO: Run Behavior\BuildLiteBehavior [ RunTime:0.000018s ]
INFO: [ app_init ] --END-- [ RunTime:0.000402s ]
ERR: 无法加载模块:Public

[ 2017-05-23T14:29:41+08:00 ] 127.0.0.1 /zhuoyue/Public/css/news.css
INFO: [ app_init ] --START--
INFO: Run Behavior\BuildLiteBehavior [ RunTime:0.000012s ]
INFO: [ app_init ] --END-- [ RunTime:0.000363s ]
ERR: 无法加载模块:Public

[ 2017-05-23T14:29:43+08:00 ] 127.0.0.1 /zhuoyue/Public/css/news.css
INFO: [ app_init ] --START--
INFO: Run Behavior\BuildLiteBehavior [ RunTime:0.000018s ]
INFO: [ app_init ] --END-- [ RunTime:0.000466s ]
ERR: 无法加载模块:Public

[ 2017-05-23T14:30:16+08:00 ] 127.0.0.1 /zhuoyue/Public/css/news.css
INFO: [ app_init ] --START--
INFO: Run Behavior\BuildLiteBehavior [ RunTime:0.000013s ]
INFO: [ app_init ] --END-- [ RunTime:0.000335s ]
ERR: 无法加载模块:Public

[ 2017-05-23T14:30:17+08:00 ] 127.0.0.1 /zhuoyue/Public/css/news.css
INFO: [ app_init ] --START--
INFO: Run Behavior\BuildLiteBehavior [ RunTime:0.000013s ]
INFO: [ app_init ] --END-- [ RunTime:0.000333s ]
ERR: 无法加载模块:Public

[ 2017-05-23T14:30:50+08:00 ] 127.0.0.1 /zhuoyue/Public/css/news.css
INFO: [ app_init ] --START--
INFO: Run Behavior\BuildLiteBehavior [ RunTime:0.000023s ]
INFO: [ app_init ] --END-- [ RunTime:0.000748s ]
ERR: 无法加载模块:Public

[ 2017-05-23T14:30:53+08:00 ] 127.0.0.1 /zhuoyue/Public/css/news.css
INFO: [ app_init ] --START--
INFO: Run Behavior\BuildLiteBehavior [ RunTime:0.000027s ]
INFO: [ app_init ] --END-- [ RunTime:0.000611s ]
ERR: 无法加载模块:Public

[ 2017-05-23T14:31:55+08:00 ] 127.0.0.1 /zhuoyue/Public/css/news.css
INFO: [ app_init ] --START--
INFO: Run Behavior\BuildLiteBehavior [ RunTime:0.000017s ]
INFO: [ app_init ] --END-- [ RunTime:0.000414s ]
ERR: 无法加载模块:Public

[ 2017-05-23T14:31:55+08:00 ] 127.0.0.1 /zhuoyue/Public/css/news.css
INFO: [ app_init ] --START--
INFO: Run Behavior\BuildLiteBehavior [ RunTime:0.000014s ]
INFO: [ app_init ] --END-- [ RunTime:0.000328s ]
ERR: 无法加载模块:Public

[ 2017-05-23T14:31:55+08:00 ] 127.0.0.1 /zhuoyue/Public/css/news.css
INFO: [ app_init ] --START--
INFO: Run Behavior\BuildLiteBehavior [ RunTime:0.000013s ]
INFO: [ app_init ] --END-- [ RunTime:0.000355s ]
ERR: 无法加载模块:Public

[ 2017-05-23T14:31:56+08:00 ] 127.0.0.1 /zhuoyue/Public/css/news.css
INFO: [ app_init ] --START--
INFO: Run Behavior\BuildLiteBehavior [ RunTime:0.000014s ]
INFO: [ app_init ] --END-- [ RunTime:0.000347s ]
ERR: 无法加载模块:Public

[ 2017-05-23T14:31:56+08:00 ] 127.0.0.1 /zhuoyue/Public/css/news.css
INFO: [ app_init ] --START--
INFO: Run Behavior\BuildLiteBehavior [ RunTime:0.000012s ]
INFO: [ app_init ] --END-- [ RunTime:0.000332s ]
ERR: 无法加载模块:Public

[ 2017-05-23T14:31:58+08:00 ] 127.0.0.1 /zhuoyue/Public/css/news.css
INFO: [ app_init ] --START--
INFO: Run Behavior\BuildLiteBehavior [ RunTime:0.000028s ]
INFO: [ app_init ] --END-- [ RunTime:0.000621s ]
ERR: 无法加载模块:Public

[ 2017-05-23T14:46:00+08:00 ] 127.0.0.1 /zhuoyue/Public/home/css/detail.css
INFO: [ app_init ] --START--
INFO: Run Behavior\BuildLiteBehavior [ RunTime:0.000013s ]
INFO: [ app_init ] --END-- [ RunTime:0.000329s ]
ERR: 无法加载模块:Public

[ 2017-05-23T14:46:01+08:00 ] 127.0.0.1 /zhuoyue/Public/home/css/detail.css
INFO: [ app_init ] --START--
INFO: Run Behavior\BuildLiteBehavior [ RunTime:0.000015s ]
INFO: [ app_init ] --END-- [ RunTime:0.000386s ]
ERR: 无法加载模块:Public

[ 2017-05-23T14:46:03+08:00 ] 127.0.0.1 /zhuoyue/Public/home/css/detail.css
INFO: [ app_init ] --START--
INFO: Run Behavior\BuildLiteBehavior [ RunTime:0.000013s ]
INFO: [ app_init ] --END-- [ RunTime:0.000329s ]
ERR: 无法加载模块:Public

