[ 2017-06-13T09:55:39+08:00 ] 127.0.0.1 /zhuoyue/Public/uploads/2017-06-13/593f32275ccf4.jpg
INFO: [ app_init ] --START--
INFO: Run Behavior\BuildLiteBehavior [ RunTime:0.000025s ]
INFO: [ app_init ] --END-- [ RunTime:0.000627s ]
ERR: 无法加载模块:Public

[ 2017-06-13T09:55:39+08:00 ] 127.0.0.1 /zhuoyue/Public/uploads/2017-06-13/593f3276dbfda.jpg
INFO: [ app_init ] --START--
INFO: Run Behavior\BuildLiteBehavior [ RunTime:0.000032s ]
INFO: [ app_init ] --END-- [ RunTime:0.000882s ]
ERR: 无法加载模块:Public

[ 2017-06-13T09:55:46+08:00 ] 127.0.0.1 /zhuoyue/Public/uploads/2017-06-13/593f32275ccf4.jpg
INFO: [ app_init ] --START--
INFO: Run Behavior\BuildLiteBehavior [ RunTime:0.000016s ]
INFO: [ app_init ] --END-- [ RunTime:0.000399s ]
ERR: 无法加载模块:Public

[ 2017-06-13T09:55:46+08:00 ] 127.0.0.1 /zhuoyue/Public/uploads/2017-06-13/593f3276dbfda.jpg
INFO: [ app_init ] --START--
INFO: Run Behavior\BuildLiteBehavior [ RunTime:0.000020s ]
INFO: [ app_init ] --END-- [ RunTime:0.000626s ]
ERR: 无法加载模块:Public

[ 2017-06-13T09:55:53+08:00 ] 127.0.0.1 /zhuoyue/Public/uploads/2017-06-13/593f32275ccf4.jpg
INFO: [ app_init ] --START--
INFO: Run Behavior\BuildLiteBehavior [ RunTime:0.000019s ]
INFO: [ app_init ] --END-- [ RunTime:0.000428s ]
ERR: 无法加载模块:Public

[ 2017-06-13T09:55:53+08:00 ] 127.0.0.1 /zhuoyue/Public/uploads/2017-06-13/593f3276dbfda.jpg
INFO: [ app_init ] --START--
INFO: Run Behavior\BuildLiteBehavior [ RunTime:0.000016s ]
INFO: [ app_init ] --END-- [ RunTime:0.000435s ]
ERR: 无法加载模块:Public

[ 2017-06-13T09:56:18+08:00 ] 127.0.0.1 /zhuoyue/Public/uploads/2017-06-13/593f32275ccf4.jpg
INFO: [ app_init ] --START--
INFO: Run Behavior\BuildLiteBehavior [ RunTime:0.000025s ]
INFO: [ app_init ] --END-- [ RunTime:0.000593s ]
ERR: 无法加载模块:Public

[ 2017-06-13T09:56:18+08:00 ] 127.0.0.1 /zhuoyue/Public/uploads/2017-06-13/593f3276dbfda.jpg
INFO: [ app_init ] --START--
INFO: Run Behavior\BuildLiteBehavior [ RunTime:0.000015s ]
INFO: [ app_init ] --END-- [ RunTime:0.000393s ]
ERR: 无法加载模块:Public

[ 2017-06-13T09:56:18+08:00 ] 127.0.0.1 /zhuoyue/Public/uploads/2017-06-13/593f32275ccf4.jpg
INFO: [ app_init ] --START--
INFO: Run Behavior\BuildLiteBehavior [ RunTime:0.000034s ]
INFO: [ app_init ] --END-- [ RunTime:0.000819s ]
ERR: 无法加载模块:Public

[ 2017-06-13T09:57:13+08:00 ] 127.0.0.1 /zhuoyue/Public/uploads/2017-06-13/593f32275ccf4.jpg
INFO: [ app_init ] --START--
INFO: Run Behavior\BuildLiteBehavior [ RunTime:0.000029s ]
INFO: [ app_init ] --END-- [ RunTime:0.000675s ]
ERR: 无法加载模块:Public

[ 2017-06-13T09:57:13+08:00 ] 127.0.0.1 /zhuoyue/Public/uploads/2017-06-13/593f3276dbfda.jpg
INFO: [ app_init ] --START--
INFO: Run Behavior\BuildLiteBehavior [ RunTime:0.000017s ]
INFO: [ app_init ] --END-- [ RunTime:0.000449s ]
ERR: 无法加载模块:Public

[ 2017-06-13T10:02:53+08:00 ] 127.0.0.1 /zhuoyue/Public/uploads/2017-06-13/593f32275ccf4.jpg
INFO: [ app_init ] --START--
INFO: Run Behavior\BuildLiteBehavior [ RunTime:0.000017s ]
INFO: [ app_init ] --END-- [ RunTime:0.000398s ]
ERR: 无法加载模块:Public

[ 2017-06-13T10:02:53+08:00 ] 127.0.0.1 /zhuoyue/Public/uploads/2017-06-13/593f3276dbfda.jpg
INFO: [ app_init ] --START--
INFO: Run Behavior\BuildLiteBehavior [ RunTime:0.000017s ]
INFO: [ app_init ] --END-- [ RunTime:0.000396s ]
ERR: 无法加载模块:Public

[ 2017-06-13T10:03:16+08:00 ] 127.0.0.1 /zhuoyue/Public/uploads/2017-06-13/593f32275ccf4.jpg
INFO: [ app_init ] --START--
INFO: Run Behavior\BuildLiteBehavior [ RunTime:0.000017s ]
INFO: [ app_init ] --END-- [ RunTime:0.000450s ]
ERR: 无法加载模块:Public

[ 2017-06-13T10:03:16+08:00 ] 127.0.0.1 /zhuoyue/Public/uploads/2017-06-13/593f3276dbfda.jpg
INFO: [ app_init ] --START--
INFO: Run Behavior\BuildLiteBehavior [ RunTime:0.000028s ]
INFO: [ app_init ] --END-- [ RunTime:0.000699s ]
ERR: 无法加载模块:Public

[ 2017-06-13T10:03:16+08:00 ] 127.0.0.1 /zhuoyue/Public/uploads/2017-06-13/593f32275ccf4.jpg
INFO: [ app_init ] --START--
INFO: Run Behavior\BuildLiteBehavior [ RunTime:0.000024s ]
INFO: [ app_init ] --END-- [ RunTime:0.000568s ]
ERR: 无法加载模块:Public

[ 2017-06-13T10:06:09+08:00 ] 127.0.0.1 /zhuoyue/Public/uploads/2017-06-13/593f32275ccf4.jpg
INFO: [ app_init ] --START--
INFO: Run Behavior\BuildLiteBehavior [ RunTime:0.000018s ]
INFO: [ app_init ] --END-- [ RunTime:0.000646s ]
ERR: 无法加载模块:Public

[ 2017-06-13T10:06:09+08:00 ] 127.0.0.1 /zhuoyue/Public/uploads/2017-06-13/593f3276dbfda.jpg
INFO: [ app_init ] --START--
INFO: Run Behavior\BuildLiteBehavior [ RunTime:0.000033s ]
INFO: [ app_init ] --END-- [ RunTime:0.000526s ]
ERR: 无法加载模块:Public

[ 2017-06-13T10:06:13+08:00 ] 127.0.0.1 /zhuoyue/Public/uploads/2017-06-13/593f32275ccf4.jpg
INFO: [ app_init ] --START--
INFO: Run Behavior\BuildLiteBehavior [ RunTime:0.000030s ]
INFO: [ app_init ] --END-- [ RunTime:0.000535s ]
ERR: 无法加载模块:Public

[ 2017-06-13T10:06:13+08:00 ] 127.0.0.1 /zhuoyue/Public/uploads/2017-06-13/593f3276dbfda.jpg
INFO: [ app_init ] --START--
INFO: Run Behavior\BuildLiteBehavior [ RunTime:0.000043s ]
INFO: [ app_init ] --END-- [ RunTime:0.000937s ]
ERR: 无法加载模块:Public

[ 2017-06-13T10:06:45+08:00 ] 127.0.0.1 /zhuoyue/Public/uploads/2017-06-13/593f32275ccf4.jpg
INFO: [ app_init ] --START--
INFO: Run Behavior\BuildLiteBehavior [ RunTime:0.000015s ]
INFO: [ app_init ] --END-- [ RunTime:0.000443s ]
ERR: 无法加载模块:Public

[ 2017-06-13T10:06:45+08:00 ] 127.0.0.1 /zhuoyue/Public/uploads/2017-06-13/593f3276dbfda.jpg
INFO: [ app_init ] --START--
INFO: Run Behavior\BuildLiteBehavior [ RunTime:0.000047s ]
INFO: [ app_init ] --END-- [ RunTime:0.000916s ]
ERR: 无法加载模块:Public

[ 2017-06-13T10:06:49+08:00 ] 127.0.0.1 /zhuoyue/Public/uploads/2017-06-13/593f32275ccf4.jpg
INFO: [ app_init ] --START--
INFO: Run Behavior\BuildLiteBehavior [ RunTime:0.000025s ]
INFO: [ app_init ] --END-- [ RunTime:0.000598s ]
ERR: 无法加载模块:Public

[ 2017-06-13T10:06:49+08:00 ] 127.0.0.1 /zhuoyue/Public/uploads/2017-06-13/593f3276dbfda.jpg
INFO: [ app_init ] --START--
INFO: Run Behavior\BuildLiteBehavior [ RunTime:0.000021s ]
INFO: [ app_init ] --END-- [ RunTime:0.000556s ]
ERR: 无法加载模块:Public

[ 2017-06-13T10:35:05+08:00 ] 127.0.0.1 /zhuoyue/Public/uploads/2017-06-13/593f32275ccf4.jpg
INFO: [ app_init ] --START--
INFO: Run Behavior\BuildLiteBehavior [ RunTime:0.000016s ]
INFO: [ app_init ] --END-- [ RunTime:0.000406s ]
ERR: 无法加载模块:Public

[ 2017-06-13T10:35:05+08:00 ] 127.0.0.1 /zhuoyue/Public/uploads/2017-06-13/593f3276dbfda.jpg
INFO: [ app_init ] --START--
INFO: Run Behavior\BuildLiteBehavior [ RunTime:0.000027s ]
INFO: [ app_init ] --END-- [ RunTime:0.000639s ]
ERR: 无法加载模块:Public

[ 2017-06-13T10:35:05+08:00 ] 127.0.0.1 /zhuoyue/Public/uploads/2017-06-13/593f32275ccf4.jpg
INFO: [ app_init ] --START--
INFO: Run Behavior\BuildLiteBehavior [ RunTime:0.000028s ]
INFO: [ app_init ] --END-- [ RunTime:0.000641s ]
ERR: 无法加载模块:Public

[ 2017-06-13T10:35:05+08:00 ] 127.0.0.1 /zhuoyue/Public/uploads/2017-06-13/593f3276dbfda.jpg
INFO: [ app_init ] --START--
INFO: Run Behavior\BuildLiteBehavior [ RunTime:0.000028s ]
INFO: [ app_init ] --END-- [ RunTime:0.000603s ]
ERR: 无法加载模块:Public

[ 2017-06-13T10:47:38+08:00 ] 127.0.0.1 /zhuoyue/Public/uploads/2017-06-13/593f32275ccf4.jpg
INFO: [ app_init ] --START--
INFO: Run Behavior\BuildLiteBehavior [ RunTime:0.000024s ]
INFO: [ app_init ] --END-- [ RunTime:0.000650s ]
ERR: 无法加载模块:Public

[ 2017-06-13T10:47:38+08:00 ] 127.0.0.1 /zhuoyue/Public/uploads/2017-06-13/593f3276dbfda.jpg
INFO: [ app_init ] --START--
INFO: Run Behavior\BuildLiteBehavior [ RunTime:0.000031s ]
INFO: [ app_init ] --END-- [ RunTime:0.000960s ]
ERR: 无法加载模块:Public

[ 2017-06-13T10:47:38+08:00 ] 127.0.0.1 /zhuoyue/Public/uploads/2017-06-13/593f32275ccf4.jpg
INFO: [ app_init ] --START--
INFO: Run Behavior\BuildLiteBehavior [ RunTime:0.000027s ]
INFO: [ app_init ] --END-- [ RunTime:0.000614s ]
ERR: 无法加载模块:Public

[ 2017-06-13T10:47:51+08:00 ] 127.0.0.1 /zhuoyue/Public/uploads/2017-06-13/593f32275ccf4.jpg
INFO: [ app_init ] --START--
INFO: Run Behavior\BuildLiteBehavior [ RunTime:0.000014s ]
INFO: [ app_init ] --END-- [ RunTime:0.000397s ]
ERR: 无法加载模块:Public

[ 2017-06-13T10:47:51+08:00 ] 127.0.0.1 /zhuoyue/Public/uploads/2017-06-13/593f3276dbfda.jpg
INFO: [ app_init ] --START--
INFO: Run Behavior\BuildLiteBehavior [ RunTime:0.000015s ]
INFO: [ app_init ] --END-- [ RunTime:0.000569s ]
ERR: 无法加载模块:Public

[ 2017-06-13T10:47:52+08:00 ] 127.0.0.1 /zhuoyue/Public/uploads/2017-06-13/593f32275ccf4.jpg
INFO: [ app_init ] --START--
INFO: Run Behavior\BuildLiteBehavior [ RunTime:0.000018s ]
INFO: [ app_init ] --END-- [ RunTime:0.000425s ]
ERR: 无法加载模块:Public

[ 2017-06-13T10:47:52+08:00 ] 127.0.0.1 /zhuoyue/Public/uploads/2017-06-13/593f3276dbfda.jpg
INFO: [ app_init ] --START--
INFO: Run Behavior\BuildLiteBehavior [ RunTime:0.000015s ]
INFO: [ app_init ] --END-- [ RunTime:0.000411s ]
ERR: 无法加载模块:Public

[ 2017-06-13T10:47:52+08:00 ] 127.0.0.1 /zhuoyue/Public/uploads/2017-06-13/593f32275ccf4.jpg
INFO: [ app_init ] --START--
INFO: Run Behavior\BuildLiteBehavior [ RunTime:0.000026s ]
INFO: [ app_init ] --END-- [ RunTime:0.000645s ]
ERR: 无法加载模块:Public

[ 2017-06-13T10:47:52+08:00 ] 127.0.0.1 /zhuoyue/Public/uploads/2017-06-13/593f3276dbfda.jpg
INFO: [ app_init ] --START--
INFO: Run Behavior\BuildLiteBehavior [ RunTime:0.000027s ]
INFO: [ app_init ] --END-- [ RunTime:0.000706s ]
ERR: 无法加载模块:Public

[ 2017-06-13T10:51:55+08:00 ] 127.0.0.1 /zhuoyue/Public/uploads/2017-06-13/593f32275ccf4.jpg
INFO: [ app_init ] --START--
INFO: Run Behavior\BuildLiteBehavior [ RunTime:0.000017s ]
INFO: [ app_init ] --END-- [ RunTime:0.000701s ]
ERR: 无法加载模块:Public

[ 2017-06-13T10:51:55+08:00 ] 127.0.0.1 /zhuoyue/Public/uploads/2017-06-13/593f3276dbfda.jpg
INFO: [ app_init ] --START--
INFO: Run Behavior\BuildLiteBehavior [ RunTime:0.000028s ]
INFO: [ app_init ] --END-- [ RunTime:0.000699s ]
ERR: 无法加载模块:Public

[ 2017-06-13T10:53:07+08:00 ] 127.0.0.1 /zhuoyue/Public/uploads/2017-06-13/593f3276dbfda.jpg
INFO: [ app_init ] --START--
INFO: Run Behavior\BuildLiteBehavior [ RunTime:0.000015s ]
INFO: [ app_init ] --END-- [ RunTime:0.000398s ]
ERR: 无法加载模块:Public

[ 2017-06-13T10:53:07+08:00 ] 127.0.0.1 /zhuoyue/Public/uploads/2017-06-13/593f32275ccf4.jpg
INFO: [ app_init ] --START--
INFO: Run Behavior\BuildLiteBehavior [ RunTime:0.000023s ]
INFO: [ app_init ] --END-- [ RunTime:0.000605s ]
ERR: 无法加载模块:Public

[ 2017-06-13T10:54:42+08:00 ] 127.0.0.1 /zhuoyue/Public/uploads/2017-06-13/593f32275ccf4.jpg
INFO: [ app_init ] --START--
INFO: Run Behavior\BuildLiteBehavior [ RunTime:0.000016s ]
INFO: [ app_init ] --END-- [ RunTime:0.000397s ]
ERR: 无法加载模块:Public

[ 2017-06-13T10:54:42+08:00 ] 127.0.0.1 /zhuoyue/Public/uploads/2017-06-13/593f3276dbfda.jpg
INFO: [ app_init ] --START--
INFO: Run Behavior\BuildLiteBehavior [ RunTime:0.000030s ]
INFO: [ app_init ] --END-- [ RunTime:0.000776s ]
ERR: 无法加载模块:Public

[ 2017-06-13T10:55:05+08:00 ] 127.0.0.1 /zhuoyue/Public/uploads/2017-06-13/593f32275ccf4.jpg
INFO: [ app_init ] --START--
INFO: Run Behavior\BuildLiteBehavior [ RunTime:0.000025s ]
INFO: [ app_init ] --END-- [ RunTime:0.000654s ]
ERR: 无法加载模块:Public

[ 2017-06-13T10:55:05+08:00 ] 127.0.0.1 /zhuoyue/Public/uploads/2017-06-13/593f3276dbfda.jpg
INFO: [ app_init ] --START--
INFO: Run Behavior\BuildLiteBehavior [ RunTime:0.000027s ]
INFO: [ app_init ] --END-- [ RunTime:0.000532s ]
ERR: 无法加载模块:Public

[ 2017-06-13T11:42:23+08:00 ] 127.0.0.1 /zhuoyue/Public/uploads/2017-06-13/593f3276dbfda.jpg
INFO: [ app_init ] --START--
INFO: Run Behavior\BuildLiteBehavior [ RunTime:0.000015s ]
INFO: [ app_init ] --END-- [ RunTime:0.000395s ]
ERR: 无法加载模块:Public

[ 2017-06-13T11:42:23+08:00 ] 127.0.0.1 /zhuoyue/Public/uploads/2017-06-13/593f32275ccf4.jpg
INFO: [ app_init ] --START--
INFO: Run Behavior\BuildLiteBehavior [ RunTime:0.000101s ]
INFO: [ app_init ] --END-- [ RunTime:0.000597s ]
ERR: 无法加载模块:Public

[ 2017-06-13T11:42:25+08:00 ] 127.0.0.1 /zhuoyue/Public/uploads/2017-06-13/593f32275ccf4.jpg
INFO: [ app_init ] --START--
INFO: Run Behavior\BuildLiteBehavior [ RunTime:0.000016s ]
INFO: [ app_init ] --END-- [ RunTime:0.000406s ]
ERR: 无法加载模块:Public

[ 2017-06-13T11:42:25+08:00 ] 127.0.0.1 /zhuoyue/Public/uploads/2017-06-13/593f3276dbfda.jpg
INFO: [ app_init ] --START--
INFO: Run Behavior\BuildLiteBehavior [ RunTime:0.000024s ]
INFO: [ app_init ] --END-- [ RunTime:0.000588s ]
ERR: 无法加载模块:Public

[ 2017-06-13T11:42:26+08:00 ] 127.0.0.1 /zhuoyue/Public/uploads/2017-06-13/593f32275ccf4.jpg
INFO: [ app_init ] --START--
INFO: Run Behavior\BuildLiteBehavior [ RunTime:0.000016s ]
INFO: [ app_init ] --END-- [ RunTime:0.000388s ]
ERR: 无法加载模块:Public

[ 2017-06-13T11:42:26+08:00 ] 127.0.0.1 /zhuoyue/Public/uploads/2017-06-13/593f3276dbfda.jpg
INFO: [ app_init ] --START--
INFO: Run Behavior\BuildLiteBehavior [ RunTime:0.000014s ]
INFO: [ app_init ] --END-- [ RunTime:0.000381s ]
ERR: 无法加载模块:Public

[ 2017-06-13T11:42:31+08:00 ] 127.0.0.1 /zhuoyue/Public/uploads/2017-06-13/593f3276dbfda.jpg
INFO: [ app_init ] --START--
INFO: Run Behavior\BuildLiteBehavior [ RunTime:0.000024s ]
INFO: [ app_init ] --END-- [ RunTime:0.000577s ]
ERR: 无法加载模块:Public

[ 2017-06-13T11:42:31+08:00 ] 127.0.0.1 /zhuoyue/Public/uploads/2017-06-13/593f32275ccf4.jpg
INFO: [ app_init ] --START--
INFO: Run Behavior\BuildLiteBehavior [ RunTime:0.000022s ]
INFO: [ app_init ] --END-- [ RunTime:0.000547s ]
ERR: 无法加载模块:Public

[ 2017-06-13T11:42:41+08:00 ] 127.0.0.1 /zhuoyue/Public/uploads/2017-06-13/593f32275ccf4.jpg
INFO: [ app_init ] --START--
INFO: Run Behavior\BuildLiteBehavior [ RunTime:0.000025s ]
INFO: [ app_init ] --END-- [ RunTime:0.000612s ]
ERR: 无法加载模块:Public

[ 2017-06-13T11:42:41+08:00 ] 127.0.0.1 /zhuoyue/Public/uploads/2017-06-13/593f3276dbfda.jpg
INFO: [ app_init ] --START--
INFO: Run Behavior\BuildLiteBehavior [ RunTime:0.000022s ]
INFO: [ app_init ] --END-- [ RunTime:0.000518s ]
ERR: 无法加载模块:Public

[ 2017-06-13T11:42:55+08:00 ] 127.0.0.1 /zhuoyue/Public/uploads/2017-06-13/593f3276dbfda.jpg
INFO: [ app_init ] --START--
INFO: Run Behavior\BuildLiteBehavior [ RunTime:0.000015s ]
INFO: [ app_init ] --END-- [ RunTime:0.000383s ]
ERR: 无法加载模块:Public

[ 2017-06-13T11:42:55+08:00 ] 127.0.0.1 /zhuoyue/Public/uploads/2017-06-13/593f32275ccf4.jpg
INFO: [ app_init ] --START--
INFO: Run Behavior\BuildLiteBehavior [ RunTime:0.000016s ]
INFO: [ app_init ] --END-- [ RunTime:0.000424s ]
ERR: 无法加载模块:Public

[ 2017-06-13T11:43:27+08:00 ] 127.0.0.1 /zhuoyue/Public/uploads/2017-06-13/593f32275ccf4.jpg
INFO: [ app_init ] --START--
INFO: Run Behavior\BuildLiteBehavior [ RunTime:0.000026s ]
INFO: [ app_init ] --END-- [ RunTime:0.000589s ]
ERR: 无法加载模块:Public

[ 2017-06-13T11:43:27+08:00 ] 127.0.0.1 /zhuoyue/Public/uploads/2017-06-13/593f3276dbfda.jpg
INFO: [ app_init ] --START--
INFO: Run Behavior\BuildLiteBehavior [ RunTime:0.000016s ]
INFO: [ app_init ] --END-- [ RunTime:0.000452s ]
ERR: 无法加载模块:Public

[ 2017-06-13T11:43:30+08:00 ] 127.0.0.1 /zhuoyue/Public/uploads/2017-06-13/593f32275ccf4.jpg
INFO: [ app_init ] --START--
INFO: Run Behavior\BuildLiteBehavior [ RunTime:0.000016s ]
INFO: [ app_init ] --END-- [ RunTime:0.000387s ]
ERR: 无法加载模块:Public

[ 2017-06-13T11:43:30+08:00 ] 127.0.0.1 /zhuoyue/Public/uploads/2017-06-13/593f3276dbfda.jpg
INFO: [ app_init ] --START--
INFO: Run Behavior\BuildLiteBehavior [ RunTime:0.000014s ]
INFO: [ app_init ] --END-- [ RunTime:0.000383s ]
ERR: 无法加载模块:Public

[ 2017-06-13T11:43:38+08:00 ] 127.0.0.1 /zhuoyue/Public/uploads/2017-06-13/593f32275ccf4.jpg
INFO: [ app_init ] --START--
INFO: Run Behavior\BuildLiteBehavior [ RunTime:0.000014s ]
INFO: [ app_init ] --END-- [ RunTime:0.000367s ]
ERR: 无法加载模块:Public

[ 2017-06-13T11:43:38+08:00 ] 127.0.0.1 /zhuoyue/Public/uploads/2017-06-13/593f3276dbfda.jpg
INFO: [ app_init ] --START--
INFO: Run Behavior\BuildLiteBehavior [ RunTime:0.000014s ]
INFO: [ app_init ] --END-- [ RunTime:0.000371s ]
ERR: 无法加载模块:Public

[ 2017-06-13T11:43:39+08:00 ] 127.0.0.1 /zhuoyue/Public/uploads/2017-06-13/593f32275ccf4.jpg
INFO: [ app_init ] --START--
INFO: Run Behavior\BuildLiteBehavior [ RunTime:0.000015s ]
INFO: [ app_init ] --END-- [ RunTime:0.000385s ]
ERR: 无法加载模块:Public

[ 2017-06-13T11:43:39+08:00 ] 127.0.0.1 /zhuoyue/Public/uploads/2017-06-13/593f3276dbfda.jpg
INFO: [ app_init ] --START--
INFO: Run Behavior\BuildLiteBehavior [ RunTime:0.000017s ]
INFO: [ app_init ] --END-- [ RunTime:0.000401s ]
ERR: 无法加载模块:Public

[ 2017-06-13T11:43:41+08:00 ] 127.0.0.1 /zhuoyue/Public/uploads/2017-06-13/593f32275ccf4.jpg
INFO: [ app_init ] --START--
INFO: Run Behavior\BuildLiteBehavior [ RunTime:0.000024s ]
INFO: [ app_init ] --END-- [ RunTime:0.000637s ]
ERR: 无法加载模块:Public

[ 2017-06-13T11:43:41+08:00 ] 127.0.0.1 /zhuoyue/Public/uploads/2017-06-13/593f3276dbfda.jpg
INFO: [ app_init ] --START--
INFO: Run Behavior\BuildLiteBehavior [ RunTime:0.000024s ]
INFO: [ app_init ] --END-- [ RunTime:0.000588s ]
ERR: 无法加载模块:Public

[ 2017-06-13T11:43:42+08:00 ] 127.0.0.1 /zhuoyue/Public/uploads/2017-06-13/593f32275ccf4.jpg
INFO: [ app_init ] --START--
INFO: Run Behavior\BuildLiteBehavior [ RunTime:0.000015s ]
INFO: [ app_init ] --END-- [ RunTime:0.000381s ]
ERR: 无法加载模块:Public

[ 2017-06-13T11:43:42+08:00 ] 127.0.0.1 /zhuoyue/Public/uploads/2017-06-13/593f3276dbfda.jpg
INFO: [ app_init ] --START--
INFO: Run Behavior\BuildLiteBehavior [ RunTime:0.000016s ]
INFO: [ app_init ] --END-- [ RunTime:0.000500s ]
ERR: 无法加载模块:Public

[ 2017-06-13T11:44:22+08:00 ] 127.0.0.1 /zhuoyue/Public/uploads/2017-06-13/593f3276dbfda.jpg
INFO: [ app_init ] --START--
INFO: Run Behavior\BuildLiteBehavior [ RunTime:0.000015s ]
INFO: [ app_init ] --END-- [ RunTime:0.000392s ]
ERR: 无法加载模块:Public

[ 2017-06-13T11:44:22+08:00 ] 127.0.0.1 /zhuoyue/Public/uploads/2017-06-13/593f32275ccf4.jpg
INFO: [ app_init ] --START--
INFO: Run Behavior\BuildLiteBehavior [ RunTime:0.000022s ]
INFO: [ app_init ] --END-- [ RunTime:0.000576s ]
ERR: 无法加载模块:Public

[ 2017-06-13T11:47:11+08:00 ] 127.0.0.1 /zhuoyue/Public/uploads/2017-06-13/593f32275ccf4.jpg
INFO: [ app_init ] --START--
INFO: Run Behavior\BuildLiteBehavior [ RunTime:0.000030s ]
INFO: [ app_init ] --END-- [ RunTime:0.001128s ]
ERR: 无法加载模块:Public

[ 2017-06-13T11:47:11+08:00 ] 127.0.0.1 /zhuoyue/Public/uploads/2017-06-13/593f3276dbfda.jpg
INFO: [ app_init ] --START--
INFO: Run Behavior\BuildLiteBehavior [ RunTime:0.000018s ]
INFO: [ app_init ] --END-- [ RunTime:0.000510s ]
ERR: 无法加载模块:Public

[ 2017-06-13T11:48:23+08:00 ] 127.0.0.1 /zhuoyue/Public/uploads/2017-06-13/593f32275ccf4.jpg
INFO: [ app_init ] --START--
INFO: Run Behavior\BuildLiteBehavior [ RunTime:0.000016s ]
INFO: [ app_init ] --END-- [ RunTime:0.000389s ]
ERR: 无法加载模块:Public

[ 2017-06-13T11:48:23+08:00 ] 127.0.0.1 /zhuoyue/Public/uploads/2017-06-13/593f3276dbfda.jpg
INFO: [ app_init ] --START--
INFO: Run Behavior\BuildLiteBehavior [ RunTime:0.000014s ]
INFO: [ app_init ] --END-- [ RunTime:0.000378s ]
ERR: 无法加载模块:Public

[ 2017-06-13T11:48:40+08:00 ] 127.0.0.1 /zhuoyue/Public/uploads/2017-06-13/593f3276dbfda.jpg
INFO: [ app_init ] --START--
INFO: Run Behavior\BuildLiteBehavior [ RunTime:0.000017s ]
INFO: [ app_init ] --END-- [ RunTime:0.000400s ]
ERR: 无法加载模块:Public

[ 2017-06-13T11:48:40+08:00 ] 127.0.0.1 /zhuoyue/Public/uploads/2017-06-13/593f32275ccf4.jpg
INFO: [ app_init ] --START--
INFO: Run Behavior\BuildLiteBehavior [ RunTime:0.000016s ]
INFO: [ app_init ] --END-- [ RunTime:0.000389s ]
ERR: 无法加载模块:Public

[ 2017-06-13T11:49:24+08:00 ] 127.0.0.1 /zhuoyue/Public/uploads/2017-06-13/593f32275ccf4.jpg
INFO: [ app_init ] --START--
INFO: Run Behavior\BuildLiteBehavior [ RunTime:0.000018s ]
INFO: [ app_init ] --END-- [ RunTime:0.000489s ]
ERR: 无法加载模块:Public

[ 2017-06-13T11:49:24+08:00 ] 127.0.0.1 /zhuoyue/Public/uploads/2017-06-13/593f3276dbfda.jpg
INFO: [ app_init ] --START--
INFO: Run Behavior\BuildLiteBehavior [ RunTime:0.000020s ]
INFO: [ app_init ] --END-- [ RunTime:0.000580s ]
ERR: 无法加载模块:Public

[ 2017-06-13T11:49:30+08:00 ] 127.0.0.1 /zhuoyue/Public/uploads/2017-06-13/593f32275ccf4.jpg
INFO: [ app_init ] --START--
INFO: Run Behavior\BuildLiteBehavior [ RunTime:0.000018s ]
INFO: [ app_init ] --END-- [ RunTime:0.000476s ]
ERR: 无法加载模块:Public

[ 2017-06-13T11:49:30+08:00 ] 127.0.0.1 /zhuoyue/Public/uploads/2017-06-13/593f3276dbfda.jpg
INFO: [ app_init ] --START--
INFO: Run Behavior\BuildLiteBehavior [ RunTime:0.000015s ]
INFO: [ app_init ] --END-- [ RunTime:0.000444s ]
ERR: 无法加载模块:Public

[ 2017-06-13T11:49:32+08:00 ] 127.0.0.1 /zhuoyue/Public/uploads/2017-06-13/593f32275ccf4.jpg
INFO: [ app_init ] --START--
INFO: Run Behavior\BuildLiteBehavior [ RunTime:0.000014s ]
INFO: [ app_init ] --END-- [ RunTime:0.000339s ]
ERR: 无法加载模块:Public

[ 2017-06-13T11:49:32+08:00 ] 127.0.0.1 /zhuoyue/Public/uploads/2017-06-13/593f3276dbfda.jpg
INFO: [ app_init ] --START--
INFO: Run Behavior\BuildLiteBehavior [ RunTime:0.000062s ]
INFO: [ app_init ] --END-- [ RunTime:0.000824s ]
ERR: 无法加载模块:Public

[ 2017-06-13T14:21:40+08:00 ] 127.0.0.1 /zhuoyue/Public/uploads/2017-06-13/593f32275ccf4.jpg
INFO: [ app_init ] --START--
INFO: Run Behavior\BuildLiteBehavior [ RunTime:0.000015s ]
INFO: [ app_init ] --END-- [ RunTime:0.000388s ]
ERR: 无法加载模块:Public

[ 2017-06-13T14:21:40+08:00 ] 127.0.0.1 /zhuoyue/Public/uploads/2017-06-13/593f3276dbfda.jpg
INFO: [ app_init ] --START--
INFO: Run Behavior\BuildLiteBehavior [ RunTime:0.000015s ]
INFO: [ app_init ] --END-- [ RunTime:0.000338s ]
ERR: 无法加载模块:Public

[ 2017-06-13T14:24:03+08:00 ] 127.0.0.1 /zhuoyue/Public/uploads/2017-06-13/593f32275ccf4.jpg
INFO: [ app_init ] --START--
INFO: Run Behavior\BuildLiteBehavior [ RunTime:0.000034s ]
INFO: [ app_init ] --END-- [ RunTime:0.000889s ]
ERR: 无法加载模块:Public

[ 2017-06-13T14:24:03+08:00 ] 127.0.0.1 /zhuoyue/Public/uploads/2017-06-13/593f3276dbfda.jpg
INFO: [ app_init ] --START--
INFO: Run Behavior\BuildLiteBehavior [ RunTime:0.000030s ]
INFO: [ app_init ] --END-- [ RunTime:0.000687s ]
ERR: 无法加载模块:Public

[ 2017-06-13T14:29:18+08:00 ] 127.0.0.1 /zhuoyue/Public/uploads/2017-06-13/593f32275ccf4.jpg
INFO: [ app_init ] --START--
INFO: Run Behavior\BuildLiteBehavior [ RunTime:0.000016s ]
INFO: [ app_init ] --END-- [ RunTime:0.000388s ]
ERR: 无法加载模块:Public

[ 2017-06-13T14:29:18+08:00 ] 127.0.0.1 /zhuoyue/Public/uploads/2017-06-13/593f3276dbfda.jpg
INFO: [ app_init ] --START--
INFO: Run Behavior\BuildLiteBehavior [ RunTime:0.000014s ]
INFO: [ app_init ] --END-- [ RunTime:0.000363s ]
ERR: 无法加载模块:Public

[ 2017-06-13T14:29:39+08:00 ] 127.0.0.1 /zhuoyue/Public/uploads/2017-06-13/593f32275ccf4.jpg
INFO: [ app_init ] --START--
INFO: Run Behavior\BuildLiteBehavior [ RunTime:0.000029s ]
INFO: [ app_init ] --END-- [ RunTime:0.000380s ]
ERR: 无法加载模块:Public

[ 2017-06-13T14:29:39+08:00 ] 127.0.0.1 /zhuoyue/Public/uploads/2017-06-13/593f3276dbfda.jpg
INFO: [ app_init ] --START--
INFO: Run Behavior\BuildLiteBehavior [ RunTime:0.000019s ]
INFO: [ app_init ] --END-- [ RunTime:0.000535s ]
ERR: 无法加载模块:Public

[ 2017-06-13T14:31:16+08:00 ] 127.0.0.1 /zhuoyue/Public/uploads/2017-06-13/593f32275ccf4.jpg
INFO: [ app_init ] --START--
INFO: Run Behavior\BuildLiteBehavior [ RunTime:0.000017s ]
INFO: [ app_init ] --END-- [ RunTime:0.000462s ]
ERR: 无法加载模块:Public

[ 2017-06-13T14:31:16+08:00 ] 127.0.0.1 /zhuoyue/Public/uploads/2017-06-13/593f3276dbfda.jpg
INFO: [ app_init ] --START--
INFO: Run Behavior\BuildLiteBehavior [ RunTime:0.000016s ]
INFO: [ app_init ] --END-- [ RunTime:0.000383s ]
ERR: 无法加载模块:Public

[ 2017-06-13T14:33:06+08:00 ] 127.0.0.1 /zhuoyue/Public/uploads/2017-06-13/593f32275ccf4.jpg
INFO: [ app_init ] --START--
INFO: Run Behavior\BuildLiteBehavior [ RunTime:0.000015s ]
INFO: [ app_init ] --END-- [ RunTime:0.000446s ]
ERR: 无法加载模块:Public

[ 2017-06-13T14:33:06+08:00 ] 127.0.0.1 /zhuoyue/Public/uploads/2017-06-13/593f3276dbfda.jpg
INFO: [ app_init ] --START--
INFO: Run Behavior\BuildLiteBehavior [ RunTime:0.000016s ]
INFO: [ app_init ] --END-- [ RunTime:0.000458s ]
ERR: 无法加载模块:Public

[ 2017-06-13T14:36:39+08:00 ] 127.0.0.1 /zhuoyue/Public/uploads/2017-06-13/593f32275ccf4.jpg
INFO: [ app_init ] --START--
INFO: Run Behavior\BuildLiteBehavior [ RunTime:0.000018s ]
INFO: [ app_init ] --END-- [ RunTime:0.000427s ]
ERR: 无法加载模块:Public

[ 2017-06-13T14:36:39+08:00 ] 127.0.0.1 /zhuoyue/Public/uploads/2017-06-13/593f3276dbfda.jpg
INFO: [ app_init ] --START--
INFO: Run Behavior\BuildLiteBehavior [ RunTime:0.000024s ]
INFO: [ app_init ] --END-- [ RunTime:0.001135s ]
ERR: 无法加载模块:Public

[ 2017-06-13T14:36:49+08:00 ] 127.0.0.1 /zhuoyue/Public/uploads/2017-06-13/593f3276dbfda.jpg
INFO: [ app_init ] --START--
INFO: Run Behavior\BuildLiteBehavior [ RunTime:0.000016s ]
INFO: [ app_init ] --END-- [ RunTime:0.000400s ]
ERR: 无法加载模块:Public

[ 2017-06-13T14:50:06+08:00 ] 127.0.0.1 /zhuoyue/Public/uploads/2017-06-13/593f3276dbfda.jpg
INFO: [ app_init ] --START--
INFO: Run Behavior\BuildLiteBehavior [ RunTime:0.000016s ]
INFO: [ app_init ] --END-- [ RunTime:0.000508s ]
ERR: 无法加载模块:Public

[ 2017-06-13T14:50:15+08:00 ] 127.0.0.1 /zhuoyue/Public/uploads/2017-06-13/593f3276dbfda.jpg
INFO: [ app_init ] --START--
INFO: Run Behavior\BuildLiteBehavior [ RunTime:0.000027s ]
INFO: [ app_init ] --END-- [ RunTime:0.000386s ]
ERR: 无法加载模块:Public

