[ 2017-11-07T14:36:33+08:00 ] 127.0.0.1 /zhuoyue/index.php/admin
INFO: [ app_init ] --START--
INFO: Run Behavior\BuildLiteBehavior [ RunTime:0.000023s ]
INFO: [ app_init ] --END-- [ RunTime:0.000619s ]
INFO: [ app_begin ] --START--
INFO: Run Behavior\ReadHtmlCacheBehavior [ RunTime:0.001416s ]
INFO: [ app_begin ] --END-- [ RunTime:0.001538s ]

[ 2017-11-07T14:36:33+08:00 ] 127.0.0.1 /zhuoyue/index.php/Admin/Login/login
INFO: [ app_init ] --START--
INFO: Run Behavior\BuildLiteBehavior [ RunTime:0.000014s ]
INFO: [ app_init ] --END-- [ RunTime:0.000372s ]
INFO: [ app_begin ] --START--
INFO: Run Behavior\ReadHtmlCacheBehavior [ RunTime:0.000719s ]
INFO: [ app_begin ] --END-- [ RunTime:0.000777s ]
INFO: [ view_parse ] --START--
INFO: [ template_filter ] --START--
INFO: Run Behavior\ContentReplaceBehavior [ RunTime:0.000047s ]
INFO: [ template_filter ] --END-- [ RunTime:0.000112s ]
INFO: Run Behavior\ParseTemplateBehavior [ RunTime:0.041722s ]
INFO: [ view_parse ] --END-- [ RunTime:0.041857s ]
INFO: [ view_filter ] --START--
INFO: Run Behavior\WriteHtmlCacheBehavior [ RunTime:0.000626s ]
INFO: [ view_filter ] --END-- [ RunTime:0.000684s ]
INFO: [ app_end ] --START--
INFO: Run Behavior\ShowPageTraceBehavior [ RunTime:0.000831s ]
INFO: [ app_end ] --END-- [ RunTime:0.000894s ]

[ 2017-11-07T14:36:34+08:00 ] 127.0.0.1 /zhuoyue/index.php/Admin/Login/verify
INFO: [ app_init ] --START--
INFO: Run Behavior\BuildLiteBehavior [ RunTime:0.000015s ]
INFO: [ app_init ] --END-- [ RunTime:0.000387s ]
INFO: [ app_begin ] --START--
INFO: Run Behavior\ReadHtmlCacheBehavior [ RunTime:0.000567s ]
INFO: [ app_begin ] --END-- [ RunTime:0.000625s ]
INFO: [ app_end ] --START--
INFO: Run Behavior\ShowPageTraceBehavior [ RunTime:0.001257s ]
INFO: [ app_end ] --END-- [ RunTime:0.001388s ]

[ 2017-11-07T14:36:48+08:00 ] 127.0.0.1 /zhuoyue/index.php/Admin/Login/verify
INFO: [ app_init ] --START--
INFO: Run Behavior\BuildLiteBehavior [ RunTime:0.000041s ]
INFO: [ app_init ] --END-- [ RunTime:0.001096s ]
INFO: [ app_begin ] --START--
INFO: Run Behavior\ReadHtmlCacheBehavior [ RunTime:0.001872s ]
INFO: [ app_begin ] --END-- [ RunTime:0.002064s ]
INFO: [ app_end ] --START--
INFO: Run Behavior\ShowPageTraceBehavior [ RunTime:0.000699s ]
INFO: [ app_end ] --END-- [ RunTime:0.000786s ]

[ 2017-11-07T14:36:49+08:00 ] 127.0.0.1 /zhuoyue/index.php/Admin/Login/verify
INFO: [ app_init ] --START--
INFO: Run Behavior\BuildLiteBehavior [ RunTime:0.000015s ]
INFO: [ app_init ] --END-- [ RunTime:0.000375s ]
INFO: [ app_begin ] --START--
INFO: Run Behavior\ReadHtmlCacheBehavior [ RunTime:0.000511s ]
INFO: [ app_begin ] --END-- [ RunTime:0.000576s ]
INFO: [ app_end ] --START--
INFO: Run Behavior\ShowPageTraceBehavior [ RunTime:0.000681s ]
INFO: [ app_end ] --END-- [ RunTime:0.000766s ]

[ 2017-11-07T14:36:50+08:00 ] 127.0.0.1 /zhuoyue/index.php/Admin/Login/verify
INFO: [ app_init ] --START--
INFO: Run Behavior\BuildLiteBehavior [ RunTime:0.000021s ]
INFO: [ app_init ] --END-- [ RunTime:0.000557s ]
INFO: [ app_begin ] --START--
INFO: Run Behavior\ReadHtmlCacheBehavior [ RunTime:0.000745s ]
INFO: [ app_begin ] --END-- [ RunTime:0.000838s ]
INFO: [ app_end ] --START--
INFO: Run Behavior\ShowPageTraceBehavior [ RunTime:0.001532s ]
INFO: [ app_end ] --END-- [ RunTime:0.001723s ]

[ 2017-11-07T14:36:52+08:00 ] 127.0.0.1 /zhuoyue/index.php/Admin/Login/verify
INFO: [ app_init ] --START--
INFO: Run Behavior\BuildLiteBehavior [ RunTime:0.000024s ]
INFO: [ app_init ] --END-- [ RunTime:0.001050s ]
INFO: [ app_begin ] --START--
INFO: Run Behavior\ReadHtmlCacheBehavior [ RunTime:0.000638s ]
INFO: [ app_begin ] --END-- [ RunTime:0.000728s ]
INFO: [ app_end ] --START--
INFO: Run Behavior\ShowPageTraceBehavior [ RunTime:0.000806s ]
INFO: [ app_end ] --END-- [ RunTime:0.000902s ]

[ 2017-11-07T14:37:00+08:00 ] 127.0.0.1 /zhuoyue/index.php/Admin/Login/login
INFO: [ app_init ] --START--
INFO: Run Behavior\BuildLiteBehavior [ RunTime:0.000016s ]
INFO: [ app_init ] --END-- [ RunTime:0.000346s ]
INFO: [ app_begin ] --START--
INFO: Run Behavior\ReadHtmlCacheBehavior [ RunTime:0.000480s ]
INFO: [ app_begin ] --END-- [ RunTime:0.000536s ]
SQL: SHOW COLUMNS FROM `user` [ RunTime:0.0876s ]
SQL: SELECT COUNT(*) AS tp_count FROM `user` WHERE `username` = 'zz' AND `password` = '123456' LIMIT 1   [ RunTime:0.0020s ]
INFO: [ view_parse ] --START--
INFO: [ template_filter ] --START--
INFO: Run Behavior\ContentReplaceBehavior [ RunTime:0.000085s ]
INFO: [ template_filter ] --END-- [ RunTime:0.000199s ]
INFO: Run Behavior\ParseTemplateBehavior [ RunTime:0.054641s ]
INFO: [ view_parse ] --END-- [ RunTime:0.054868s ]
INFO: [ view_filter ] --START--
INFO: Run Behavior\WriteHtmlCacheBehavior [ RunTime:0.000700s ]
INFO: [ view_filter ] --END-- [ RunTime:0.000792s ]
INFO: [ app_end ] --START--
INFO: Run Behavior\ShowPageTraceBehavior [ RunTime:0.001021s ]
INFO: [ app_end ] --END-- [ RunTime:0.001132s ]

[ 2017-11-07T14:37:02+08:00 ] 127.0.0.1 /zhuoyue/index.php/Admin/Index/index
INFO: [ app_init ] --START--
INFO: Run Behavior\BuildLiteBehavior [ RunTime:0.000068s ]
INFO: [ app_init ] --END-- [ RunTime:0.001345s ]
INFO: [ app_begin ] --START--
INFO: Run Behavior\ReadHtmlCacheBehavior [ RunTime:0.000759s ]
INFO: [ app_begin ] --END-- [ RunTime:0.000877s ]
SQL: SHOW COLUMNS FROM `session` [ RunTime:0.0059s ]
SQL: SHOW COLUMNS FROM `msg` [ RunTime:0.0069s ]
SQL: SELECT * FROM `session` WHERE ( times<1509950222 )  [ RunTime:0.0011s ]
SQL: DELETE FROM `msg` WHERE ( toid=1 ) [ RunTime:0.0004s ]
SQL: UPDATE `session` SET `states`='0',`state`='0',`times`='0' WHERE ( id=1 ) [ RunTime:0.1155s ]
SQL: DELETE FROM `msg` WHERE ( toid=2 ) [ RunTime:0.0013s ]
SQL: UPDATE `session` SET `states`='0',`state`='0',`times`='0' WHERE ( id=2 ) [ RunTime:0.0540s ]
INFO: [ view_parse ] --START--
INFO: [ template_filter ] --START--
INFO: Run Behavior\ContentReplaceBehavior [ RunTime:0.000115s ]
INFO: [ template_filter ] --END-- [ RunTime:0.000278s ]
INFO: Run Behavior\ParseTemplateBehavior [ RunTime:0.040358s ]
INFO: [ view_parse ] --END-- [ RunTime:0.040543s ]
INFO: [ view_filter ] --START--
INFO: Run Behavior\WriteHtmlCacheBehavior [ RunTime:0.000898s ]
INFO: [ view_filter ] --END-- [ RunTime:0.001007s ]
INFO: [ app_end ] --START--
INFO: Run Behavior\ShowPageTraceBehavior [ RunTime:0.001459s ]
INFO: [ app_end ] --END-- [ RunTime:0.001597s ]

[ 2017-11-07T14:37:04+08:00 ] 127.0.0.1 /zhuoyue/index.php/Admin/Banner/banner
INFO: [ app_init ] --START--
INFO: Run Behavior\BuildLiteBehavior [ RunTime:0.000018s ]
INFO: [ app_init ] --END-- [ RunTime:0.000413s ]
INFO: [ app_begin ] --START--
INFO: Run Behavior\ReadHtmlCacheBehavior [ RunTime:0.000556s ]
INFO: [ app_begin ] --END-- [ RunTime:0.000637s ]
SQL: SHOW COLUMNS FROM `banner` [ RunTime:0.0110s ]
SQL: SELECT * FROM `banner` ORDER BY id asc  [ RunTime:0.0010s ]
INFO: [ view_parse ] --START--
INFO: [ template_filter ] --START--
INFO: Run Behavior\ContentReplaceBehavior [ RunTime:0.000054s ]
INFO: [ template_filter ] --END-- [ RunTime:0.000115s ]
INFO: Run Behavior\ParseTemplateBehavior [ RunTime:0.043300s ]
INFO: [ view_parse ] --END-- [ RunTime:0.043392s ]
INFO: [ view_filter ] --START--
INFO: Run Behavior\WriteHtmlCacheBehavior [ RunTime:0.000378s ]
INFO: [ view_filter ] --END-- [ RunTime:0.000426s ]
INFO: [ app_end ] --START--
INFO: Run Behavior\ShowPageTraceBehavior [ RunTime:0.000726s ]
INFO: [ app_end ] --END-- [ RunTime:0.000784s ]

[ 2017-11-07T14:37:13+08:00 ] 127.0.0.1 /zhuoyue/index.php/Admin/Nownews/nownews
INFO: [ app_init ] --START--
INFO: Run Behavior\BuildLiteBehavior [ RunTime:0.000017s ]
INFO: [ app_init ] --END-- [ RunTime:0.000395s ]
INFO: [ app_begin ] --START--
INFO: Run Behavior\ReadHtmlCacheBehavior [ RunTime:0.000508s ]
INFO: [ app_begin ] --END-- [ RunTime:0.000571s ]
SQL: SHOW COLUMNS FROM `session` [ RunTime:0.0204s ]
SQL: SELECT * FROM `session` WHERE ( state=1 ) ORDER BY id asc  [ RunTime:0.0017s ]
INFO: [ view_parse ] --START--
INFO: [ template_filter ] --START--
INFO: Run Behavior\ContentReplaceBehavior [ RunTime:0.000150s ]
INFO: [ template_filter ] --END-- [ RunTime:0.000308s ]
INFO: Run Behavior\ParseTemplateBehavior [ RunTime:0.028807s ]
INFO: [ view_parse ] --END-- [ RunTime:0.028978s ]
INFO: [ view_filter ] --START--
INFO: Run Behavior\WriteHtmlCacheBehavior [ RunTime:0.000883s ]
INFO: [ view_filter ] --END-- [ RunTime:0.001000s ]
INFO: [ app_end ] --START--
INFO: Run Behavior\ShowPageTraceBehavior [ RunTime:0.001225s ]
INFO: [ app_end ] --END-- [ RunTime:0.001346s ]

[ 2017-11-07T14:37:14+08:00 ] 127.0.0.1 /zhuoyue/index.php/Admin/Message/message
INFO: [ app_init ] --START--
INFO: Run Behavior\BuildLiteBehavior [ RunTime:0.000025s ]
INFO: [ app_init ] --END-- [ RunTime:0.000678s ]
INFO: [ app_begin ] --START--
INFO: Run Behavior\ReadHtmlCacheBehavior [ RunTime:0.000898s ]
INFO: [ app_begin ] --END-- [ RunTime:0.001010s ]
SQL: SHOW COLUMNS FROM `message` [ RunTime:0.0525s ]
SQL: SELECT * FROM `message` ORDER BY id desc  [ RunTime:0.0018s ]
INFO: [ view_parse ] --START--
INFO: [ template_filter ] --START--
INFO: Run Behavior\ContentReplaceBehavior [ RunTime:0.000127s ]
INFO: [ template_filter ] --END-- [ RunTime:0.000252s ]
INFO: Run Behavior\ParseTemplateBehavior [ RunTime:0.056477s ]
INFO: [ view_parse ] --END-- [ RunTime:0.056668s ]
INFO: [ view_filter ] --START--
INFO: Run Behavior\WriteHtmlCacheBehavior [ RunTime:0.000727s ]
INFO: [ view_filter ] --END-- [ RunTime:0.000835s ]
INFO: [ app_end ] --START--
INFO: Run Behavior\ShowPageTraceBehavior [ RunTime:0.001350s ]
INFO: [ app_end ] --END-- [ RunTime:0.001481s ]

[ 2017-11-07T14:37:15+08:00 ] 127.0.0.1 /zhuoyue/index.php/Admin/Message/message
INFO: [ app_init ] --START--
INFO: Run Behavior\BuildLiteBehavior [ RunTime:0.000013s ]
INFO: [ app_init ] --END-- [ RunTime:0.000373s ]
INFO: [ app_begin ] --START--
INFO: Run Behavior\ReadHtmlCacheBehavior [ RunTime:0.000476s ]
INFO: [ app_begin ] --END-- [ RunTime:0.000565s ]
SQL: SHOW COLUMNS FROM `message` [ RunTime:0.0112s ]
SQL: SELECT * FROM `message` ORDER BY id desc  [ RunTime:0.0013s ]
INFO: [ view_parse ] --START--
INFO: [ template_filter ] --START--
INFO: Run Behavior\ContentReplaceBehavior [ RunTime:0.000068s ]
INFO: [ template_filter ] --END-- [ RunTime:0.000139s ]
INFO: Run Behavior\ParseTemplateBehavior [ RunTime:0.017108s ]
INFO: [ view_parse ] --END-- [ RunTime:0.017214s ]
INFO: [ view_filter ] --START--
INFO: Run Behavior\WriteHtmlCacheBehavior [ RunTime:0.000277s ]
INFO: [ view_filter ] --END-- [ RunTime:0.000335s ]
INFO: [ app_end ] --START--
INFO: Run Behavior\ShowPageTraceBehavior [ RunTime:0.000600s ]
INFO: [ app_end ] --END-- [ RunTime:0.000659s ]

[ 2017-11-07T14:37:16+08:00 ] 127.0.0.1 /zhuoyue/index.php/Admin/Nownews/nownews
INFO: [ app_init ] --START--
INFO: Run Behavior\BuildLiteBehavior [ RunTime:0.000015s ]
INFO: [ app_init ] --END-- [ RunTime:0.000405s ]
INFO: [ app_begin ] --START--
INFO: Run Behavior\ReadHtmlCacheBehavior [ RunTime:0.000539s ]
INFO: [ app_begin ] --END-- [ RunTime:0.000612s ]
SQL: SHOW COLUMNS FROM `session` [ RunTime:0.0060s ]
SQL: SELECT * FROM `session` WHERE ( state=1 ) ORDER BY id asc  [ RunTime:0.0009s ]
INFO: [ view_parse ] --START--
INFO: [ template_filter ] --START--
INFO: Run Behavior\ContentReplaceBehavior [ RunTime:0.000072s ]
INFO: [ template_filter ] --END-- [ RunTime:0.000140s ]
INFO: Run Behavior\ParseTemplateBehavior [ RunTime:0.008601s ]
INFO: [ view_parse ] --END-- [ RunTime:0.008672s ]
INFO: [ view_filter ] --START--
INFO: Run Behavior\WriteHtmlCacheBehavior [ RunTime:0.000412s ]
INFO: [ view_filter ] --END-- [ RunTime:0.000462s ]
INFO: [ app_end ] --START--
INFO: Run Behavior\ShowPageTraceBehavior [ RunTime:0.000565s ]
INFO: [ app_end ] --END-- [ RunTime:0.000621s ]

[ 2017-11-07T14:37:16+08:00 ] 127.0.0.1 /zhuoyue/index.php/Admin/Password/password
INFO: [ app_init ] --START--
INFO: Run Behavior\BuildLiteBehavior [ RunTime:0.000013s ]
INFO: [ app_init ] --END-- [ RunTime:0.000381s ]
INFO: [ app_begin ] --START--
INFO: Run Behavior\ReadHtmlCacheBehavior [ RunTime:0.000591s ]
INFO: [ app_begin ] --END-- [ RunTime:0.000653s ]
INFO: [ view_parse ] --START--
INFO: [ template_filter ] --START--
INFO: Run Behavior\ContentReplaceBehavior [ RunTime:0.000057s ]
INFO: [ template_filter ] --END-- [ RunTime:0.000121s ]
INFO: Run Behavior\ParseTemplateBehavior [ RunTime:0.050962s ]
INFO: [ view_parse ] --END-- [ RunTime:0.051091s ]
INFO: [ view_filter ] --START--
INFO: Run Behavior\WriteHtmlCacheBehavior [ RunTime:0.000445s ]
INFO: [ view_filter ] --END-- [ RunTime:0.000502s ]
INFO: [ app_end ] --START--
INFO: Run Behavior\ShowPageTraceBehavior [ RunTime:0.000580s ]
INFO: [ app_end ] --END-- [ RunTime:0.000639s ]

[ 2017-11-07T14:37:16+08:00 ] 127.0.0.1 /zhuoyue/index.php/Admin/Password/password
INFO: [ app_init ] --START--
INFO: Run Behavior\BuildLiteBehavior [ RunTime:0.000014s ]
INFO: [ app_init ] --END-- [ RunTime:0.000399s ]
INFO: [ app_begin ] --START--
INFO: Run Behavior\ReadHtmlCacheBehavior [ RunTime:0.000484s ]
INFO: [ app_begin ] --END-- [ RunTime:0.000541s ]
INFO: [ view_parse ] --START--
INFO: [ template_filter ] --START--
INFO: Run Behavior\ContentReplaceBehavior [ RunTime:0.000057s ]
INFO: [ template_filter ] --END-- [ RunTime:0.000117s ]
INFO: Run Behavior\ParseTemplateBehavior [ RunTime:0.006615s ]
INFO: [ view_parse ] --END-- [ RunTime:0.006761s ]
INFO: [ view_filter ] --START--
INFO: Run Behavior\WriteHtmlCacheBehavior [ RunTime:0.000237s ]
INFO: [ view_filter ] --END-- [ RunTime:0.000286s ]
INFO: [ app_end ] --START--
INFO: Run Behavior\ShowPageTraceBehavior [ RunTime:0.000502s ]
INFO: [ app_end ] --END-- [ RunTime:0.000566s ]

[ 2017-11-07T14:37:18+08:00 ] 127.0.0.1 /zhuoyue/index.php/Admin/Banner/banner
INFO: [ app_init ] --START--
INFO: Run Behavior\BuildLiteBehavior [ RunTime:0.000026s ]
INFO: [ app_init ] --END-- [ RunTime:0.000691s ]
INFO: [ app_begin ] --START--
INFO: Run Behavior\ReadHtmlCacheBehavior [ RunTime:0.000931s ]
INFO: [ app_begin ] --END-- [ RunTime:0.001059s ]
SQL: SHOW COLUMNS FROM `banner` [ RunTime:0.0068s ]
SQL: SELECT * FROM `banner` ORDER BY id asc  [ RunTime:0.0006s ]
INFO: [ view_parse ] --START--
INFO: [ template_filter ] --START--
INFO: Run Behavior\ContentReplaceBehavior [ RunTime:0.000061s ]
INFO: [ template_filter ] --END-- [ RunTime:0.000126s ]
INFO: Run Behavior\ParseTemplateBehavior [ RunTime:0.009010s ]
INFO: [ view_parse ] --END-- [ RunTime:0.009087s ]
INFO: [ view_filter ] --START--
INFO: Run Behavior\WriteHtmlCacheBehavior [ RunTime:0.000256s ]
INFO: [ view_filter ] --END-- [ RunTime:0.000312s ]
INFO: [ app_end ] --START--
INFO: Run Behavior\ShowPageTraceBehavior [ RunTime:0.000569s ]
INFO: [ app_end ] --END-- [ RunTime:0.000627s ]

[ 2017-11-07T14:37:21+08:00 ] 127.0.0.1 /zhuoyue/index.php/Admin/Product/product
INFO: [ app_init ] --START--
INFO: Run Behavior\BuildLiteBehavior [ RunTime:0.000014s ]
INFO: [ app_init ] --END-- [ RunTime:0.000407s ]
INFO: [ app_begin ] --START--
INFO: Run Behavior\ReadHtmlCacheBehavior [ RunTime:0.000559s ]
INFO: [ app_begin ] --END-- [ RunTime:0.000631s ]
SQL: SHOW COLUMNS FROM `product` [ RunTime:0.0156s ]
SQL: SHOW COLUMNS FROM `pro_class` [ RunTime:0.0524s ]
SQL: SELECT * FROM `product`  [ RunTime:0.0043s ]
NOTIC: [8] Use of undefined constant xilie - assumed 'xilie' E:\WebServer\wwwroot\zhuoyue\Application\Admin\Controller\ProductController.class.php 第 10 行.
SQL: SELECT * FROM `pro_class` WHERE ( id=6 )  [ RunTime:0.0016s ]
NOTIC: [8] Use of undefined constant xilie - assumed 'xilie' E:\WebServer\wwwroot\zhuoyue\Application\Admin\Controller\ProductController.class.php 第 12 行.
NOTIC: [8] Use of undefined constant name - assumed 'name' E:\WebServer\wwwroot\zhuoyue\Application\Admin\Controller\ProductController.class.php 第 12 行.
NOTIC: [8] Use of undefined constant xilie - assumed 'xilie' E:\WebServer\wwwroot\zhuoyue\Application\Admin\Controller\ProductController.class.php 第 10 行.
SQL: SELECT * FROM `pro_class` WHERE ( id=6 )  [ RunTime:0.0014s ]
NOTIC: [8] Use of undefined constant xilie - assumed 'xilie' E:\WebServer\wwwroot\zhuoyue\Application\Admin\Controller\ProductController.class.php 第 12 行.
NOTIC: [8] Use of undefined constant name - assumed 'name' E:\WebServer\wwwroot\zhuoyue\Application\Admin\Controller\ProductController.class.php 第 12 行.
NOTIC: [8] Use of undefined constant xilie - assumed 'xilie' E:\WebServer\wwwroot\zhuoyue\Application\Admin\Controller\ProductController.class.php 第 10 行.
SQL: SELECT * FROM `pro_class` WHERE ( id=6 )  [ RunTime:0.0015s ]
NOTIC: [8] Use of undefined constant xilie - assumed 'xilie' E:\WebServer\wwwroot\zhuoyue\Application\Admin\Controller\ProductController.class.php 第 12 行.
NOTIC: [8] Use of undefined constant name - assumed 'name' E:\WebServer\wwwroot\zhuoyue\Application\Admin\Controller\ProductController.class.php 第 12 行.
NOTIC: [8] Use of undefined constant xilie - assumed 'xilie' E:\WebServer\wwwroot\zhuoyue\Application\Admin\Controller\ProductController.class.php 第 10 行.
SQL: SELECT * FROM `pro_class` WHERE ( id=6 )  [ RunTime:0.0015s ]
NOTIC: [8] Use of undefined constant xilie - assumed 'xilie' E:\WebServer\wwwroot\zhuoyue\Application\Admin\Controller\ProductController.class.php 第 12 行.
NOTIC: [8] Use of undefined constant name - assumed 'name' E:\WebServer\wwwroot\zhuoyue\Application\Admin\Controller\ProductController.class.php 第 12 行.
NOTIC: [8] Use of undefined constant xilie - assumed 'xilie' E:\WebServer\wwwroot\zhuoyue\Application\Admin\Controller\ProductController.class.php 第 10 行.
SQL: SELECT * FROM `pro_class` WHERE ( id=1 )  [ RunTime:0.0014s ]
NOTIC: [8] Use of undefined constant xilie - assumed 'xilie' E:\WebServer\wwwroot\zhuoyue\Application\Admin\Controller\ProductController.class.php 第 12 行.
NOTIC: [8] Use of undefined constant name - assumed 'name' E:\WebServer\wwwroot\zhuoyue\Application\Admin\Controller\ProductController.class.php 第 12 行.
NOTIC: [8] Use of undefined constant xilie - assumed 'xilie' E:\WebServer\wwwroot\zhuoyue\Application\Admin\Controller\ProductController.class.php 第 10 行.
SQL: SELECT * FROM `pro_class` WHERE ( id=1 )  [ RunTime:0.0009s ]
NOTIC: [8] Use of undefined constant xilie - assumed 'xilie' E:\WebServer\wwwroot\zhuoyue\Application\Admin\Controller\ProductController.class.php 第 12 行.
NOTIC: [8] Use of undefined constant name - assumed 'name' E:\WebServer\wwwroot\zhuoyue\Application\Admin\Controller\ProductController.class.php 第 12 行.
NOTIC: [8] Use of undefined constant xilie - assumed 'xilie' E:\WebServer\wwwroot\zhuoyue\Application\Admin\Controller\ProductController.class.php 第 10 行.
SQL: SELECT * FROM `pro_class` WHERE ( id=1 )  [ RunTime:0.0008s ]
NOTIC: [8] Use of undefined constant xilie - assumed 'xilie' E:\WebServer\wwwroot\zhuoyue\Application\Admin\Controller\ProductController.class.php 第 12 行.
NOTIC: [8] Use of undefined constant name - assumed 'name' E:\WebServer\wwwroot\zhuoyue\Application\Admin\Controller\ProductController.class.php 第 12 行.
NOTIC: [8] Use of undefined constant xilie - assumed 'xilie' E:\WebServer\wwwroot\zhuoyue\Application\Admin\Controller\ProductController.class.php 第 10 行.
SQL: SELECT * FROM `pro_class` WHERE ( id=1 )  [ RunTime:0.0008s ]
NOTIC: [8] Use of undefined constant xilie - assumed 'xilie' E:\WebServer\wwwroot\zhuoyue\Application\Admin\Controller\ProductController.class.php 第 12 行.
NOTIC: [8] Use of undefined constant name - assumed 'name' E:\WebServer\wwwroot\zhuoyue\Application\Admin\Controller\ProductController.class.php 第 12 行.
NOTIC: [8] Use of undefined constant xilie - assumed 'xilie' E:\WebServer\wwwroot\zhuoyue\Application\Admin\Controller\ProductController.class.php 第 10 行.
SQL: SELECT * FROM `pro_class` WHERE ( id=4 )  [ RunTime:0.0008s ]
NOTIC: [8] Use of undefined constant xilie - assumed 'xilie' E:\WebServer\wwwroot\zhuoyue\Application\Admin\Controller\ProductController.class.php 第 12 行.
NOTIC: [8] Use of undefined constant name - assumed 'name' E:\WebServer\wwwroot\zhuoyue\Application\Admin\Controller\ProductController.class.php 第 12 行.
NOTIC: [8] Use of undefined constant xilie - assumed 'xilie' E:\WebServer\wwwroot\zhuoyue\Application\Admin\Controller\ProductController.class.php 第 10 行.
SQL: SELECT * FROM `pro_class` WHERE ( id=4 )  [ RunTime:0.0009s ]
NOTIC: [8] Use of undefined constant xilie - assumed 'xilie' E:\WebServer\wwwroot\zhuoyue\Application\Admin\Controller\ProductController.class.php 第 12 行.
NOTIC: [8] Use of undefined constant name - assumed 'name' E:\WebServer\wwwroot\zhuoyue\Application\Admin\Controller\ProductController.class.php 第 12 行.
NOTIC: [8] Use of undefined constant xilie - assumed 'xilie' E:\WebServer\wwwroot\zhuoyue\Application\Admin\Controller\ProductController.class.php 第 10 行.
SQL: SELECT * FROM `pro_class` WHERE ( id=4 )  [ RunTime:0.0009s ]
NOTIC: [8] Use of undefined constant xilie - assumed 'xilie' E:\WebServer\wwwroot\zhuoyue\Application\Admin\Controller\ProductController.class.php 第 12 行.
NOTIC: [8] Use of undefined constant name - assumed 'name' E:\WebServer\wwwroot\zhuoyue\Application\Admin\Controller\ProductController.class.php 第 12 行.
NOTIC: [8] Use of undefined constant xilie - assumed 'xilie' E:\WebServer\wwwroot\zhuoyue\Application\Admin\Controller\ProductController.class.php 第 10 行.
SQL: SELECT * FROM `pro_class` WHERE ( id=4 )  [ RunTime:0.0008s ]
NOTIC: [8] Use of undefined constant xilie - assumed 'xilie' E:\WebServer\wwwroot\zhuoyue\Application\Admin\Controller\ProductController.class.php 第 12 行.
NOTIC: [8] Use of undefined constant name - assumed 'name' E:\WebServer\wwwroot\zhuoyue\Application\Admin\Controller\ProductController.class.php 第 12 行.
NOTIC: [8] Use of undefined constant xilie - assumed 'xilie' E:\WebServer\wwwroot\zhuoyue\Application\Admin\Controller\ProductController.class.php 第 10 行.
SQL: SELECT * FROM `pro_class` WHERE ( id=3 )  [ RunTime:0.0009s ]
NOTIC: [8] Use of undefined constant xilie - assumed 'xilie' E:\WebServer\wwwroot\zhuoyue\Application\Admin\Controller\ProductController.class.php 第 12 行.
NOTIC: [8] Use of undefined constant name - assumed 'name' E:\WebServer\wwwroot\zhuoyue\Application\Admin\Controller\ProductController.class.php 第 12 行.
NOTIC: [8] Use of undefined constant xilie - assumed 'xilie' E:\WebServer\wwwroot\zhuoyue\Application\Admin\Controller\ProductController.class.php 第 10 行.
SQL: SELECT * FROM `pro_class` WHERE ( id=3 )  [ RunTime:0.0008s ]
NOTIC: [8] Use of undefined constant xilie - assumed 'xilie' E:\WebServer\wwwroot\zhuoyue\Application\Admin\Controller\ProductController.class.php 第 12 行.
NOTIC: [8] Use of undefined constant name - assumed 'name' E:\WebServer\wwwroot\zhuoyue\Application\Admin\Controller\ProductController.class.php 第 12 行.
NOTIC: [8] Use of undefined constant xilie - assumed 'xilie' E:\WebServer\wwwroot\zhuoyue\Application\Admin\Controller\ProductController.class.php 第 10 行.
SQL: SELECT * FROM `pro_class` WHERE ( id=3 )  [ RunTime:0.0008s ]
NOTIC: [8] Use of undefined constant xilie - assumed 'xilie' E:\WebServer\wwwroot\zhuoyue\Application\Admin\Controller\ProductController.class.php 第 12 行.
NOTIC: [8] Use of undefined constant name - assumed 'name' E:\WebServer\wwwroot\zhuoyue\Application\Admin\Controller\ProductController.class.php 第 12 行.
NOTIC: [8] Use of undefined constant xilie - assumed 'xilie' E:\WebServer\wwwroot\zhuoyue\Application\Admin\Controller\ProductController.class.php 第 10 行.
SQL: SELECT * FROM `pro_class` WHERE ( id=3 )  [ RunTime:0.0008s ]
NOTIC: [8] Use of undefined constant xilie - assumed 'xilie' E:\WebServer\wwwroot\zhuoyue\Application\Admin\Controller\ProductController.class.php 第 12 行.
NOTIC: [8] Use of undefined constant name - assumed 'name' E:\WebServer\wwwroot\zhuoyue\Application\Admin\Controller\ProductController.class.php 第 12 行.
NOTIC: [8] Use of undefined constant xilie - assumed 'xilie' E:\WebServer\wwwroot\zhuoyue\Application\Admin\Controller\ProductController.class.php 第 10 行.
SQL: SELECT * FROM `pro_class` WHERE ( id=5 )  [ RunTime:0.0008s ]
NOTIC: [8] Use of undefined constant xilie - assumed 'xilie' E:\WebServer\wwwroot\zhuoyue\Application\Admin\Controller\ProductController.class.php 第 12 行.
NOTIC: [8] Use of undefined constant name - assumed 'name' E:\WebServer\wwwroot\zhuoyue\Application\Admin\Controller\ProductController.class.php 第 12 行.
NOTIC: [8] Use of undefined constant xilie - assumed 'xilie' E:\WebServer\wwwroot\zhuoyue\Application\Admin\Controller\ProductController.class.php 第 10 行.
SQL: SELECT * FROM `pro_class` WHERE ( id=5 )  [ RunTime:0.0008s ]
NOTIC: [8] Use of undefined constant xilie - assumed 'xilie' E:\WebServer\wwwroot\zhuoyue\Application\Admin\Controller\ProductController.class.php 第 12 行.
NOTIC: [8] Use of undefined constant name - assumed 'name' E:\WebServer\wwwroot\zhuoyue\Application\Admin\Controller\ProductController.class.php 第 12 行.
NOTIC: [8] Use of undefined constant xilie - assumed 'xilie' E:\WebServer\wwwroot\zhuoyue\Application\Admin\Controller\ProductController.class.php 第 10 行.
SQL: SELECT * FROM `pro_class` WHERE ( id=5 )  [ RunTime:0.0009s ]
NOTIC: [8] Use of undefined constant xilie - assumed 'xilie' E:\WebServer\wwwroot\zhuoyue\Application\Admin\Controller\ProductController.class.php 第 12 行.
NOTIC: [8] Use of undefined constant name - assumed 'name' E:\WebServer\wwwroot\zhuoyue\Application\Admin\Controller\ProductController.class.php 第 12 行.
NOTIC: [8] Use of undefined constant xilie - assumed 'xilie' E:\WebServer\wwwroot\zhuoyue\Application\Admin\Controller\ProductController.class.php 第 10 行.
SQL: SELECT * FROM `pro_class` WHERE ( id=5 )  [ RunTime:0.0008s ]
NOTIC: [8] Use of undefined constant xilie - assumed 'xilie' E:\WebServer\wwwroot\zhuoyue\Application\Admin\Controller\ProductController.class.php 第 12 行.
NOTIC: [8] Use of undefined constant name - assumed 'name' E:\WebServer\wwwroot\zhuoyue\Application\Admin\Controller\ProductController.class.php 第 12 行.
NOTIC: [8] Use of undefined constant xilie - assumed 'xilie' E:\WebServer\wwwroot\zhuoyue\Application\Admin\Controller\ProductController.class.php 第 10 行.
SQL: SELECT * FROM `pro_class` WHERE ( id=2 )  [ RunTime:0.0009s ]
NOTIC: [8] Use of undefined constant xilie - assumed 'xilie' E:\WebServer\wwwroot\zhuoyue\Application\Admin\Controller\ProductController.class.php 第 12 行.
NOTIC: [8] Use of undefined constant name - assumed 'name' E:\WebServer\wwwroot\zhuoyue\Application\Admin\Controller\ProductController.class.php 第 12 行.
NOTIC: [8] Use of undefined constant xilie - assumed 'xilie' E:\WebServer\wwwroot\zhuoyue\Application\Admin\Controller\ProductController.class.php 第 10 行.
SQL: SELECT * FROM `pro_class` WHERE ( id=2 )  [ RunTime:0.0008s ]
NOTIC: [8] Use of undefined constant xilie - assumed 'xilie' E:\WebServer\wwwroot\zhuoyue\Application\Admin\Controller\ProductController.class.php 第 12 行.
NOTIC: [8] Use of undefined constant name - assumed 'name' E:\WebServer\wwwroot\zhuoyue\Application\Admin\Controller\ProductController.class.php 第 12 行.
NOTIC: [8] Use of undefined constant xilie - assumed 'xilie' E:\WebServer\wwwroot\zhuoyue\Application\Admin\Controller\ProductController.class.php 第 10 行.
SQL: SELECT * FROM `pro_class` WHERE ( id=2 )  [ RunTime:0.0008s ]
NOTIC: [8] Use of undefined constant xilie - assumed 'xilie' E:\WebServer\wwwroot\zhuoyue\Application\Admin\Controller\ProductController.class.php 第 12 行.
NOTIC: [8] Use of undefined constant name - assumed 'name' E:\WebServer\wwwroot\zhuoyue\Application\Admin\Controller\ProductController.class.php 第 12 行.
NOTIC: [8] Use of undefined constant xilie - assumed 'xilie' E:\WebServer\wwwroot\zhuoyue\Application\Admin\Controller\ProductController.class.php 第 10 行.
SQL: SELECT * FROM `pro_class` WHERE ( id=2 )  [ RunTime:0.0008s ]
NOTIC: [8] Use of undefined constant xilie - assumed 'xilie' E:\WebServer\wwwroot\zhuoyue\Application\Admin\Controller\ProductController.class.php 第 12 行.
NOTIC: [8] Use of undefined constant name - assumed 'name' E:\WebServer\wwwroot\zhuoyue\Application\Admin\Controller\ProductController.class.php 第 12 行.
NOTIC: [8] Use of undefined constant guangyuan - assumed 'guangyuan' E:\WebServer\wwwroot\zhuoyue\Application\Admin\Controller\ProductController.class.php 第 15 行.
SQL: SELECT * FROM `pro_class` WHERE ( id=8 )  [ RunTime:0.0008s ]
NOTIC: [8] Use of undefined constant guangyuan - assumed 'guangyuan' E:\WebServer\wwwroot\zhuoyue\Application\Admin\Controller\ProductController.class.php 第 17 行.
NOTIC: [8] Use of undefined constant name - assumed 'name' E:\WebServer\wwwroot\zhuoyue\Application\Admin\Controller\ProductController.class.php 第 17 行.
NOTIC: [8] Use of undefined constant guangyuan - assumed 'guangyuan' E:\WebServer\wwwroot\zhuoyue\Application\Admin\Controller\ProductController.class.php 第 15 行.
SQL: SELECT * FROM `pro_class` WHERE ( id=8 )  [ RunTime:0.0007s ]
NOTIC: [8] Use of undefined constant guangyuan - assumed 'guangyuan' E:\WebServer\wwwroot\zhuoyue\Application\Admin\Controller\ProductController.class.php 第 17 行.
NOTIC: [8] Use of undefined constant name - assumed 'name' E:\WebServer\wwwroot\zhuoyue\Application\Admin\Controller\ProductController.class.php 第 17 行.
NOTIC: [8] Use of undefined constant guangyuan - assumed 'guangyuan' E:\WebServer\wwwroot\zhuoyue\Application\Admin\Controller\ProductController.class.php 第 15 行.
SQL: SELECT * FROM `pro_class` WHERE ( id=9 )  [ RunTime:0.0007s ]
NOTIC: [8] Use of undefined constant guangyuan - assumed 'guangyuan' E:\WebServer\wwwroot\zhuoyue\Application\Admin\Controller\ProductController.class.php 第 17 行.
NOTIC: [8] Use of undefined constant name - assumed 'name' E:\WebServer\wwwroot\zhuoyue\Application\Admin\Controller\ProductController.class.php 第 17 行.
NOTIC: [8] Use of undefined constant guangyuan - assumed 'guangyuan' E:\WebServer\wwwroot\zhuoyue\Application\Admin\Controller\ProductController.class.php 第 15 行.
SQL: SELECT * FROM `pro_class` WHERE ( id=8 )  [ RunTime:0.0006s ]
NOTIC: [8] Use of undefined constant guangyuan - assumed 'guangyuan' E:\WebServer\wwwroot\zhuoyue\Application\Admin\Controller\ProductController.class.php 第 17 行.
NOTIC: [8] Use of undefined constant name - assumed 'name' E:\WebServer\wwwroot\zhuoyue\Application\Admin\Controller\ProductController.class.php 第 17 行.
NOTIC: [8] Use of undefined constant guangyuan - assumed 'guangyuan' E:\WebServer\wwwroot\zhuoyue\Application\Admin\Controller\ProductController.class.php 第 15 行.
SQL: SELECT * FROM `pro_class` WHERE ( id=7 )  [ RunTime:0.0007s ]
NOTIC: [8] Use of undefined constant guangyuan - assumed 'guangyuan' E:\WebServer\wwwroot\zhuoyue\Application\Admin\Controller\ProductController.class.php 第 17 行.
NOTIC: [8] Use of undefined constant name - assumed 'name' E:\WebServer\wwwroot\zhuoyue\Application\Admin\Controller\ProductController.class.php 第 17 行.
NOTIC: [8] Use of undefined constant guangyuan - assumed 'guangyuan' E:\WebServer\wwwroot\zhuoyue\Application\Admin\Controller\ProductController.class.php 第 15 行.
SQL: SELECT * FROM `pro_class` WHERE ( id=8 )  [ RunTime:0.0007s ]
NOTIC: [8] Use of undefined constant guangyuan - assumed 'guangyuan' E:\WebServer\wwwroot\zhuoyue\Application\Admin\Controller\ProductController.class.php 第 17 行.
NOTIC: [8] Use of undefined constant name - assumed 'name' E:\WebServer\wwwroot\zhuoyue\Application\Admin\Controller\ProductController.class.php 第 17 行.
NOTIC: [8] Use of undefined constant guangyuan - assumed 'guangyuan' E:\WebServer\wwwroot\zhuoyue\Application\Admin\Controller\ProductController.class.php 第 15 行.
SQL: SELECT * FROM `pro_class` WHERE ( id=7 )  [ RunTime:0.0007s ]
NOTIC: [8] Use of undefined constant guangyuan - assumed 'guangyuan' E:\WebServer\wwwroot\zhuoyue\Application\Admin\Controller\ProductController.class.php 第 17 行.
NOTIC: [8] Use of undefined constant name - assumed 'name' E:\WebServer\wwwroot\zhuoyue\Application\Admin\Controller\ProductController.class.php 第 17 行.
NOTIC: [8] Use of undefined constant guangyuan - assumed 'guangyuan' E:\WebServer\wwwroot\zhuoyue\Application\Admin\Controller\ProductController.class.php 第 15 行.
SQL: SELECT * FROM `pro_class` WHERE ( id=10 )  [ RunTime:0.0007s ]
NOTIC: [8] Use of undefined constant guangyuan - assumed 'guangyuan' E:\WebServer\wwwroot\zhuoyue\Application\Admin\Controller\ProductController.class.php 第 17 行.
NOTIC: [8] Use of undefined constant name - assumed 'name' E:\WebServer\wwwroot\zhuoyue\Application\Admin\Controller\ProductController.class.php 第 17 行.
NOTIC: [8] Use of undefined constant guangyuan - assumed 'guangyuan' E:\WebServer\wwwroot\zhuoyue\Application\Admin\Controller\ProductController.class.php 第 15 行.
SQL: SELECT * FROM `pro_class` WHERE ( id=8 )  [ RunTime:0.0008s ]
NOTIC: [8] Use of undefined constant guangyuan - assumed 'guangyuan' E:\WebServer\wwwroot\zhuoyue\Application\Admin\Controller\ProductController.class.php 第 17 行.
NOTIC: [8] Use of undefined constant name - assumed 'name' E:\WebServer\wwwroot\zhuoyue\Application\Admin\Controller\ProductController.class.php 第 17 行.
NOTIC: [8] Use of undefined constant guangyuan - assumed 'guangyuan' E:\WebServer\wwwroot\zhuoyue\Application\Admin\Controller\ProductController.class.php 第 15 行.
SQL: SELECT * FROM `pro_class` WHERE ( id=8 )  [ RunTime:0.0006s ]
NOTIC: [8] Use of undefined constant guangyuan - assumed 'guangyuan' E:\WebServer\wwwroot\zhuoyue\Application\Admin\Controller\ProductController.class.php 第 17 行.
NOTIC: [8] Use of undefined constant name - assumed 'name' E:\WebServer\wwwroot\zhuoyue\Application\Admin\Controller\ProductController.class.php 第 17 行.
NOTIC: [8] Use of undefined constant guangyuan - assumed 'guangyuan' E:\WebServer\wwwroot\zhuoyue\Application\Admin\Controller\ProductController.class.php 第 15 行.
SQL: SELECT * FROM `pro_class` WHERE ( id=7 )  [ RunTime:0.0006s ]
NOTIC: [8] Use of undefined constant guangyuan - assumed 'guangyuan' E:\WebServer\wwwroot\zhuoyue\Application\Admin\Controller\ProductController.class.php 第 17 行.
NOTIC: [8] Use of undefined constant name - assumed 'name' E:\WebServer\wwwroot\zhuoyue\Application\Admin\Controller\ProductController.class.php 第 17 行.
NOTIC: [8] Use of undefined constant guangyuan - assumed 'guangyuan' E:\WebServer\wwwroot\zhuoyue\Application\Admin\Controller\ProductController.class.php 第 15 行.
SQL: SELECT * FROM `pro_class` WHERE ( id=9 )  [ RunTime:0.0007s ]
NOTIC: [8] Use of undefined constant guangyuan - assumed 'guangyuan' E:\WebServer\wwwroot\zhuoyue\Application\Admin\Controller\ProductController.class.php 第 17 行.
NOTIC: [8] Use of undefined constant name - assumed 'name' E:\WebServer\wwwroot\zhuoyue\Application\Admin\Controller\ProductController.class.php 第 17 行.
NOTIC: [8] Use of undefined constant guangyuan - assumed 'guangyuan' E:\WebServer\wwwroot\zhuoyue\Application\Admin\Controller\ProductController.class.php 第 15 行.
SQL: SELECT * FROM `pro_class` WHERE ( id=7 )  [ RunTime:0.0006s ]
NOTIC: [8] Use of undefined constant guangyuan - assumed 'guangyuan' E:\WebServer\wwwroot\zhuoyue\Application\Admin\Controller\ProductController.class.php 第 17 行.
NOTIC: [8] Use of undefined constant name - assumed 'name' E:\WebServer\wwwroot\zhuoyue\Application\Admin\Controller\ProductController.class.php 第 17 行.
NOTIC: [8] Use of undefined constant guangyuan - assumed 'guangyuan' E:\WebServer\wwwroot\zhuoyue\Application\Admin\Controller\ProductController.class.php 第 15 行.
SQL: SELECT * FROM `pro_class` WHERE ( id=8 )  [ RunTime:0.0006s ]
NOTIC: [8] Use of undefined constant guangyuan - assumed 'guangyuan' E:\WebServer\wwwroot\zhuoyue\Application\Admin\Controller\ProductController.class.php 第 17 行.
NOTIC: [8] Use of undefined constant name - assumed 'name' E:\WebServer\wwwroot\zhuoyue\Application\Admin\Controller\ProductController.class.php 第 17 行.
NOTIC: [8] Use of undefined constant guangyuan - assumed 'guangyuan' E:\WebServer\wwwroot\zhuoyue\Application\Admin\Controller\ProductController.class.php 第 15 行.
SQL: SELECT * FROM `pro_class` WHERE ( id=8 )  [ RunTime:0.0006s ]
NOTIC: [8] Use of undefined constant guangyuan - assumed 'guangyuan' E:\WebServer\wwwroot\zhuoyue\Application\Admin\Controller\ProductController.class.php 第 17 行.
NOTIC: [8] Use of undefined constant name - assumed 'name' E:\WebServer\wwwroot\zhuoyue\Application\Admin\Controller\ProductController.class.php 第 17 行.
NOTIC: [8] Use of undefined constant guangyuan - assumed 'guangyuan' E:\WebServer\wwwroot\zhuoyue\Application\Admin\Controller\ProductController.class.php 第 15 行.
SQL: SELECT * FROM `pro_class` WHERE ( id=9 )  [ RunTime:0.0006s ]
NOTIC: [8] Use of undefined constant guangyuan - assumed 'guangyuan' E:\WebServer\wwwroot\zhuoyue\Application\Admin\Controller\ProductController.class.php 第 17 行.
NOTIC: [8] Use of undefined constant name - assumed 'name' E:\WebServer\wwwroot\zhuoyue\Application\Admin\Controller\ProductController.class.php 第 17 行.
NOTIC: [8] Use of undefined constant guangyuan - assumed 'guangyuan' E:\WebServer\wwwroot\zhuoyue\Application\Admin\Controller\ProductController.class.php 第 15 行.
SQL: SELECT * FROM `pro_class` WHERE ( id=9 )  [ RunTime:0.0006s ]
NOTIC: [8] Use of undefined constant guangyuan - assumed 'guangyuan' E:\WebServer\wwwroot\zhuoyue\Application\Admin\Controller\ProductController.class.php 第 17 行.
NOTIC: [8] Use of undefined constant name - assumed 'name' E:\WebServer\wwwroot\zhuoyue\Application\Admin\Controller\ProductController.class.php 第 17 行.
NOTIC: [8] Use of undefined constant guangyuan - assumed 'guangyuan' E:\WebServer\wwwroot\zhuoyue\Application\Admin\Controller\ProductController.class.php 第 15 行.
SQL: SELECT * FROM `pro_class` WHERE ( id=7 )  [ RunTime:0.0006s ]
NOTIC: [8] Use of undefined constant guangyuan - assumed 'guangyuan' E:\WebServer\wwwroot\zhuoyue\Application\Admin\Controller\ProductController.class.php 第 17 行.
NOTIC: [8] Use of undefined constant name - assumed 'name' E:\WebServer\wwwroot\zhuoyue\Application\Admin\Controller\ProductController.class.php 第 17 行.
NOTIC: [8] Use of undefined constant guangyuan - assumed 'guangyuan' E:\WebServer\wwwroot\zhuoyue\Application\Admin\Controller\ProductController.class.php 第 15 行.
SQL: SELECT * FROM `pro_class` WHERE ( id=9 )  [ RunTime:0.0007s ]
NOTIC: [8] Use of undefined constant guangyuan - assumed 'guangyuan' E:\WebServer\wwwroot\zhuoyue\Application\Admin\Controller\ProductController.class.php 第 17 行.
NOTIC: [8] Use of undefined constant name - assumed 'name' E:\WebServer\wwwroot\zhuoyue\Application\Admin\Controller\ProductController.class.php 第 17 行.
NOTIC: [8] Use of undefined constant guangyuan - assumed 'guangyuan' E:\WebServer\wwwroot\zhuoyue\Application\Admin\Controller\ProductController.class.php 第 15 行.
SQL: SELECT * FROM `pro_class` WHERE ( id=8 )  [ RunTime:0.0007s ]
NOTIC: [8] Use of undefined constant guangyuan - assumed 'guangyuan' E:\WebServer\wwwroot\zhuoyue\Application\Admin\Controller\ProductController.class.php 第 17 行.
NOTIC: [8] Use of undefined constant name - assumed 'name' E:\WebServer\wwwroot\zhuoyue\Application\Admin\Controller\ProductController.class.php 第 17 行.
NOTIC: [8] Use of undefined constant guangyuan - assumed 'guangyuan' E:\WebServer\wwwroot\zhuoyue\Application\Admin\Controller\ProductController.class.php 第 15 行.
SQL: SELECT * FROM `pro_class` WHERE ( id=8 )  [ RunTime:0.0006s ]
NOTIC: [8] Use of undefined constant guangyuan - assumed 'guangyuan' E:\WebServer\wwwroot\zhuoyue\Application\Admin\Controller\ProductController.class.php 第 17 行.
NOTIC: [8] Use of undefined constant name - assumed 'name' E:\WebServer\wwwroot\zhuoyue\Application\Admin\Controller\ProductController.class.php 第 17 行.
NOTIC: [8] Use of undefined constant guangyuan - assumed 'guangyuan' E:\WebServer\wwwroot\zhuoyue\Application\Admin\Controller\ProductController.class.php 第 15 行.
SQL: SELECT * FROM `pro_class` WHERE ( id=8 )  [ RunTime:0.0007s ]
NOTIC: [8] Use of undefined constant guangyuan - assumed 'guangyuan' E:\WebServer\wwwroot\zhuoyue\Application\Admin\Controller\ProductController.class.php 第 17 行.
NOTIC: [8] Use of undefined constant name - assumed 'name' E:\WebServer\wwwroot\zhuoyue\Application\Admin\Controller\ProductController.class.php 第 17 行.
NOTIC: [8] Use of undefined constant guangyuan - assumed 'guangyuan' E:\WebServer\wwwroot\zhuoyue\Application\Admin\Controller\ProductController.class.php 第 15 行.
SQL: SELECT * FROM `pro_class` WHERE ( id=7 )  [ RunTime:0.0006s ]
NOTIC: [8] Use of undefined constant guangyuan - assumed 'guangyuan' E:\WebServer\wwwroot\zhuoyue\Application\Admin\Controller\ProductController.class.php 第 17 行.
NOTIC: [8] Use of undefined constant name - assumed 'name' E:\WebServer\wwwroot\zhuoyue\Application\Admin\Controller\ProductController.class.php 第 17 行.
NOTIC: [8] Use of undefined constant guangyuan - assumed 'guangyuan' E:\WebServer\wwwroot\zhuoyue\Application\Admin\Controller\ProductController.class.php 第 15 行.
SQL: SELECT * FROM `pro_class` WHERE ( id=10 )  [ RunTime:0.0006s ]
NOTIC: [8] Use of undefined constant guangyuan - assumed 'guangyuan' E:\WebServer\wwwroot\zhuoyue\Application\Admin\Controller\ProductController.class.php 第 17 行.
NOTIC: [8] Use of undefined constant name - assumed 'name' E:\WebServer\wwwroot\zhuoyue\Application\Admin\Controller\ProductController.class.php 第 17 行.
NOTIC: [8] Use of undefined constant yongtu - assumed 'yongtu' E:\WebServer\wwwroot\zhuoyue\Application\Admin\Controller\ProductController.class.php 第 20 行.
SQL: SELECT * FROM `pro_class` WHERE ( id=11 )  [ RunTime:0.0005s ]
NOTIC: [8] Use of undefined constant yongtu - assumed 'yongtu' E:\WebServer\wwwroot\zhuoyue\Application\Admin\Controller\ProductController.class.php 第 22 行.
NOTIC: [8] Use of undefined constant name - assumed 'name' E:\WebServer\wwwroot\zhuoyue\Application\Admin\Controller\ProductController.class.php 第 22 行.
NOTIC: [8] Use of undefined constant yongtu - assumed 'yongtu' E:\WebServer\wwwroot\zhuoyue\Application\Admin\Controller\ProductController.class.php 第 20 行.
SQL: SELECT * FROM `pro_class` WHERE ( id=12 )  [ RunTime:0.0006s ]
NOTIC: [8] Use of undefined constant yongtu - assumed 'yongtu' E:\WebServer\wwwroot\zhuoyue\Application\Admin\Controller\ProductController.class.php 第 22 行.
NOTIC: [8] Use of undefined constant name - assumed 'name' E:\WebServer\wwwroot\zhuoyue\Application\Admin\Controller\ProductController.class.php 第 22 行.
NOTIC: [8] Use of undefined constant yongtu - assumed 'yongtu' E:\WebServer\wwwroot\zhuoyue\Application\Admin\Controller\ProductController.class.php 第 20 行.
SQL: SELECT * FROM `pro_class` WHERE ( id=15 )  [ RunTime:0.0005s ]
NOTIC: [8] Use of undefined constant yongtu - assumed 'yongtu' E:\WebServer\wwwroot\zhuoyue\Application\Admin\Controller\ProductController.class.php 第 22 行.
NOTIC: [8] Use of undefined constant name - assumed 'name' E:\WebServer\wwwroot\zhuoyue\Application\Admin\Controller\ProductController.class.php 第 22 行.
NOTIC: [8] Use of undefined constant yongtu - assumed 'yongtu' E:\WebServer\wwwroot\zhuoyue\Application\Admin\Controller\ProductController.class.php 第 20 行.
SQL: SELECT * FROM `pro_class` WHERE ( id=11 )  [ RunTime:0.0005s ]
NOTIC: [8] Use of undefined constant yongtu - assumed 'yongtu' E:\WebServer\wwwroot\zhuoyue\Application\Admin\Controller\ProductController.class.php 第 22 行.
NOTIC: [8] Use of undefined constant name - assumed 'name' E:\WebServer\wwwroot\zhuoyue\Application\Admin\Controller\ProductController.class.php 第 22 行.
NOTIC: [8] Use of undefined constant yongtu - assumed 'yongtu' E:\WebServer\wwwroot\zhuoyue\Application\Admin\Controller\ProductController.class.php 第 20 行.
SQL: SELECT * FROM `pro_class` WHERE ( id=12 )  [ RunTime:0.0005s ]
NOTIC: [8] Use of undefined constant yongtu - assumed 'yongtu' E:\WebServer\wwwroot\zhuoyue\Application\Admin\Controller\ProductController.class.php 第 22 行.
NOTIC: [8] Use of undefined constant name - assumed 'name' E:\WebServer\wwwroot\zhuoyue\Application\Admin\Controller\ProductController.class.php 第 22 行.
NOTIC: [8] Use of undefined constant yongtu - assumed 'yongtu' E:\WebServer\wwwroot\zhuoyue\Application\Admin\Controller\ProductController.class.php 第 20 行.
SQL: SELECT * FROM `pro_class` WHERE ( id=13 )  [ RunTime:0.0004s ]
NOTIC: [8] Use of undefined constant yongtu - assumed 'yongtu' E:\WebServer\wwwroot\zhuoyue\Application\Admin\Controller\ProductController.class.php 第 22 行.
NOTIC: [8] Use of undefined constant name - assumed 'name' E:\WebServer\wwwroot\zhuoyue\Application\Admin\Controller\ProductController.class.php 第 22 行.
NOTIC: [8] Use of undefined constant yongtu - assumed 'yongtu' E:\WebServer\wwwroot\zhuoyue\Application\Admin\Controller\ProductController.class.php 第 20 行.
SQL: SELECT * FROM `pro_class` WHERE ( id=13 )  [ RunTime:0.0005s ]
NOTIC: [8] Use of undefined constant yongtu - assumed 'yongtu' E:\WebServer\wwwroot\zhuoyue\Application\Admin\Controller\ProductController.class.php 第 22 行.
NOTIC: [8] Use of undefined constant name - assumed 'name' E:\WebServer\wwwroot\zhuoyue\Application\Admin\Controller\ProductController.class.php 第 22 行.
NOTIC: [8] Use of undefined constant yongtu - assumed 'yongtu' E:\WebServer\wwwroot\zhuoyue\Application\Admin\Controller\ProductController.class.php 第 20 行.
SQL: SELECT * FROM `pro_class` WHERE ( id=14 )  [ RunTime:0.0005s ]
NOTIC: [8] Use of undefined constant yongtu - assumed 'yongtu' E:\WebServer\wwwroot\zhuoyue\Application\Admin\Controller\ProductController.class.php 第 22 行.
NOTIC: [8] Use of undefined constant name - assumed 'name' E:\WebServer\wwwroot\zhuoyue\Application\Admin\Controller\ProductController.class.php 第 22 行.
NOTIC: [8] Use of undefined constant yongtu - assumed 'yongtu' E:\WebServer\wwwroot\zhuoyue\Application\Admin\Controller\ProductController.class.php 第 20 行.
SQL: SELECT * FROM `pro_class` WHERE ( id=14 )  [ RunTime:0.0005s ]
NOTIC: [8] Use of undefined constant yongtu - assumed 'yongtu' E:\WebServer\wwwroot\zhuoyue\Application\Admin\Controller\ProductController.class.php 第 22 行.
NOTIC: [8] Use of undefined constant name - assumed 'name' E:\WebServer\wwwroot\zhuoyue\Application\Admin\Controller\ProductController.class.php 第 22 行.
NOTIC: [8] Use of undefined constant yongtu - assumed 'yongtu' E:\WebServer\wwwroot\zhuoyue\Application\Admin\Controller\ProductController.class.php 第 20 行.
SQL: SELECT * FROM `pro_class` WHERE ( id=11 )  [ RunTime:0.0005s ]
NOTIC: [8] Use of undefined constant yongtu - assumed 'yongtu' E:\WebServer\wwwroot\zhuoyue\Application\Admin\Controller\ProductController.class.php 第 22 行.
NOTIC: [8] Use of undefined constant name - assumed 'name' E:\WebServer\wwwroot\zhuoyue\Application\Admin\Controller\ProductController.class.php 第 22 行.
NOTIC: [8] Use of undefined constant yongtu - assumed 'yongtu' E:\WebServer\wwwroot\zhuoyue\Application\Admin\Controller\ProductController.class.php 第 20 行.
SQL: SELECT * FROM `pro_class` WHERE ( id=14 )  [ RunTime:0.0005s ]
NOTIC: [8] Use of undefined constant yongtu - assumed 'yongtu' E:\WebServer\wwwroot\zhuoyue\Application\Admin\Controller\ProductController.class.php 第 22 行.
NOTIC: [8] Use of undefined constant name - assumed 'name' E:\WebServer\wwwroot\zhuoyue\Application\Admin\Controller\ProductController.class.php 第 22 行.
NOTIC: [8] Use of undefined constant yongtu - assumed 'yongtu' E:\WebServer\wwwroot\zhuoyue\Application\Admin\Controller\ProductController.class.php 第 20 行.
SQL: SELECT * FROM `pro_class` WHERE ( id=12 )  [ RunTime:0.0005s ]
NOTIC: [8] Use of undefined constant yongtu - assumed 'yongtu' E:\WebServer\wwwroot\zhuoyue\Application\Admin\Controller\ProductController.class.php 第 22 行.
NOTIC: [8] Use of undefined constant name - assumed 'name' E:\WebServer\wwwroot\zhuoyue\Application\Admin\Controller\ProductController.class.php 第 22 行.
NOTIC: [8] Use of undefined constant yongtu - assumed 'yongtu' E:\WebServer\wwwroot\zhuoyue\Application\Admin\Controller\ProductController.class.php 第 20 行.
SQL: SELECT * FROM `pro_class` WHERE ( id=11 )  [ RunTime:0.0005s ]
NOTIC: [8] Use of undefined constant yongtu - assumed 'yongtu' E:\WebServer\wwwroot\zhuoyue\Application\Admin\Controller\ProductController.class.php 第 22 行.
NOTIC: [8] Use of undefined constant name - assumed 'name' E:\WebServer\wwwroot\zhuoyue\Application\Admin\Controller\ProductController.class.php 第 22 行.
NOTIC: [8] Use of undefined constant yongtu - assumed 'yongtu' E:\WebServer\wwwroot\zhuoyue\Application\Admin\Controller\ProductController.class.php 第 20 行.
SQL: SELECT * FROM `pro_class` WHERE ( id=12 )  [ RunTime:0.0005s ]
NOTIC: [8] Use of undefined constant yongtu - assumed 'yongtu' E:\WebServer\wwwroot\zhuoyue\Application\Admin\Controller\ProductController.class.php 第 22 行.
NOTIC: [8] Use of undefined constant name - assumed 'name' E:\WebServer\wwwroot\zhuoyue\Application\Admin\Controller\ProductController.class.php 第 22 行.
NOTIC: [8] Use of undefined constant yongtu - assumed 'yongtu' E:\WebServer\wwwroot\zhuoyue\Application\Admin\Controller\ProductController.class.php 第 20 行.
SQL: SELECT * FROM `pro_class` WHERE ( id=11 )  [ RunTime:0.0005s ]
NOTIC: [8] Use of undefined constant yongtu - assumed 'yongtu' E:\WebServer\wwwroot\zhuoyue\Application\Admin\Controller\ProductController.class.php 第 22 行.
NOTIC: [8] Use of undefined constant name - assumed 'name' E:\WebServer\wwwroot\zhuoyue\Application\Admin\Controller\ProductController.class.php 第 22 行.
NOTIC: [8] Use of undefined constant yongtu - assumed 'yongtu' E:\WebServer\wwwroot\zhuoyue\Application\Admin\Controller\ProductController.class.php 第 20 行.
SQL: SELECT * FROM `pro_class` WHERE ( id=12 )  [ RunTime:0.0005s ]
NOTIC: [8] Use of undefined constant yongtu - assumed 'yongtu' E:\WebServer\wwwroot\zhuoyue\Application\Admin\Controller\ProductController.class.php 第 22 行.
NOTIC: [8] Use of undefined constant name - assumed 'name' E:\WebServer\wwwroot\zhuoyue\Application\Admin\Controller\ProductController.class.php 第 22 行.
NOTIC: [8] Use of undefined constant yongtu - assumed 'yongtu' E:\WebServer\wwwroot\zhuoyue\Application\Admin\Controller\ProductController.class.php 第 20 行.
SQL: SELECT * FROM `pro_class` WHERE ( id=12 )  [ RunTime:0.0005s ]
NOTIC: [8] Use of undefined constant yongtu - assumed 'yongtu' E:\WebServer\wwwroot\zhuoyue\Application\Admin\Controller\ProductController.class.php 第 22 行.
NOTIC: [8] Use of undefined constant name - assumed 'name' E:\WebServer\wwwroot\zhuoyue\Application\Admin\Controller\ProductController.class.php 第 22 行.
NOTIC: [8] Use of undefined constant yongtu - assumed 'yongtu' E:\WebServer\wwwroot\zhuoyue\Application\Admin\Controller\ProductController.class.php 第 20 行.
SQL: SELECT * FROM `pro_class` WHERE ( id=13 )  [ RunTime:0.0005s ]
NOTIC: [8] Use of undefined constant yongtu - assumed 'yongtu' E:\WebServer\wwwroot\zhuoyue\Application\Admin\Controller\ProductController.class.php 第 22 行.
NOTIC: [8] Use of undefined constant name - assumed 'name' E:\WebServer\wwwroot\zhuoyue\Application\Admin\Controller\ProductController.class.php 第 22 行.
NOTIC: [8] Use of undefined constant yongtu - assumed 'yongtu' E:\WebServer\wwwroot\zhuoyue\Application\Admin\Controller\ProductController.class.php 第 20 行.
SQL: SELECT * FROM `pro_class` WHERE ( id=11 )  [ RunTime:0.0004s ]
NOTIC: [8] Use of undefined constant yongtu - assumed 'yongtu' E:\WebServer\wwwroot\zhuoyue\Application\Admin\Controller\ProductController.class.php 第 22 行.
NOTIC: [8] Use of undefined constant name - assumed 'name' E:\WebServer\wwwroot\zhuoyue\Application\Admin\Controller\ProductController.class.php 第 22 行.
NOTIC: [8] Use of undefined constant yongtu - assumed 'yongtu' E:\WebServer\wwwroot\zhuoyue\Application\Admin\Controller\ProductController.class.php 第 20 行.
SQL: SELECT * FROM `pro_class` WHERE ( id=12 )  [ RunTime:0.0005s ]
NOTIC: [8] Use of undefined constant yongtu - assumed 'yongtu' E:\WebServer\wwwroot\zhuoyue\Application\Admin\Controller\ProductController.class.php 第 22 行.
NOTIC: [8] Use of undefined constant name - assumed 'name' E:\WebServer\wwwroot\zhuoyue\Application\Admin\Controller\ProductController.class.php 第 22 行.
NOTIC: [8] Use of undefined constant yongtu - assumed 'yongtu' E:\WebServer\wwwroot\zhuoyue\Application\Admin\Controller\ProductController.class.php 第 20 行.
SQL: SELECT * FROM `pro_class` WHERE ( id=12 )  [ RunTime:0.0005s ]
NOTIC: [8] Use of undefined constant yongtu - assumed 'yongtu' E:\WebServer\wwwroot\zhuoyue\Application\Admin\Controller\ProductController.class.php 第 22 行.
NOTIC: [8] Use of undefined constant name - assumed 'name' E:\WebServer\wwwroot\zhuoyue\Application\Admin\Controller\ProductController.class.php 第 22 行.
NOTIC: [8] Use of undefined constant yongtu - assumed 'yongtu' E:\WebServer\wwwroot\zhuoyue\Application\Admin\Controller\ProductController.class.php 第 20 行.
SQL: SELECT * FROM `pro_class` WHERE ( id=11 )  [ RunTime:0.0005s ]
NOTIC: [8] Use of undefined constant yongtu - assumed 'yongtu' E:\WebServer\wwwroot\zhuoyue\Application\Admin\Controller\ProductController.class.php 第 22 行.
NOTIC: [8] Use of undefined constant name - assumed 'name' E:\WebServer\wwwroot\zhuoyue\Application\Admin\Controller\ProductController.class.php 第 22 行.
NOTIC: [8] Use of undefined constant yongtu - assumed 'yongtu' E:\WebServer\wwwroot\zhuoyue\Application\Admin\Controller\ProductController.class.php 第 20 行.
SQL: SELECT * FROM `pro_class` WHERE ( id=11 )  [ RunTime:0.0005s ]
NOTIC: [8] Use of undefined constant yongtu - assumed 'yongtu' E:\WebServer\wwwroot\zhuoyue\Application\Admin\Controller\ProductController.class.php 第 22 行.
NOTIC: [8] Use of undefined constant name - assumed 'name' E:\WebServer\wwwroot\zhuoyue\Application\Admin\Controller\ProductController.class.php 第 22 行.
NOTIC: [8] Use of undefined constant yongtu - assumed 'yongtu' E:\WebServer\wwwroot\zhuoyue\Application\Admin\Controller\ProductController.class.php 第 20 行.
SQL: SELECT * FROM `pro_class` WHERE ( id=15 )  [ RunTime:0.0005s ]
NOTIC: [8] Use of undefined constant yongtu - assumed 'yongtu' E:\WebServer\wwwroot\zhuoyue\Application\Admin\Controller\ProductController.class.php 第 22 行.
NOTIC: [8] Use of undefined constant name - assumed 'name' E:\WebServer\wwwroot\zhuoyue\Application\Admin\Controller\ProductController.class.php 第 22 行.
NOTIC: [8] Use of undefined constant guangtongliang - assumed 'guangtongliang' E:\WebServer\wwwroot\zhuoyue\Application\Admin\Controller\ProductController.class.php 第 25 行.
SQL: SELECT * FROM `pro_class` WHERE ( id=16 )  [ RunTime:0.0005s ]
NOTIC: [8] Use of undefined constant guangtongliang - assumed 'guangtongliang' E:\WebServer\wwwroot\zhuoyue\Application\Admin\Controller\ProductController.class.php 第 27 行.
NOTIC: [8] Use of undefined constant name - assumed 'name' E:\WebServer\wwwroot\zhuoyue\Application\Admin\Controller\ProductController.class.php 第 27 行.
NOTIC: [8] Use of undefined constant guangtongliang - assumed 'guangtongliang' E:\WebServer\wwwroot\zhuoyue\Application\Admin\Controller\ProductController.class.php 第 25 行.
SQL: SELECT * FROM `pro_class` WHERE ( id=17 )  [ RunTime:0.0005s ]
NOTIC: [8] Use of undefined constant guangtongliang - assumed 'guangtongliang' E:\WebServer\wwwroot\zhuoyue\Application\Admin\Controller\ProductController.class.php 第 27 行.
NOTIC: [8] Use of undefined constant name - assumed 'name' E:\WebServer\wwwroot\zhuoyue\Application\Admin\Controller\ProductController.class.php 第 27 行.
NOTIC: [8] Use of undefined constant guangtongliang - assumed 'guangtongliang' E:\WebServer\wwwroot\zhuoyue\Application\Admin\Controller\ProductController.class.php 第 25 行.
SQL: SELECT * FROM `pro_class` WHERE ( id=18 )  [ RunTime:0.0005s ]
NOTIC: [8] Use of undefined constant guangtongliang - assumed 'guangtongliang' E:\WebServer\wwwroot\zhuoyue\Application\Admin\Controller\ProductController.class.php 第 27 行.
NOTIC: [8] Use of undefined constant name - assumed 'name' E:\WebServer\wwwroot\zhuoyue\Application\Admin\Controller\ProductController.class.php 第 27 行.
NOTIC: [8] Use of undefined constant guangtongliang - assumed 'guangtongliang' E:\WebServer\wwwroot\zhuoyue\Application\Admin\Controller\ProductController.class.php 第 25 行.
SQL: SELECT * FROM `pro_class` WHERE ( id=19 )  [ RunTime:0.0005s ]
NOTIC: [8] Use of undefined constant guangtongliang - assumed 'guangtongliang' E:\WebServer\wwwroot\zhuoyue\Application\Admin\Controller\ProductController.class.php 第 27 行.
NOTIC: [8] Use of undefined constant name - assumed 'name' E:\WebServer\wwwroot\zhuoyue\Application\Admin\Controller\ProductController.class.php 第 27 行.
NOTIC: [8] Use of undefined constant guangtongliang - assumed 'guangtongliang' E:\WebServer\wwwroot\zhuoyue\Application\Admin\Controller\ProductController.class.php 第 25 行.
SQL: SELECT * FROM `pro_class` WHERE ( id=17 )  [ RunTime:0.0004s ]
NOTIC: [8] Use of undefined constant guangtongliang - assumed 'guangtongliang' E:\WebServer\wwwroot\zhuoyue\Application\Admin\Controller\ProductController.class.php 第 27 行.
NOTIC: [8] Use of undefined constant name - assumed 'name' E:\WebServer\wwwroot\zhuoyue\Application\Admin\Controller\ProductController.class.php 第 27 行.
NOTIC: [8] Use of undefined constant guangtongliang - assumed 'guangtongliang' E:\WebServer\wwwroot\zhuoyue\Application\Admin\Controller\ProductController.class.php 第 25 行.
SQL: SELECT * FROM `pro_class` WHERE ( id=19 )  [ RunTime:0.0004s ]
NOTIC: [8] Use of undefined constant guangtongliang - assumed 'guangtongliang' E:\WebServer\wwwroot\zhuoyue\Application\Admin\Controller\ProductController.class.php 第 27 行.
NOTIC: [8] Use of undefined constant name - assumed 'name' E:\WebServer\wwwroot\zhuoyue\Application\Admin\Controller\ProductController.class.php 第 27 行.
NOTIC: [8] Use of undefined constant guangtongliang - assumed 'guangtongliang' E:\WebServer\wwwroot\zhuoyue\Application\Admin\Controller\ProductController.class.php 第 25 行.
SQL: SELECT * FROM `pro_class` WHERE ( id=18 )  [ RunTime:0.0004s ]
NOTIC: [8] Use of undefined constant guangtongliang - assumed 'guangtongliang' E:\WebServer\wwwroot\zhuoyue\Application\Admin\Controller\ProductController.class.php 第 27 行.
NOTIC: [8] Use of undefined constant name - assumed 'name' E:\WebServer\wwwroot\zhuoyue\Application\Admin\Controller\ProductController.class.php 第 27 行.
NOTIC: [8] Use of undefined constant guangtongliang - assumed 'guangtongliang' E:\WebServer\wwwroot\zhuoyue\Application\Admin\Controller\ProductController.class.php 第 25 行.
SQL: SELECT * FROM `pro_class` WHERE ( id=17 )  [ RunTime:0.0004s ]
NOTIC: [8] Use of undefined constant guangtongliang - assumed 'guangtongliang' E:\WebServer\wwwroot\zhuoyue\Application\Admin\Controller\ProductController.class.php 第 27 行.
NOTIC: [8] Use of undefined constant name - assumed 'name' E:\WebServer\wwwroot\zhuoyue\Application\Admin\Controller\ProductController.class.php 第 27 行.
NOTIC: [8] Use of undefined constant guangtongliang - assumed 'guangtongliang' E:\WebServer\wwwroot\zhuoyue\Application\Admin\Controller\ProductController.class.php 第 25 行.
SQL: SELECT * FROM `pro_class` WHERE ( id=20 )  [ RunTime:0.0005s ]
NOTIC: [8] Use of undefined constant guangtongliang - assumed 'guangtongliang' E:\WebServer\wwwroot\zhuoyue\Application\Admin\Controller\ProductController.class.php 第 27 行.
NOTIC: [8] Use of undefined constant name - assumed 'name' E:\WebServer\wwwroot\zhuoyue\Application\Admin\Controller\ProductController.class.php 第 27 行.
NOTIC: [8] Use of undefined constant guangtongliang - assumed 'guangtongliang' E:\WebServer\wwwroot\zhuoyue\Application\Admin\Controller\ProductController.class.php 第 25 行.
SQL: SELECT * FROM `pro_class` WHERE ( id=16 )  [ RunTime:0.0005s ]
NOTIC: [8] Use of undefined constant guangtongliang - assumed 'guangtongliang' E:\WebServer\wwwroot\zhuoyue\Application\Admin\Controller\ProductController.class.php 第 27 行.
NOTIC: [8] Use of undefined constant name - assumed 'name' E:\WebServer\wwwroot\zhuoyue\Application\Admin\Controller\ProductController.class.php 第 27 行.
NOTIC: [8] Use of undefined constant guangtongliang - assumed 'guangtongliang' E:\WebServer\wwwroot\zhuoyue\Application\Admin\Controller\ProductController.class.php 第 25 行.
SQL: SELECT * FROM `pro_class` WHERE ( id=17 )  [ RunTime:0.0005s ]
NOTIC: [8] Use of undefined constant guangtongliang - assumed 'guangtongliang' E:\WebServer\wwwroot\zhuoyue\Application\Admin\Controller\ProductController.class.php 第 27 行.
NOTIC: [8] Use of undefined constant name - assumed 'name' E:\WebServer\wwwroot\zhuoyue\Application\Admin\Controller\ProductController.class.php 第 27 行.
NOTIC: [8] Use of undefined constant guangtongliang - assumed 'guangtongliang' E:\WebServer\wwwroot\zhuoyue\Application\Admin\Controller\ProductController.class.php 第 25 行.
SQL: SELECT * FROM `pro_class` WHERE ( id=20 )  [ RunTime:0.0005s ]
NOTIC: [8] Use of undefined constant guangtongliang - assumed 'guangtongliang' E:\WebServer\wwwroot\zhuoyue\Application\Admin\Controller\ProductController.class.php 第 27 行.
NOTIC: [8] Use of undefined constant name - assumed 'name' E:\WebServer\wwwroot\zhuoyue\Application\Admin\Controller\ProductController.class.php 第 27 行.
NOTIC: [8] Use of undefined constant guangtongliang - assumed 'guangtongliang' E:\WebServer\wwwroot\zhuoyue\Application\Admin\Controller\ProductController.class.php 第 25 行.
SQL: SELECT * FROM `pro_class` WHERE ( id=16 )  [ RunTime:0.0005s ]
NOTIC: [8] Use of undefined constant guangtongliang - assumed 'guangtongliang' E:\WebServer\wwwroot\zhuoyue\Application\Admin\Controller\ProductController.class.php 第 27 行.
NOTIC: [8] Use of undefined constant name - assumed 'name' E:\WebServer\wwwroot\zhuoyue\Application\Admin\Controller\ProductController.class.php 第 27 行.
NOTIC: [8] Use of undefined constant guangtongliang - assumed 'guangtongliang' E:\WebServer\wwwroot\zhuoyue\Application\Admin\Controller\ProductController.class.php 第 25 行.
SQL: SELECT * FROM `pro_class` WHERE ( id=19 )  [ RunTime:0.0005s ]
NOTIC: [8] Use of undefined constant guangtongliang - assumed 'guangtongliang' E:\WebServer\wwwroot\zhuoyue\Application\Admin\Controller\ProductController.class.php 第 27 行.
NOTIC: [8] Use of undefined constant name - assumed 'name' E:\WebServer\wwwroot\zhuoyue\Application\Admin\Controller\ProductController.class.php 第 27 行.
NOTIC: [8] Use of undefined constant guangtongliang - assumed 'guangtongliang' E:\WebServer\wwwroot\zhuoyue\Application\Admin\Controller\ProductController.class.php 第 25 行.
SQL: SELECT * FROM `pro_class` WHERE ( id=20 )  [ RunTime:0.0005s ]
NOTIC: [8] Use of undefined constant guangtongliang - assumed 'guangtongliang' E:\WebServer\wwwroot\zhuoyue\Application\Admin\Controller\ProductController.class.php 第 27 行.
NOTIC: [8] Use of undefined constant name - assumed 'name' E:\WebServer\wwwroot\zhuoyue\Application\Admin\Controller\ProductController.class.php 第 27 行.
NOTIC: [8] Use of undefined constant guangtongliang - assumed 'guangtongliang' E:\WebServer\wwwroot\zhuoyue\Application\Admin\Controller\ProductController.class.php 第 25 行.
SQL: SELECT * FROM `pro_class` WHERE ( id=16 )  [ RunTime:0.0005s ]
NOTIC: [8] Use of undefined constant guangtongliang - assumed 'guangtongliang' E:\WebServer\wwwroot\zhuoyue\Application\Admin\Controller\ProductController.class.php 第 27 行.
NOTIC: [8] Use of undefined constant name - assumed 'name' E:\WebServer\wwwroot\zhuoyue\Application\Admin\Controller\ProductController.class.php 第 27 行.
NOTIC: [8] Use of undefined constant guangtongliang - assumed 'guangtongliang' E:\WebServer\wwwroot\zhuoyue\Application\Admin\Controller\ProductController.class.php 第 25 行.
SQL: SELECT * FROM `pro_class` WHERE ( id=18 )  [ RunTime:0.0005s ]
NOTIC: [8] Use of undefined constant guangtongliang - assumed 'guangtongliang' E:\WebServer\wwwroot\zhuoyue\Application\Admin\Controller\ProductController.class.php 第 27 行.
NOTIC: [8] Use of undefined constant name - assumed 'name' E:\WebServer\wwwroot\zhuoyue\Application\Admin\Controller\ProductController.class.php 第 27 行.
NOTIC: [8] Use of undefined constant guangtongliang - assumed 'guangtongliang' E:\WebServer\wwwroot\zhuoyue\Application\Admin\Controller\ProductController.class.php 第 25 行.
SQL: SELECT * FROM `pro_class` WHERE ( id=20 )  [ RunTime:0.0005s ]
NOTIC: [8] Use of undefined constant guangtongliang - assumed 'guangtongliang' E:\WebServer\wwwroot\zhuoyue\Application\Admin\Controller\ProductController.class.php 第 27 行.
NOTIC: [8] Use of undefined constant name - assumed 'name' E:\WebServer\wwwroot\zhuoyue\Application\Admin\Controller\ProductController.class.php 第 27 行.
NOTIC: [8] Use of undefined constant guangtongliang - assumed 'guangtongliang' E:\WebServer\wwwroot\zhuoyue\Application\Admin\Controller\ProductController.class.php 第 25 行.
SQL: SELECT * FROM `pro_class` WHERE ( id=16 )  [ RunTime:0.0006s ]
NOTIC: [8] Use of undefined constant guangtongliang - assumed 'guangtongliang' E:\WebServer\wwwroot\zhuoyue\Application\Admin\Controller\ProductController.class.php 第 27 行.
NOTIC: [8] Use of undefined constant name - assumed 'name' E:\WebServer\wwwroot\zhuoyue\Application\Admin\Controller\ProductController.class.php 第 27 行.
NOTIC: [8] Use of undefined constant guangtongliang - assumed 'guangtongliang' E:\WebServer\wwwroot\zhuoyue\Application\Admin\Controller\ProductController.class.php 第 25 行.
SQL: SELECT * FROM `pro_class` WHERE ( id=17 )  [ RunTime:0.0006s ]
NOTIC: [8] Use of undefined constant guangtongliang - assumed 'guangtongliang' E:\WebServer\wwwroot\zhuoyue\Application\Admin\Controller\ProductController.class.php 第 27 行.
NOTIC: [8] Use of undefined constant name - assumed 'name' E:\WebServer\wwwroot\zhuoyue\Application\Admin\Controller\ProductController.class.php 第 27 行.
NOTIC: [8] Use of undefined constant guangtongliang - assumed 'guangtongliang' E:\WebServer\wwwroot\zhuoyue\Application\Admin\Controller\ProductController.class.php 第 25 行.
SQL: SELECT * FROM `pro_class` WHERE ( id=18 )  [ RunTime:0.0006s ]
NOTIC: [8] Use of undefined constant guangtongliang - assumed 'guangtongliang' E:\WebServer\wwwroot\zhuoyue\Application\Admin\Controller\ProductController.class.php 第 27 行.
NOTIC: [8] Use of undefined constant name - assumed 'name' E:\WebServer\wwwroot\zhuoyue\Application\Admin\Controller\ProductController.class.php 第 27 行.
NOTIC: [8] Use of undefined constant guangtongliang - assumed 'guangtongliang' E:\WebServer\wwwroot\zhuoyue\Application\Admin\Controller\ProductController.class.php 第 25 行.
SQL: SELECT * FROM `pro_class` WHERE ( id=17 )  [ RunTime:0.0006s ]
NOTIC: [8] Use of undefined constant guangtongliang - assumed 'guangtongliang' E:\WebServer\wwwroot\zhuoyue\Application\Admin\Controller\ProductController.class.php 第 27 行.
NOTIC: [8] Use of undefined constant name - assumed 'name' E:\WebServer\wwwroot\zhuoyue\Application\Admin\Controller\ProductController.class.php 第 27 行.
NOTIC: [8] Use of undefined constant guangtongliang - assumed 'guangtongliang' E:\WebServer\wwwroot\zhuoyue\Application\Admin\Controller\ProductController.class.php 第 25 行.
SQL: SELECT * FROM `pro_class` WHERE ( id=16 )  [ RunTime:0.0006s ]
NOTIC: [8] Use of undefined constant guangtongliang - assumed 'guangtongliang' E:\WebServer\wwwroot\zhuoyue\Application\Admin\Controller\ProductController.class.php 第 27 行.
NOTIC: [8] Use of undefined constant name - assumed 'name' E:\WebServer\wwwroot\zhuoyue\Application\Admin\Controller\ProductController.class.php 第 27 行.
NOTIC: [8] Use of undefined constant guangtongliang - assumed 'guangtongliang' E:\WebServer\wwwroot\zhuoyue\Application\Admin\Controller\ProductController.class.php 第 25 行.
SQL: SELECT * FROM `pro_class` WHERE ( id=18 )  [ RunTime:0.0006s ]
NOTIC: [8] Use of undefined constant guangtongliang - assumed 'guangtongliang' E:\WebServer\wwwroot\zhuoyue\Application\Admin\Controller\ProductController.class.php 第 27 行.
NOTIC: [8] Use of undefined constant name - assumed 'name' E:\WebServer\wwwroot\zhuoyue\Application\Admin\Controller\ProductController.class.php 第 27 行.
INFO: [ view_parse ] --START--
INFO: [ template_filter ] --START--
INFO: Run Behavior\ContentReplaceBehavior [ RunTime:0.000056s ]
INFO: [ template_filter ] --END-- [ RunTime:0.000126s ]
INFO: Run Behavior\ParseTemplateBehavior [ RunTime:0.031592s ]
INFO: [ view_parse ] --END-- [ RunTime:0.031665s ]
INFO: [ view_filter ] --START--
INFO: Run Behavior\WriteHtmlCacheBehavior [ RunTime:0.000214s ]
INFO: [ view_filter ] --END-- [ RunTime:0.000260s ]
INFO: [ app_end ] --START--
INFO: Run Behavior\ShowPageTraceBehavior [ RunTime:0.000869s ]
INFO: [ app_end ] --END-- [ RunTime:0.000950s ]

[ 2017-11-07T14:37:23+08:00 ] 127.0.0.1 /zhuoyue/index.php/Admin/Procate/procate
INFO: [ app_init ] --START--
INFO: Run Behavior\BuildLiteBehavior [ RunTime:0.000014s ]
INFO: [ app_init ] --END-- [ RunTime:0.000375s ]
INFO: [ app_begin ] --START--
INFO: Run Behavior\ReadHtmlCacheBehavior [ RunTime:0.000514s ]
INFO: [ app_begin ] --END-- [ RunTime:0.000569s ]
SQL: SHOW COLUMNS FROM `pro_class` [ RunTime:0.0146s ]
SQL: SELECT * FROM `pro_class`  [ RunTime:0.0018s ]
INFO: [ view_parse ] --START--
INFO: [ template_filter ] --START--
INFO: Run Behavior\ContentReplaceBehavior [ RunTime:0.000204s ]
INFO: [ template_filter ] --END-- [ RunTime:0.000403s ]
INFO: Run Behavior\ParseTemplateBehavior [ RunTime:0.048945s ]
INFO: [ view_parse ] --END-- [ RunTime:0.049157s ]
INFO: [ view_filter ] --START--
INFO: Run Behavior\WriteHtmlCacheBehavior [ RunTime:0.000713s ]
INFO: [ view_filter ] --END-- [ RunTime:0.001000s ]
INFO: [ app_end ] --START--
INFO: Run Behavior\ShowPageTraceBehavior [ RunTime:0.002482s ]
INFO: [ app_end ] --END-- [ RunTime:0.002705s ]

[ 2017-11-07T14:37:26+08:00 ] 127.0.0.1 /zhuoyue/index.php/Admin/News/news
INFO: [ app_init ] --START--
INFO: Run Behavior\BuildLiteBehavior [ RunTime:0.000040s ]
INFO: [ app_init ] --END-- [ RunTime:0.000421s ]
INFO: [ app_begin ] --START--
INFO: Run Behavior\ReadHtmlCacheBehavior [ RunTime:0.000662s ]
INFO: [ app_begin ] --END-- [ RunTime:0.000720s ]
SQL: SHOW COLUMNS FROM `news` [ RunTime:0.1042s ]
SQL: SELECT * FROM `news`  [ RunTime:0.0017s ]
INFO: [ view_parse ] --START--
INFO: [ template_filter ] --START--
INFO: Run Behavior\ContentReplaceBehavior [ RunTime:0.000124s ]
INFO: [ template_filter ] --END-- [ RunTime:0.000285s ]
INFO: Run Behavior\ParseTemplateBehavior [ RunTime:0.031497s ]
INFO: [ view_parse ] --END-- [ RunTime:0.031668s ]
INFO: [ view_filter ] --START--
INFO: Run Behavior\WriteHtmlCacheBehavior [ RunTime:0.000571s ]
INFO: [ view_filter ] --END-- [ RunTime:0.000685s ]
INFO: [ app_end ] --START--
INFO: Run Behavior\ShowPageTraceBehavior [ RunTime:0.001207s ]
INFO: [ app_end ] --END-- [ RunTime:0.001323s ]

[ 2017-11-07T14:37:29+08:00 ] 127.0.0.1 /zhuoyue/index.php/Admin/Newscate/newscate
INFO: [ app_init ] --START--
INFO: Run Behavior\BuildLiteBehavior [ RunTime:0.000015s ]
INFO: [ app_init ] --END-- [ RunTime:0.000395s ]
INFO: [ app_begin ] --START--
INFO: Run Behavior\ReadHtmlCacheBehavior [ RunTime:0.000525s ]
INFO: [ app_begin ] --END-- [ RunTime:0.000591s ]
SQL: SHOW COLUMNS FROM `newscate` [ RunTime:0.0519s ]
SQL: SELECT * FROM `newscate`  [ RunTime:0.0015s ]
INFO: [ view_parse ] --START--
INFO: [ template_filter ] --START--
INFO: Run Behavior\ContentReplaceBehavior [ RunTime:0.000162s ]
INFO: [ template_filter ] --END-- [ RunTime:0.000353s ]
INFO: Run Behavior\ParseTemplateBehavior [ RunTime:0.132857s ]
INFO: [ view_parse ] --END-- [ RunTime:0.133072s ]
INFO: [ view_filter ] --START--
INFO: Run Behavior\WriteHtmlCacheBehavior [ RunTime:0.000738s ]
INFO: [ view_filter ] --END-- [ RunTime:0.000891s ]
INFO: [ app_end ] --START--
INFO: Run Behavior\ShowPageTraceBehavior [ RunTime:0.001642s ]
INFO: [ app_end ] --END-- [ RunTime:0.001804s ]

[ 2017-11-07T14:37:31+08:00 ] 127.0.0.1 /zhuoyue/index.php/Admin/Message/message
INFO: [ app_init ] --START--
INFO: Run Behavior\BuildLiteBehavior [ RunTime:0.000013s ]
INFO: [ app_init ] --END-- [ RunTime:0.000365s ]
INFO: [ app_begin ] --START--
INFO: Run Behavior\ReadHtmlCacheBehavior [ RunTime:0.000454s ]
INFO: [ app_begin ] --END-- [ RunTime:0.000509s ]
SQL: SHOW COLUMNS FROM `message` [ RunTime:0.0147s ]
SQL: SELECT * FROM `message` ORDER BY id desc  [ RunTime:0.0017s ]
INFO: [ view_parse ] --START--
INFO: [ template_filter ] --START--
INFO: Run Behavior\ContentReplaceBehavior [ RunTime:0.000117s ]
INFO: [ template_filter ] --END-- [ RunTime:0.000229s ]
INFO: Run Behavior\ParseTemplateBehavior [ RunTime:0.022426s ]
INFO: [ view_parse ] --END-- [ RunTime:0.022577s ]
INFO: [ view_filter ] --START--
INFO: Run Behavior\WriteHtmlCacheBehavior [ RunTime:0.000431s ]
INFO: [ view_filter ] --END-- [ RunTime:0.000524s ]
INFO: [ app_end ] --START--
INFO: Run Behavior\ShowPageTraceBehavior [ RunTime:0.001054s ]
INFO: [ app_end ] --END-- [ RunTime:0.001169s ]

[ 2017-11-07T14:37:34+08:00 ] 127.0.0.1 /zhuoyue/index.php/Admin/Nownews/nownews
INFO: [ app_init ] --START--
INFO: Run Behavior\BuildLiteBehavior [ RunTime:0.000014s ]
INFO: [ app_init ] --END-- [ RunTime:0.000402s ]
INFO: [ app_begin ] --START--
INFO: Run Behavior\ReadHtmlCacheBehavior [ RunTime:0.000542s ]
INFO: [ app_begin ] --END-- [ RunTime:0.000615s ]
SQL: SHOW COLUMNS FROM `session` [ RunTime:0.0058s ]
SQL: SELECT * FROM `session` WHERE ( state=1 ) ORDER BY id asc  [ RunTime:0.0010s ]
INFO: [ view_parse ] --START--
INFO: [ template_filter ] --START--
INFO: Run Behavior\ContentReplaceBehavior [ RunTime:0.000077s ]
INFO: [ template_filter ] --END-- [ RunTime:0.000151s ]
INFO: Run Behavior\ParseTemplateBehavior [ RunTime:0.008423s ]
INFO: [ view_parse ] --END-- [ RunTime:0.008517s ]
INFO: [ view_filter ] --START--
INFO: Run Behavior\WriteHtmlCacheBehavior [ RunTime:0.000327s ]
INFO: [ view_filter ] --END-- [ RunTime:0.000393s ]
INFO: [ app_end ] --START--
INFO: Run Behavior\ShowPageTraceBehavior [ RunTime:0.000628s ]
INFO: [ app_end ] --END-- [ RunTime:0.000688s ]

[ 2017-11-07T14:37:40+08:00 ] 127.0.0.1 /zhuoyue/index.php/admin/nownews/sear
INFO: [ app_init ] --START--
INFO: Run Behavior\BuildLiteBehavior [ RunTime:0.000022s ]
INFO: [ app_init ] --END-- [ RunTime:0.000696s ]
INFO: [ app_begin ] --START--
INFO: Run Behavior\ReadHtmlCacheBehavior [ RunTime:0.000791s ]
INFO: [ app_begin ] --END-- [ RunTime:0.000883s ]
SQL: SHOW COLUMNS FROM `session` [ RunTime:0.0095s ]
SQL: SELECT * FROM `session` WHERE ( states=1&&state=0 ) ORDER BY id asc LIMIT 1   [ RunTime:0.0010s ]
NOTIC: [8] Undefined offset: 0 E:\WebServer\wwwroot\zhuoyue\Application\Admin\Controller\NownewsController.class.php 第 17 行.
ERR: SQLSTATE[42000]: Syntax error or access violation: 1064 You have an error in your SQL syntax; check the manual that corresponds to your MySQL server version for the right syntax to use near ')' at line 1

[ 2017-11-07T14:37:41+08:00 ] 127.0.0.1 /zhuoyue/index.php/admin/nownews/freshes
INFO: [ app_init ] --START--
INFO: Run Behavior\BuildLiteBehavior [ RunTime:0.000021s ]
INFO: [ app_init ] --END-- [ RunTime:0.000642s ]
INFO: [ app_begin ] --START--
INFO: Run Behavior\ReadHtmlCacheBehavior [ RunTime:0.000804s ]
INFO: [ app_begin ] --END-- [ RunTime:0.000913s ]
SQL: SHOW COLUMNS FROM `msg` [ RunTime:0.0137s ]
SQL: SELECT * FROM `msg` WHERE ( goid=0 ) ORDER BY id desc LIMIT 60   [ RunTime:0.0010s ]

[ 2017-11-07T14:37:45+08:00 ] 127.0.0.1 /zhuoyue/index.php/admin/nownews/sear
INFO: [ app_init ] --START--
INFO: Run Behavior\BuildLiteBehavior [ RunTime:0.000023s ]
INFO: [ app_init ] --END-- [ RunTime:0.000557s ]
INFO: [ app_begin ] --START--
INFO: Run Behavior\ReadHtmlCacheBehavior [ RunTime:0.000624s ]
INFO: [ app_begin ] --END-- [ RunTime:0.000705s ]
SQL: SHOW COLUMNS FROM `session` [ RunTime:0.0152s ]
SQL: SELECT * FROM `session` WHERE ( states=1&&state=0 ) ORDER BY id asc LIMIT 1   [ RunTime:0.0025s ]
NOTIC: [8] Undefined offset: 0 E:\WebServer\wwwroot\zhuoyue\Application\Admin\Controller\NownewsController.class.php 第 17 行.
ERR: SQLSTATE[42000]: Syntax error or access violation: 1064 You have an error in your SQL syntax; check the manual that corresponds to your MySQL server version for the right syntax to use near ')' at line 1

[ 2017-11-07T14:37:46+08:00 ] 127.0.0.1 /zhuoyue/index.php/admin/nownews/freshes
INFO: [ app_init ] --START--
INFO: Run Behavior\BuildLiteBehavior [ RunTime:0.000023s ]
INFO: [ app_init ] --END-- [ RunTime:0.000672s ]
INFO: [ app_begin ] --START--
INFO: Run Behavior\ReadHtmlCacheBehavior [ RunTime:0.001062s ]
INFO: [ app_begin ] --END-- [ RunTime:0.001158s ]
SQL: SHOW COLUMNS FROM `msg` [ RunTime:0.0153s ]
SQL: SELECT * FROM `msg` WHERE ( goid=0 ) ORDER BY id desc LIMIT 60   [ RunTime:0.0015s ]

[ 2017-11-07T14:37:50+08:00 ] 127.0.0.1 /zhuoyue/index.php/admin/nownews/sear
INFO: [ app_init ] --START--
INFO: Run Behavior\BuildLiteBehavior [ RunTime:0.000016s ]
INFO: [ app_init ] --END-- [ RunTime:0.000475s ]
INFO: [ app_begin ] --START--
INFO: Run Behavior\ReadHtmlCacheBehavior [ RunTime:0.000857s ]
INFO: [ app_begin ] --END-- [ RunTime:0.000942s ]
SQL: SHOW COLUMNS FROM `session` [ RunTime:0.0084s ]
SQL: SELECT * FROM `session` WHERE ( states=1&&state=0 ) ORDER BY id asc LIMIT 1   [ RunTime:0.0010s ]
NOTIC: [8] Undefined offset: 0 E:\WebServer\wwwroot\zhuoyue\Application\Admin\Controller\NownewsController.class.php 第 17 行.
ERR: SQLSTATE[42000]: Syntax error or access violation: 1064 You have an error in your SQL syntax; check the manual that corresponds to your MySQL server version for the right syntax to use near ')' at line 1

[ 2017-11-07T14:37:51+08:00 ] 127.0.0.1 /zhuoyue/index.php/admin/nownews/freshes
INFO: [ app_init ] --START--
INFO: Run Behavior\BuildLiteBehavior [ RunTime:0.000036s ]
INFO: [ app_init ] --END-- [ RunTime:0.000754s ]
INFO: [ app_begin ] --START--
INFO: Run Behavior\ReadHtmlCacheBehavior [ RunTime:0.000652s ]
INFO: [ app_begin ] --END-- [ RunTime:0.000747s ]
SQL: SHOW COLUMNS FROM `msg` [ RunTime:0.0056s ]
SQL: SELECT * FROM `msg` WHERE ( goid=0 ) ORDER BY id desc LIMIT 60   [ RunTime:0.0007s ]

